#
# There is insufficient memory for the Java Runtime Environment to continue.
# Native memory allocation (malloc) failed to allocate 958576 bytes for Chunk::new
# Possible reasons:
#   The system is out of physical RAM or swap space
#   The process is running with CompressedOops enabled, and the Java Heap may be blocking the growth of the native heap
# Possible solutions:
#   Reduce memory load on the system
#   Increase physical memory or swap space
#   Check if swap backing store is full
#   Decrease Java heap size (-Xmx/-Xms)
#   Decrease number of Java threads
#   Decrease Java thread stack sizes (-Xss)
#   Set larger code cache with -XX:ReservedCodeCacheSize=
#   JVM is running with Unscaled Compressed Oops mode in which the Java heap is
#     placed in the first 4GB address space. The Java Heap base address is the
#     maximum limit for the native heap growth. Please use -XX:HeapBaseMinAddress
#     to set the Java Heap base and to place the Java Heap above 4GB virtual address.
# This output file may be truncated or incomplete.
#
#  Out of Memory Error (./open/src/hotspot/share/memory/arena.cpp:197), pid=5796, tid=11112
#
# JRE version: Java(TM) SE Runtime Environment 18.9 (11.0.8+10) (build 11.0.8+10-LTS)
# Java VM: Java HotSpot(TM) 64-Bit Server VM 18.9 (11.0.8+10-LTS, mixed mode, tiered, compressed oops, g1 gc, windows-amd64)
# No core dump will be written. Minidumps are not enabled by default on client versions of Windows
#

---------------  S U M M A R Y ------------

Command Line: -Dclassworlds.conf=D:\Descargas\NetBeansss-14\NetBeans-14\netbeans\java\maven\bin\m2.conf -Dmaven.home=D:\Descargas\NetBeansss-14\NetBeans-14\netbeans\java\maven -Dlibrary.jansi.path=D:\Descargas\NetBeansss-14\NetBeans-14\netbeans\java\maven\lib\jansi-native -Dmaven.multiModuleProjectDirectory=D:\Descargas org.codehaus.plexus.classworlds.launcher.Launcher -Dmaven.ext.class.path=D:\Descargas\NetBeansss-14\NetBeans-14\netbeans\java\maven-nblib\netbeans-eventspy.jar -Dfile.encoding=UTF-8 clean install

Host: Intel(R) Core(TM) i3-2120 CPU @ 3.30GHz, 4 cores, 3G,  Windows 10 , 64 bit Build 19041 (10.0.19041.1889)
Time: Thu Sep 29 17:41:48 2022 Hora est. Pacífico, Sudamérica elapsed time: 9 seconds (0d 0h 0m 9s)

---------------  T H R E A D  ---------------

Current thread (0x0000013efcf43800):  JavaThread "C2 CompilerThread0" daemon [_thread_in_native, id=11112, stack(0x000000397dc00000,0x000000397dd00000)]


Current CompileTask:
C2:   9005 4679       4       java.net.URLStreamHandler::parseURL (1201 bytes)

Stack: [0x000000397dc00000,0x000000397dd00000]
Native frames: (J=compiled Java code, j=interpreted, Vv=VM code, C=native code)
V  [jvm.dll+0x601aea]
V  [jvm.dll+0x737fef]
V  [jvm.dll+0x739675]
V  [jvm.dll+0x739cf3]
V  [jvm.dll+0x242848]
V  [jvm.dll+0xb999c]
V  [jvm.dll+0xb9f2c]
V  [jvm.dll+0x344162]
V  [jvm.dll+0x193099]
V  [jvm.dll+0x1fc3f2]
V  [jvm.dll+0x1fb49f]
V  [jvm.dll+0x17e0fc]
V  [jvm.dll+0x20aaa4]
V  [jvm.dll+0x208b7b]
V  [jvm.dll+0x6ff90c]
V  [jvm.dll+0x6f845c]
V  [jvm.dll+0x600d66]
C  [ucrtbase.dll+0x21bb2]
C  [KERNEL32.DLL+0x17034]
C  [ntdll.dll+0x52651]


---------------  P R O C E S S  ---------------

Threads class SMR info:
_java_thread_list=0x0000013efe4a11d0, length=11, elements={
0x0000013ef7c6e000, 0x0000013efcefc800, 0x0000013efcf2e000, 0x0000013efcf40000,
0x0000013efcf42800, 0x0000013efcf43800, 0x0000013efcf8c000, 0x0000013efcf8d800,
0x0000013efd214000, 0x0000013efd223800, 0x0000013e97f45000
}

Java Threads: ( => current thread )
  0x0000013ef7c6e000 JavaThread "main" [_thread_in_vm, id=8396, stack(0x000000397d100000,0x000000397d200000)]
  0x0000013efcefc800 JavaThread "Reference Handler" daemon [_thread_blocked, id=7380, stack(0x000000397d800000,0x000000397d900000)]
  0x0000013efcf2e000 JavaThread "Finalizer" daemon [_thread_blocked, id=10808, stack(0x000000397d900000,0x000000397da00000)]
  0x0000013efcf40000 JavaThread "Signal Dispatcher" daemon [_thread_blocked, id=7432, stack(0x000000397da00000,0x000000397db00000)]
  0x0000013efcf42800 JavaThread "Attach Listener" daemon [_thread_blocked, id=8440, stack(0x000000397db00000,0x000000397dc00000)]
=>0x0000013efcf43800 JavaThread "C2 CompilerThread0" daemon [_thread_in_native, id=11112, stack(0x000000397dc00000,0x000000397dd00000)]
  0x0000013efcf8c000 JavaThread "C1 CompilerThread0" daemon [_thread_in_native, id=916, stack(0x000000397dd00000,0x000000397de00000)]
  0x0000013efcf8d800 JavaThread "Sweeper thread" daemon [_thread_blocked, id=3368, stack(0x000000397de00000,0x000000397df00000)]
  0x0000013efd214000 JavaThread "Service Thread" daemon [_thread_blocked, id=9584, stack(0x000000397df00000,0x000000397e000000)]
  0x0000013efd223800 JavaThread "Common-Cleaner" daemon [_thread_blocked, id=3624, stack(0x000000397e100000,0x000000397e200000)]
  0x0000013e97f45000 JavaThread "C2 CompilerThread1" daemon [_thread_in_native, id=10456, stack(0x000000397e300000,0x000000397e400000)]

Other Threads:
  0x0000013efcef9000 VMThread "VM Thread" [stack: 0x000000397d700000,0x000000397d800000] [id=1316]
  0x0000013efd222000 WatcherThread [stack: 0x000000397e000000,0x000000397e100000] [id=4076]
  0x0000013ef7c80800 GCTaskThread "GC Thread#0" [stack: 0x000000397d200000,0x000000397d300000] [id=1828]
  0x0000013efd6df000 GCTaskThread "GC Thread#1" [stack: 0x000000397e200000,0x000000397e300000] [id=848]
  0x0000013ef7c99800 ConcurrentGCThread "G1 Main Marker" [stack: 0x000000397d300000,0x000000397d400000] [id=1524]
  0x0000013ef7c9b000 ConcurrentGCThread "G1 Conc#0" [stack: 0x000000397d400000,0x000000397d500000] [id=2768]
  0x0000013ef7cf1000 ConcurrentGCThread "G1 Refine#0" [stack: 0x000000397d500000,0x000000397d600000] [id=5128]
  0x0000013ef7cf3000 ConcurrentGCThread "G1 Young RemSet Sampling" [stack: 0x000000397d600000,0x000000397d700000] [id=5488]

Threads with active compile tasks:
C2 CompilerThread0   9051 4679       4       java.net.URLStreamHandler::parseURL (1201 bytes)
C1 CompilerThread0   9051 4814       3       com.sun.tools.javac.jvm.ClassReader::readPool (520 bytes)
C2 CompilerThread1   9051 4693   !   4       jdk.internal.loader.BuiltinClassLoader::loadClassOrNull (143 bytes)

VM state:not at safepoint (normal execution)

VM Mutex/Monitor currently owned by a thread: None

Heap address: 0x00000000c1800000, size: 1000 MB, Compressed Oops mode: 32-bit
Narrow klass base: 0x0000000000000000, Narrow klass shift: 3
Compressed class space size: 1073741824 Address: 0x0000000100000000

Heap:
 garbage-first heap   total 95232K, used 27184K [0x00000000c1800000, 0x0000000100000000)
  region size 1024K, 11 young (11264K), 3 survivors (3072K)
 Metaspace       used 37916K, capacity 38630K, committed 38864K, reserved 1083392K
  class space    used 4152K, capacity 4382K, committed 4480K, reserved 1048576K
Heap Regions: E=young(eden), S=young(survivor), O=old, HS=humongous(starts), HC=humongous(continues), CS=collection set, F=free, A=archive, TAMS=top-at-mark-start (previous, next)
|   0|0x00000000c1800000, 0x00000000c1900000, 0x00000000c1900000|100%| O|  |TAMS 0x00000000c1900000, 0x00000000c1800000| Untracked 
|   1|0x00000000c1900000, 0x00000000c1a00000, 0x00000000c1a00000|100%| O|  |TAMS 0x00000000c1a00000, 0x00000000c1900000| Untracked 
|   2|0x00000000c1a00000, 0x00000000c1b00000, 0x00000000c1b00000|100%| O|  |TAMS 0x00000000c1b00000, 0x00000000c1a00000| Untracked 
|   3|0x00000000c1b00000, 0x00000000c1c00000, 0x00000000c1c00000|100%| O|  |TAMS 0x00000000c1c00000, 0x00000000c1b00000| Untracked 
|   4|0x00000000c1c00000, 0x00000000c1d00000, 0x00000000c1d00000|100%| O|  |TAMS 0x00000000c1d00000, 0x00000000c1c00000| Untracked 
|   5|0x00000000c1d00000, 0x00000000c1e00000, 0x00000000c1e00000|100%| O|  |TAMS 0x00000000c1e00000, 0x00000000c1d00000| Untracked 
|   6|0x00000000c1e00000, 0x00000000c1f00000, 0x00000000c1f00000|100%| O|  |TAMS 0x00000000c1f00000, 0x00000000c1e00000| Untracked 
|   7|0x00000000c1f00000, 0x00000000c2000000, 0x00000000c2000000|100%| O|  |TAMS 0x00000000c2000000, 0x00000000c1f00000| Untracked 
|   8|0x00000000c2000000, 0x00000000c2100000, 0x00000000c2100000|100%| O|  |TAMS 0x00000000c2100000, 0x00000000c2000000| Untracked 
|   9|0x00000000c2100000, 0x00000000c2200000, 0x00000000c2200000|100%| O|  |TAMS 0x00000000c2200000, 0x00000000c2100000| Untracked 
|  10|0x00000000c2200000, 0x00000000c2300000, 0x00000000c2300000|100%| O|  |TAMS 0x00000000c2300000, 0x00000000c2200000| Untracked 
|  11|0x00000000c2300000, 0x00000000c2400000, 0x00000000c2400000|100%| O|  |TAMS 0x00000000c2400000, 0x00000000c2300000| Untracked 
|  12|0x00000000c2400000, 0x00000000c2500000, 0x00000000c2500000|100%| O|  |TAMS 0x00000000c2500000, 0x00000000c2400000| Untracked 
|  13|0x00000000c2500000, 0x00000000c2600000, 0x00000000c2600000|100%| O|  |TAMS 0x00000000c2600000, 0x00000000c2500000| Untracked 
|  14|0x00000000c2600000, 0x00000000c2700000, 0x00000000c2700000|100%| O|  |TAMS 0x00000000c2700000, 0x00000000c2600000| Untracked 
|  15|0x00000000c2700000, 0x00000000c2800000, 0x00000000c2800000|100%|HS|  |TAMS 0x00000000c2700000, 0x00000000c2700000| Complete 
|  16|0x00000000c2800000, 0x00000000c2900000, 0x00000000c2900000|100%| O|  |TAMS 0x00000000c2900000, 0x00000000c2800000| Untracked 
|  17|0x00000000c2900000, 0x00000000c292a400, 0x00000000c2a00000| 16%| O|  |TAMS 0x00000000c292a400, 0x00000000c2900000| Untracked 
|  18|0x00000000c2a00000, 0x00000000c2a00000, 0x00000000c2b00000|  0%| F|  |TAMS 0x00000000c2a00000, 0x00000000c2a00000| Untracked 
|  19|0x00000000c2b00000, 0x00000000c2b00000, 0x00000000c2c00000|  0%| F|  |TAMS 0x00000000c2b00000, 0x00000000c2b00000| Untracked 
|  20|0x00000000c2c00000, 0x00000000c2c00000, 0x00000000c2d00000|  0%| F|  |TAMS 0x00000000c2c00000, 0x00000000c2c00000| Untracked 
|  21|0x00000000c2d00000, 0x00000000c2d00000, 0x00000000c2e00000|  0%| F|  |TAMS 0x00000000c2d00000, 0x00000000c2d00000| Untracked 
|  22|0x00000000c2e00000, 0x00000000c2e00000, 0x00000000c2f00000|  0%| F|  |TAMS 0x00000000c2e00000, 0x00000000c2e00000| Untracked 
|  23|0x00000000c2f00000, 0x00000000c2f00000, 0x00000000c3000000|  0%| F|  |TAMS 0x00000000c2f00000, 0x00000000c2f00000| Untracked 
|  24|0x00000000c3000000, 0x00000000c3000000, 0x00000000c3100000|  0%| F|  |TAMS 0x00000000c3000000, 0x00000000c3000000| Untracked 
|  25|0x00000000c3100000, 0x00000000c3100000, 0x00000000c3200000|  0%| F|  |TAMS 0x00000000c3100000, 0x00000000c3100000| Untracked 
|  26|0x00000000c3200000, 0x00000000c3200000, 0x00000000c3300000|  0%| F|  |TAMS 0x00000000c3200000, 0x00000000c3200000| Untracked 
|  27|0x00000000c3300000, 0x00000000c3300000, 0x00000000c3400000|  0%| F|  |TAMS 0x00000000c3300000, 0x00000000c3300000| Untracked 
|  28|0x00000000c3400000, 0x00000000c3400000, 0x00000000c3500000|  0%| F|  |TAMS 0x00000000c3400000, 0x00000000c3400000| Untracked 
|  29|0x00000000c3500000, 0x00000000c3500000, 0x00000000c3600000|  0%| F|  |TAMS 0x00000000c3500000, 0x00000000c3500000| Untracked 
|  30|0x00000000c3600000, 0x00000000c3600000, 0x00000000c3700000|  0%| F|  |TAMS 0x00000000c3600000, 0x00000000c3600000| Untracked 
|  31|0x00000000c3700000, 0x00000000c3700000, 0x00000000c3800000|  0%| F|  |TAMS 0x00000000c3700000, 0x00000000c3700000| Untracked 
|  32|0x00000000c3800000, 0x00000000c3800000, 0x00000000c3900000|  0%| F|  |TAMS 0x00000000c3800000, 0x00000000c3800000| Untracked 
|  33|0x00000000c3900000, 0x00000000c3900000, 0x00000000c3a00000|  0%| F|  |TAMS 0x00000000c3900000, 0x00000000c3900000| Untracked 
|  34|0x00000000c3a00000, 0x00000000c3a00000, 0x00000000c3b00000|  0%| F|  |TAMS 0x00000000c3a00000, 0x00000000c3a00000| Untracked 
|  35|0x00000000c3b00000, 0x00000000c3b00000, 0x00000000c3c00000|  0%| F|  |TAMS 0x00000000c3b00000, 0x00000000c3b00000| Untracked 
|  36|0x00000000c3c00000, 0x00000000c3c00000, 0x00000000c3d00000|  0%| F|  |TAMS 0x00000000c3c00000, 0x00000000c3c00000| Untracked 
|  37|0x00000000c3d00000, 0x00000000c3d00000, 0x00000000c3e00000|  0%| F|  |TAMS 0x00000000c3d00000, 0x00000000c3d00000| Untracked 
|  38|0x00000000c3e00000, 0x00000000c3e00000, 0x00000000c3f00000|  0%| F|  |TAMS 0x00000000c3e00000, 0x00000000c3e00000| Untracked 
|  39|0x00000000c3f00000, 0x00000000c3f00000, 0x00000000c4000000|  0%| F|  |TAMS 0x00000000c3f00000, 0x00000000c3f00000| Untracked 
|  40|0x00000000c4000000, 0x00000000c4000000, 0x00000000c4100000|  0%| F|  |TAMS 0x00000000c4000000, 0x00000000c4000000| Untracked 
|  41|0x00000000c4100000, 0x00000000c4100000, 0x00000000c4200000|  0%| F|  |TAMS 0x00000000c4100000, 0x00000000c4100000| Untracked 
|  42|0x00000000c4200000, 0x00000000c4200000, 0x00000000c4300000|  0%| F|  |TAMS 0x00000000c4200000, 0x00000000c4200000| Untracked 
|  43|0x00000000c4300000, 0x00000000c4300000, 0x00000000c4400000|  0%| F|  |TAMS 0x00000000c4300000, 0x00000000c4300000| Untracked 
|  44|0x00000000c4400000, 0x00000000c4400000, 0x00000000c4500000|  0%| F|  |TAMS 0x00000000c4400000, 0x00000000c4400000| Untracked 
|  45|0x00000000c4500000, 0x00000000c4500000, 0x00000000c4600000|  0%| F|  |TAMS 0x00000000c4500000, 0x00000000c4500000| Untracked 
|  46|0x00000000c4600000, 0x00000000c4600000, 0x00000000c4700000|  0%| F|  |TAMS 0x00000000c4600000, 0x00000000c4600000| Untracked 
|  47|0x00000000c4700000, 0x00000000c4700000, 0x00000000c4800000|  0%| F|  |TAMS 0x00000000c4700000, 0x00000000c4700000| Untracked 
|  48|0x00000000c4800000, 0x00000000c4800000, 0x00000000c4900000|  0%| F|  |TAMS 0x00000000c4800000, 0x00000000c4800000| Untracked 
|  49|0x00000000c4900000, 0x00000000c4900000, 0x00000000c4a00000|  0%| F|  |TAMS 0x00000000c4900000, 0x00000000c4900000| Untracked 
|  50|0x00000000c4a00000, 0x00000000c4a00000, 0x00000000c4b00000|  0%| F|  |TAMS 0x00000000c4a00000, 0x00000000c4a00000| Untracked 
|  51|0x00000000c4b00000, 0x00000000c4b00000, 0x00000000c4c00000|  0%| F|  |TAMS 0x00000000c4b00000, 0x00000000c4b00000| Untracked 
|  52|0x00000000c4c00000, 0x00000000c4c00000, 0x00000000c4d00000|  0%| F|  |TAMS 0x00000000c4c00000, 0x00000000c4c00000| Untracked 
|  53|0x00000000c4d00000, 0x00000000c4d00000, 0x00000000c4e00000|  0%| F|  |TAMS 0x00000000c4d00000, 0x00000000c4d00000| Untracked 
|  54|0x00000000c4e00000, 0x00000000c4e00000, 0x00000000c4f00000|  0%| F|  |TAMS 0x00000000c4e00000, 0x00000000c4e00000| Untracked 
|  55|0x00000000c4f00000, 0x00000000c4f00000, 0x00000000c5000000|  0%| F|  |TAMS 0x00000000c4f00000, 0x00000000c4f00000| Untracked 
|  56|0x00000000c5000000, 0x00000000c5000000, 0x00000000c5100000|  0%| F|  |TAMS 0x00000000c5000000, 0x00000000c5000000| Untracked 
|  57|0x00000000c5100000, 0x00000000c5100000, 0x00000000c5200000|  0%| F|  |TAMS 0x00000000c5100000, 0x00000000c5100000| Untracked 
|  58|0x00000000c5200000, 0x00000000c5200000, 0x00000000c5300000|  0%| F|  |TAMS 0x00000000c5200000, 0x00000000c5200000| Untracked 
|  59|0x00000000c5300000, 0x00000000c5300000, 0x00000000c5400000|  0%| F|  |TAMS 0x00000000c5300000, 0x00000000c5300000| Untracked 
|  60|0x00000000c5400000, 0x00000000c5400000, 0x00000000c5500000|  0%| F|  |TAMS 0x00000000c5400000, 0x00000000c5400000| Untracked 
|  61|0x00000000c5500000, 0x00000000c5500000, 0x00000000c5600000|  0%| F|  |TAMS 0x00000000c5500000, 0x00000000c5500000| Untracked 
|  62|0x00000000c5600000, 0x00000000c5600000, 0x00000000c5700000|  0%| F|  |TAMS 0x00000000c5600000, 0x00000000c5600000| Untracked 
|  63|0x00000000c5700000, 0x00000000c5700000, 0x00000000c5800000|  0%| F|  |TAMS 0x00000000c5700000, 0x00000000c5700000| Untracked 
|  64|0x00000000c5800000, 0x00000000c5800000, 0x00000000c5900000|  0%| F|  |TAMS 0x00000000c5800000, 0x00000000c5800000| Untracked 
|  65|0x00000000c5900000, 0x00000000c5900000, 0x00000000c5a00000|  0%| F|  |TAMS 0x00000000c5900000, 0x00000000c5900000| Untracked 
|  66|0x00000000c5a00000, 0x00000000c5a00000, 0x00000000c5b00000|  0%| F|  |TAMS 0x00000000c5a00000, 0x00000000c5a00000| Untracked 
|  67|0x00000000c5b00000, 0x00000000c5b00000, 0x00000000c5c00000|  0%| F|  |TAMS 0x00000000c5b00000, 0x00000000c5b00000| Untracked 
|  68|0x00000000c5c00000, 0x00000000c5c00000, 0x00000000c5d00000|  0%| F|  |TAMS 0x00000000c5c00000, 0x00000000c5c00000| Untracked 
|  69|0x00000000c5d00000, 0x00000000c5d00000, 0x00000000c5e00000|  0%| F|  |TAMS 0x00000000c5d00000, 0x00000000c5d00000| Untracked 
|  70|0x00000000c5e00000, 0x00000000c5e00000, 0x00000000c5f00000|  0%| F|  |TAMS 0x00000000c5e00000, 0x00000000c5e00000| Untracked 
|  71|0x00000000c5f00000, 0x00000000c5f00000, 0x00000000c6000000|  0%| F|  |TAMS 0x00000000c5f00000, 0x00000000c5f00000| Untracked 
|  72|0x00000000c6000000, 0x00000000c6000000, 0x00000000c6100000|  0%| F|  |TAMS 0x00000000c6000000, 0x00000000c6000000| Untracked 
|  73|0x00000000c6100000, 0x00000000c6100000, 0x00000000c6200000|  0%| F|  |TAMS 0x00000000c6100000, 0x00000000c6100000| Untracked 
|  74|0x00000000c6200000, 0x00000000c6200000, 0x00000000c6300000|  0%| F|  |TAMS 0x00000000c6200000, 0x00000000c6200000| Untracked 
|  75|0x00000000c6300000, 0x00000000c6300000, 0x00000000c6400000|  0%| F|  |TAMS 0x00000000c6300000, 0x00000000c6300000| Untracked 
|  76|0x00000000c6400000, 0x00000000c6400000, 0x00000000c6500000|  0%| F|  |TAMS 0x00000000c6400000, 0x00000000c6400000| Untracked 
|  77|0x00000000c6500000, 0x00000000c6500000, 0x00000000c6600000|  0%| F|  |TAMS 0x00000000c6500000, 0x00000000c6500000| Untracked 
|  78|0x00000000c6600000, 0x00000000c6600000, 0x00000000c6700000|  0%| F|  |TAMS 0x00000000c6600000, 0x00000000c6600000| Untracked 
|  79|0x00000000c6700000, 0x00000000c6700000, 0x00000000c6800000|  0%| F|  |TAMS 0x00000000c6700000, 0x00000000c6700000| Untracked 
|  80|0x00000000c6800000, 0x00000000c6800000, 0x00000000c6900000|  0%| F|  |TAMS 0x00000000c6800000, 0x00000000c6800000| Untracked 
|  81|0x00000000c6900000, 0x00000000c6900000, 0x00000000c6a00000|  0%| F|  |TAMS 0x00000000c6900000, 0x00000000c6900000| Untracked 
|  82|0x00000000c6a00000, 0x00000000c6a80800, 0x00000000c6b00000| 50%| E|  |TAMS 0x00000000c6a00000, 0x00000000c6a00000| Complete 
|  83|0x00000000c6b00000, 0x00000000c6c00000, 0x00000000c6c00000|100%| E|CS|TAMS 0x00000000c6b00000, 0x00000000c6b00000| Complete 
|  84|0x00000000c6c00000, 0x00000000c6d00000, 0x00000000c6d00000|100%| E|CS|TAMS 0x00000000c6c00000, 0x00000000c6c00000| Complete 
|  85|0x00000000c6d00000, 0x00000000c6d61c10, 0x00000000c6e00000| 38%| S|CS|TAMS 0x00000000c6d00000, 0x00000000c6d00000| Complete 
|  86|0x00000000c6e00000, 0x00000000c6f00000, 0x00000000c6f00000|100%| S|CS|TAMS 0x00000000c6e00000, 0x00000000c6e00000| Complete 
|  87|0x00000000c6f00000, 0x00000000c7000000, 0x00000000c7000000|100%| S|CS|TAMS 0x00000000c6f00000, 0x00000000c6f00000| Complete 
|  88|0x00000000c7000000, 0x00000000c7100000, 0x00000000c7100000|100%| E|CS|TAMS 0x00000000c7000000, 0x00000000c7000000| Complete 
|  89|0x00000000c7100000, 0x00000000c7200000, 0x00000000c7200000|100%| E|CS|TAMS 0x00000000c7100000, 0x00000000c7100000| Complete 
|  90|0x00000000c7200000, 0x00000000c7300000, 0x00000000c7300000|100%| E|CS|TAMS 0x00000000c7200000, 0x00000000c7200000| Complete 
|  91|0x00000000c7300000, 0x00000000c7400000, 0x00000000c7400000|100%| E|CS|TAMS 0x00000000c7300000, 0x00000000c7300000| Complete 
|  92|0x00000000c7400000, 0x00000000c7500000, 0x00000000c7500000|100%| E|CS|TAMS 0x00000000c7400000, 0x00000000c7400000| Complete 

Card table byte_map: [0x0000013ef7f50000,0x0000013ef8150000] _byte_map_base: 0x0000013ef7944000

Marking Bits (Prev, Next): (CMBitMap*) 0x0000013ef7c94ff8, (CMBitMap*) 0x0000013ef7c95030
 Prev Bits: [0x0000013ef8350000, 0x0000013ef92f0000)
 Next Bits: [0x0000013ef92f0000, 0x0000013efa290000)

Polling page: 0x0000013ef5a10000

Metaspace:

Usage:
  Non-class:     33.45 MB capacity,    32.98 MB ( 99%) used,   417.38 KB (  1%) free+waste,    55.75 KB ( <1%) overhead. 
      Class:      4.28 MB capacity,     4.06 MB ( 95%) used,   206.19 KB (  5%) free+waste,    23.00 KB ( <1%) overhead. 
       Both:     37.73 MB capacity,    37.04 MB ( 98%) used,   623.57 KB (  2%) free+waste,    78.75 KB ( <1%) overhead. 

Virtual space:
  Non-class space:       34.00 MB reserved,      33.58 MB ( 99%) committed 
      Class space:        1.00 GB reserved,       4.38 MB ( <1%) committed 
             Both:        1.03 GB reserved,      37.95 MB (  4%) committed 

Chunk freelists:
   Non-Class:  896 bytes
       Class:  256 bytes
        Both:  1.13 KB

CodeHeap 'non-profiled nmethods': size=120064Kb used=2323Kb max_used=2345Kb free=117740Kb
 bounds [0x0000013e8fdf0000, 0x0000013e90060000, 0x0000013e97330000]
CodeHeap 'profiled nmethods': size=120000Kb used=10705Kb max_used=11179Kb free=109294Kb
 bounds [0x0000013e888c0000, 0x0000013e893b0000, 0x0000013e8fdf0000]
CodeHeap 'non-nmethods': size=5696Kb used=1171Kb max_used=1205Kb free=4524Kb
 bounds [0x0000013e88330000, 0x0000013e885a0000, 0x0000013e888c0000]
 total_blobs=5103 nmethods=4596 adapters=418
 compilation: enabled
              stopped_count=0, restarted_count=0
 full_count=0

Compilation events (10 events):
Event: 8.998 Thread 0x0000013efcf8c000 nmethod 4749 0x0000013e8fdfb910 code [0x0000013e8fdfbaa0, 0x0000013e8fdfbbb8]
Event: 8.999 Thread 0x0000013efcf8c000 4750       1       jdk.internal.jimage.BasicImageReader::getStrings (5 bytes)
Event: 8.999 Thread 0x0000013efcf8c000 nmethod 4750 0x0000013e8fdfc990 code [0x0000013e8fdfcb20, 0x0000013e8fdfcc38]
Event: 9.000 Thread 0x0000013efcf8c000 4751       3       jdk.internal.jimage.ImageLocation::getModuleOffset (7 bytes)
Event: 9.001 Thread 0x0000013efcf8c000 nmethod 4751 0x0000013e888c3790 code [0x0000013e888c3940, 0x0000013e888c3af0]
Event: 9.001 Thread 0x0000013efcf8c000 4752       3       jdk.internal.jimage.ImageLocation::getModule (6 bytes)
Event: 9.001 Thread 0x0000013efcf8c000 nmethod 4752 0x0000013e888c5510 code [0x0000013e888c56c0, 0x0000013e888c5870]
Event: 9.001 Thread 0x0000013efcf8c000 4753       3       jdk.internal.jimage.ImageLocation::getParentOffset (7 bytes)
Event: 9.001 Thread 0x0000013efcf8c000 nmethod 4753 0x0000013e888c8610 code [0x0000013e888c87c0, 0x0000013e888c8970]
Event: 9.002 Thread 0x0000013efcf8c000 4754       3       java.nio.ByteBuffer::wrap (8 bytes)

GC Heap History (10 events):
Event: 6.677 GC heap before
{Heap before GC invocations=7 (full 0):
 garbage-first heap   total 78848K, used 42717K [0x00000000c1800000, 0x0000000100000000)
  region size 1024K, 33 young (33792K), 4 survivors (4096K)
 Metaspace       used 29025K, capacity 29461K, committed 29616K, reserved 1075200K
  class space    used 3157K, capacity 3323K, committed 3328K, reserved 1048576K
}
Event: 6.694 GC heap after
{Heap after GC invocations=8 (full 0):
 garbage-first heap   total 78848K, used 16034K [0x00000000c1800000, 0x0000000100000000)
  region size 1024K, 3 young (3072K), 3 survivors (3072K)
 Metaspace       used 29025K, capacity 29461K, committed 29616K, reserved 1075200K
  class space    used 3157K, capacity 3323K, committed 3328K, reserved 1048576K
}
Event: 7.536 GC heap before
{Heap before GC invocations=8 (full 0):
 garbage-first heap   total 78848K, used 45730K [0x00000000c1800000, 0x0000000100000000)
  region size 1024K, 32 young (32768K), 3 survivors (3072K)
 Metaspace       used 29939K, capacity 30398K, committed 30512K, reserved 1077248K
  class space    used 3229K, capacity 3399K, committed 3456K, reserved 1048576K
}
Event: 7.547 GC heap after
{Heap after GC invocations=9 (full 0):
 garbage-first heap   total 78848K, used 16797K [0x00000000c1800000, 0x0000000100000000)
  region size 1024K, 2 young (2048K), 2 survivors (2048K)
 Metaspace       used 29939K, capacity 30398K, committed 30512K, reserved 1077248K
  class space    used 3229K, capacity 3399K, committed 3456K, reserved 1048576K
}
Event: 8.352 GC heap before
{Heap before GC invocations=9 (full 0):
 garbage-first heap   total 78848K, used 48541K [0x00000000c1800000, 0x0000000100000000)
  region size 1024K, 32 young (32768K), 2 survivors (2048K)
 Metaspace       used 32829K, capacity 33432K, committed 33584K, reserved 1079296K
  class space    used 3518K, capacity 3689K, committed 3712K, reserved 1048576K
}
Event: 8.361 GC heap after
{Heap after GC invocations=10 (full 0):
 garbage-first heap   total 95232K, used 19576K [0x00000000c1800000, 0x0000000100000000)
  region size 1024K, 4 young (4096K), 4 survivors (4096K)
 Metaspace       used 32829K, capacity 33432K, committed 33584K, reserved 1079296K
  class space    used 3518K, capacity 3689K, committed 3712K, reserved 1048576K
}
Event: 8.425 GC heap before
{Heap before GC invocations=10 (full 0):
 garbage-first heap   total 95232K, used 55416K [0x00000000c1800000, 0x0000000100000000)
  region size 1024K, 40 young (40960K), 4 survivors (4096K)
 Metaspace       used 32838K, capacity 33432K, committed 33584K, reserved 1079296K
  class space    used 3519K, capacity 3689K, committed 3712K, reserved 1048576K
}
Event: 8.431 GC heap after
{Heap after GC invocations=11 (full 0):
 garbage-first heap   total 95232K, used 18601K [0x00000000c1800000, 0x0000000100000000)
  region size 1024K, 2 young (2048K), 2 survivors (2048K)
 Metaspace       used 32838K, capacity 33432K, committed 33584K, reserved 1079296K
  class space    used 3519K, capacity 3689K, committed 3712K, reserved 1048576K
}
Event: 8.626 GC heap before
{Heap before GC invocations=11 (full 0):
 garbage-first heap   total 95232K, used 22697K [0x00000000c1800000, 0x0000000100000000)
  region size 1024K, 7 young (7168K), 2 survivors (2048K)
 Metaspace       used 35226K, capacity 35803K, committed 35920K, reserved 1081344K
  class space    used 3843K, capacity 4034K, committed 4096K, reserved 1048576K
}
Event: 8.631 GC heap after
{Heap after GC invocations=12 (full 0):
 garbage-first heap   total 95232K, used 18992K [0x00000000c1800000, 0x0000000100000000)
  region size 1024K, 3 young (3072K), 3 survivors (3072K)
 Metaspace       used 35226K, capacity 35803K, committed 35920K, reserved 1081344K
  class space    used 3843K, capacity 4034K, committed 4096K, reserved 1048576K
}

Deoptimization events (10 events):
Event: 7.940 Thread 0x0000013ef7c6e000 Uncommon trap: reason=unloaded action=reinterpret pc=0x0000013e8fe2e688 method=java.util.jar.JarFile.checkForSpecialAttributes()V @ 99 c2
Event: 7.943 Thread 0x0000013ef7c6e000 Uncommon trap: reason=unloaded action=reinterpret pc=0x0000013e8fe22418 method=java.util.jar.JarFile.checkForSpecialAttributes()V @ 99 c2
Event: 7.945 Thread 0x0000013ef7c6e000 Uncommon trap: reason=profile_predicate action=maybe_recompile pc=0x0000013e90009924 method=java.util.regex.Pattern$Slice.match(Ljava/util/regex/Matcher;ILjava/lang/CharSequence;)Z @ 18 c2
Event: 7.945 Thread 0x0000013ef7c6e000 Uncommon trap: reason=profile_predicate action=maybe_recompile pc=0x0000013e90009924 method=java.util.regex.Pattern$Slice.match(Ljava/util/regex/Matcher;ILjava/lang/CharSequence;)Z @ 18 c2
Event: 7.945 Thread 0x0000013ef7c6e000 Uncommon trap: reason=profile_predicate action=maybe_recompile pc=0x0000013e90009924 method=java.util.regex.Pattern$Slice.match(Ljava/util/regex/Matcher;ILjava/lang/CharSequence;)Z @ 18 c2
Event: 7.945 Thread 0x0000013ef7c6e000 Uncommon trap: reason=profile_predicate action=maybe_recompile pc=0x0000013e90009924 method=java.util.regex.Pattern$Slice.match(Ljava/util/regex/Matcher;ILjava/lang/CharSequence;)Z @ 18 c2
Event: 7.950 Thread 0x0000013ef7c6e000 Uncommon trap: reason=unstable_if action=reinterpret pc=0x0000013e8fe30784 method=java.util.jar.JarFile.isMultiRelease()Z @ 4 c2
Event: 8.350 Thread 0x0000013ef7c6e000 Uncommon trap: reason=unstable_if action=reinterpret pc=0x0000013e8ff8101c method=java.util.zip.InflaterInputStream.read([BII)I @ 41 c2
Event: 8.828 Thread 0x0000013ef7c6e000 Uncommon trap: reason=class_check action=maybe_recompile pc=0x0000013e8fe1e8a0 method=jdk.internal.loader.URLClassPath.getLoader(I)Ljdk/internal/loader/URLClassPath$Loader; @ 88 c2
Event: 8.837 Thread 0x0000013ef7c6e000 Uncommon trap: reason=unstable_if action=reinterpret pc=0x0000013e8fe1ec8c method=java.util.HashMap.putVal(ILjava/lang/Object;Ljava/lang/Object;ZZ)Ljava/lang/Object; @ 181 c2

Classes redefined (0 events):
No events

Internal exceptions (10 events):
Event: 8.700 Thread 0x0000013ef7c6e000 Exception <a 'java/lang/NoSuchMethodError'{0x00000000c748c920}: java.lang.invoke.DirectMethodHandle$Holder.invokeVirtual(Ljava/lang/Object;Ljava/lang/Object;)I> (0x00000000c748c920) thrown at [./open/src/hotspot/share/interpreter/linkResolver.cpp, line 77
Event: 8.715 Thread 0x0000013ef7c6e000 Exception <a 'java/lang/NoSuchMethodError'{0x00000000c74bb248}: java.lang.invoke.Invokers$Holder.linkToTargetMethod(Ljava/lang/Object;Ljava/lang/Object;Ljava/lang/Object;Ljava/lang/Object;Ljava/lang/Object;Ljava/lang/Object;)Ljava/lang/Object;> (0x0000000
Event: 8.732 Thread 0x0000013ef7c6e000 Exception <a 'sun/nio/fs/WindowsException'{0x00000000c74e7508}> (0x00000000c74e7508) thrown at [./open/src/hotspot/share/prims/jni.cpp, line 611]
Event: 8.732 Thread 0x0000013ef7c6e000 Exception <a 'sun/nio/fs/WindowsException'{0x00000000c74e77c8}> (0x00000000c74e77c8) thrown at [./open/src/hotspot/share/prims/jni.cpp, line 611]
Event: 8.956 Thread 0x0000013ef7c6e000 Exception <a 'sun/nio/fs/WindowsException'{0x00000000c6b36bb8}> (0x00000000c6b36bb8) thrown at [./open/src/hotspot/share/prims/jni.cpp, line 611]
Event: 8.956 Thread 0x0000013ef7c6e000 Exception <a 'sun/nio/fs/WindowsException'{0x00000000c6b370a8}> (0x00000000c6b370a8) thrown at [./open/src/hotspot/share/prims/jni.cpp, line 611]
Event: 8.956 Thread 0x0000013ef7c6e000 Exception <a 'sun/nio/fs/WindowsException'{0x00000000c6b383b0}> (0x00000000c6b383b0) thrown at [./open/src/hotspot/share/prims/jni.cpp, line 611]
Event: 8.956 Thread 0x0000013ef7c6e000 Exception <a 'sun/nio/fs/WindowsException'{0x00000000c6b38920}> (0x00000000c6b38920) thrown at [./open/src/hotspot/share/prims/jni.cpp, line 611]
Event: 8.957 Thread 0x0000013ef7c6e000 Exception <a 'sun/nio/fs/WindowsException'{0x00000000c6b39ce0}> (0x00000000c6b39ce0) thrown at [./open/src/hotspot/share/prims/jni.cpp, line 611]
Event: 8.957 Thread 0x0000013ef7c6e000 Exception <a 'sun/nio/fs/WindowsException'{0x00000000c6b3a1e0}> (0x00000000c6b3a1e0) thrown at [./open/src/hotspot/share/prims/jni.cpp, line 611]

Events (10 events):
Event: 8.999 Thread 0x0000013efcf8d800 flushing nmethod 0x0000013e88afd790
Event: 8.999 Thread 0x0000013efcf8d800 flushing nmethod 0x0000013e88b09c90
Event: 8.999 Thread 0x0000013efcf8d800 flushing nmethod 0x0000013e88b17290
Event: 8.999 Thread 0x0000013efcf8d800 flushing nmethod 0x0000013e88b17e10
Event: 8.999 Thread 0x0000013efcf8d800 flushing nmethod 0x0000013e88b1e690
Event: 8.999 Thread 0x0000013efcf8d800 flushing nmethod 0x0000013e88b4e310
Event: 8.999 Thread 0x0000013efcf8d800 flushing nmethod 0x0000013e88b4eb10
Event: 8.999 Thread 0x0000013efcf8d800 flushing nmethod 0x0000013e88b5ad90
Event: 9.000 Thread 0x0000013efcf8d800 flushing nmethod 0x0000013e88d33c10
Event: 9.001 Thread 0x0000013efcf8d800 flushing nmethod 0x0000013e88e96b10


Dynamic libraries:
0x00007ff663970000 - 0x00007ff66397f000 	D:\Descargas\IDAT -- CICLO5\prof.Huapalla\jdk-11.0.8\bin\java.exe
0x00007fffdd110000 - 0x00007fffdd308000 	C:\Windows\SYSTEM32\ntdll.dll
0x00007fffdc8b0000 - 0x00007fffdc96d000 	C:\Windows\System32\KERNEL32.DLL
0x00007fffdabb0000 - 0x00007fffdae7e000 	C:\Windows\System32\KERNELBASE.dll
0x00007fffda900000 - 0x00007fffdaa00000 	C:\Windows\System32\ucrtbase.dll
0x00007fffd6570000 - 0x00007fffd6588000 	D:\Descargas\IDAT -- CICLO5\prof.Huapalla\jdk-11.0.8\bin\jli.dll
0x00007fffcfa60000 - 0x00007fffcfa75000 	D:\Descargas\IDAT -- CICLO5\prof.Huapalla\jdk-11.0.8\bin\VCRUNTIME140.dll
0x00007fffdb950000 - 0x00007fffdb9fe000 	C:\Windows\System32\ADVAPI32.dll
0x00007fffdb340000 - 0x00007fffdb3de000 	C:\Windows\System32\msvcrt.dll
0x00007fffdbb30000 - 0x00007fffdbbcc000 	C:\Windows\System32\sechost.dll
0x00007fffdcfa0000 - 0x00007fffdd0c5000 	C:\Windows\System32\RPCRT4.dll
0x00007fffdbce0000 - 0x00007fffdbe80000 	C:\Windows\System32\USER32.dll
0x00007fffc55d0000 - 0x00007fffc586a000 	C:\Windows\WinSxS\amd64_microsoft.windows.common-controls_6595b64144ccf1df_6.0.19041.1110_none_60b5254171f9507e\COMCTL32.dll
0x00007fffdab10000 - 0x00007fffdab32000 	C:\Windows\System32\win32u.dll
0x00007fffdb920000 - 0x00007fffdb94a000 	C:\Windows\System32\GDI32.dll
0x00007fffdaa00000 - 0x00007fffdab0b000 	C:\Windows\System32\gdi32full.dll
0x00007fffda830000 - 0x00007fffda8cd000 	C:\Windows\System32\msvcp_win.dll
0x00007fffce590000 - 0x00007fffce59a000 	C:\Windows\SYSTEM32\VERSION.dll
0x00007fffdc970000 - 0x00007fffdc9a0000 	C:\Windows\System32\IMM32.DLL
0x00007fffa4500000 - 0x00007fffa459b000 	D:\Descargas\IDAT -- CICLO5\prof.Huapalla\jdk-11.0.8\bin\msvcp140.dll
0x00007fff7e3e0000 - 0x00007fff7eec6000 	D:\Descargas\IDAT -- CICLO5\prof.Huapalla\jdk-11.0.8\bin\server\jvm.dll
0x00007fffdb7a0000 - 0x00007fffdb7a8000 	C:\Windows\System32\PSAPI.DLL
0x00007fffbbd70000 - 0x00007fffbbd79000 	C:\Windows\SYSTEM32\WSOCK32.dll
0x00007fffc71c0000 - 0x00007fffc71e7000 	C:\Windows\SYSTEM32\WINMM.dll
0x00007fffdb7c0000 - 0x00007fffdb82b000 	C:\Windows\System32\WS2_32.dll
0x00007fffd8750000 - 0x00007fffd8762000 	C:\Windows\SYSTEM32\kernel.appcore.dll
0x00007fffd5540000 - 0x00007fffd5550000 	D:\Descargas\IDAT -- CICLO5\prof.Huapalla\jdk-11.0.8\bin\verify.dll
0x00007fffc78b0000 - 0x00007fffc7a94000 	C:\Windows\SYSTEM32\DBGHELP.DLL
0x00007fffc7190000 - 0x00007fffc71bc000 	C:\Windows\SYSTEM32\dbgcore.DLL
0x00007fffdaf80000 - 0x00007fffdb002000 	C:\Windows\System32\bcryptPrimitives.dll
0x00007fffc6fe0000 - 0x00007fffc7008000 	D:\Descargas\IDAT -- CICLO5\prof.Huapalla\jdk-11.0.8\bin\java.dll
0x00007fffd5510000 - 0x00007fffd551a000 	D:\Descargas\IDAT -- CICLO5\prof.Huapalla\jdk-11.0.8\bin\jimage.dll
0x00007fffc6fc0000 - 0x00007fffc6fd6000 	D:\Descargas\IDAT -- CICLO5\prof.Huapalla\jdk-11.0.8\bin\zip.dll
0x00007fffdc160000 - 0x00007fffdc8a4000 	C:\Windows\System32\SHELL32.dll
0x00007fffd8950000 - 0x00007fffd90e4000 	C:\Windows\SYSTEM32\windows.storage.dll
0x00007fffdb3e0000 - 0x00007fffdb734000 	C:\Windows\System32\combase.dll
0x00007fffda1c0000 - 0x00007fffda1f0000 	C:\Windows\SYSTEM32\Wldp.dll
0x00007fffdc0b0000 - 0x00007fffdc15d000 	C:\Windows\System32\SHCORE.dll
0x00007fffdbc80000 - 0x00007fffdbcd5000 	C:\Windows\System32\shlwapi.dll
0x00007fffda770000 - 0x00007fffda78f000 	C:\Windows\SYSTEM32\profapi.dll
0x00007fffb05e0000 - 0x00007fffb05f9000 	D:\Descargas\IDAT -- CICLO5\prof.Huapalla\jdk-11.0.8\bin\net.dll
0x00007fffd1aa0000 - 0x00007fffd1baa000 	C:\Windows\SYSTEM32\WINHTTP.dll
0x00007fffd9f20000 - 0x00007fffd9f8a000 	C:\Windows\system32\mswsock.dll
0x00007fffb0190000 - 0x00007fffb01a2000 	D:\Descargas\IDAT -- CICLO5\prof.Huapalla\jdk-11.0.8\bin\nio.dll
0x0000000069ac0000 - 0x0000000069ae4000 	D:\Descargas\NetBeansss-14\NetBeans-14\netbeans\java\maven\lib\jansi-native\Windows\x86_64\jansi.dll
0x00007fffc98f0000 - 0x00007fffc9915000 	D:\Descargas\IDAT -- CICLO5\prof.Huapalla\jdk-11.0.8\bin\sunec.dll
0x00007fffda120000 - 0x00007fffda138000 	C:\Windows\SYSTEM32\CRYPTSP.dll
0x00007fffd98a0000 - 0x00007fffd98d4000 	C:\Windows\system32\rsaenh.dll
0x00007fffda8d0000 - 0x00007fffda8f7000 	C:\Windows\System32\bcrypt.dll
0x00007fffda730000 - 0x00007fffda75e000 	C:\Windows\SYSTEM32\USERENV.dll
0x00007fffda110000 - 0x00007fffda11c000 	C:\Windows\SYSTEM32\CRYPTBASE.dll
0x00007fffd9c10000 - 0x00007fffd9c4b000 	C:\Windows\SYSTEM32\IPHLPAPI.DLL
0x00007fffdb7b0000 - 0x00007fffdb7b8000 	C:\Windows\System32\NSI.dll
0x00007fffd4860000 - 0x00007fffd4877000 	C:\Windows\SYSTEM32\dhcpcsvc6.DLL
0x00007fffd4840000 - 0x00007fffd485d000 	C:\Windows\SYSTEM32\dhcpcsvc.DLL
0x00007fffd9c50000 - 0x00007fffd9d1a000 	C:\Windows\SYSTEM32\DNSAPI.dll
0x00007fffd1750000 - 0x00007fffd175a000 	C:\Windows\System32\rasadhlp.dll
0x00007fffd07c0000 - 0x00007fffd0840000 	C:\Windows\System32\fwpuclnt.dll
0x00007fffd59b0000 - 0x00007fffd59bd000 	D:\Descargas\IDAT -- CICLO5\prof.Huapalla\jdk-11.0.8\bin\sunmscapi.dll
0x00007fffdb010000 - 0x00007fffdb166000 	C:\Windows\System32\CRYPT32.dll
0x00007fffda230000 - 0x00007fffda257000 	C:\Windows\SYSTEM32\ncrypt.dll
0x00007fffda1f0000 - 0x00007fffda22b000 	C:\Windows\SYSTEM32\NTASN1.dll

dbghelp: loaded successfully - version: 4.0.5 - missing functions: none
symbol engine: initialized successfully - sym options: 0x614 - pdb path: .;D:\Descargas\IDAT -- CICLO5\prof.Huapalla\jdk-11.0.8\bin;C:\Windows\SYSTEM32;C:\Windows\WinSxS\amd64_microsoft.windows.common-controls_6595b64144ccf1df_6.0.19041.1110_none_60b5254171f9507e;D:\Descargas\IDAT -- CICLO5\prof.Huapalla\jdk-11.0.8\bin\server;D:\Descargas\NetBeansss-14\NetBeans-14\netbeans\java\maven\lib\jansi-native\Windows\x86_64

VM Arguments:
jvm_args: -Dclassworlds.conf=D:\Descargas\NetBeansss-14\NetBeans-14\netbeans\java\maven\bin\m2.conf -Dmaven.home=D:\Descargas\NetBeansss-14\NetBeans-14\netbeans\java\maven -Dlibrary.jansi.path=D:\Descargas\NetBeansss-14\NetBeans-14\netbeans\java\maven\lib\jansi-native -Dmaven.multiModuleProjectDirectory=D:\Descargas 
java_command: org.codehaus.plexus.classworlds.launcher.Launcher -Dmaven.ext.class.path=D:\Descargas\NetBeansss-14\NetBeans-14\netbeans\java\maven-nblib\netbeans-eventspy.jar -Dfile.encoding=UTF-8 clean install
java_class_path (initial): D:\Descargas\NetBeansss-14\NetBeans-14\netbeans\java\maven\boot\plexus-classworlds-2.6.0.jar
Launcher Type: SUN_STANDARD

[Global flags]
     intx CICompilerCount                          = 3                                         {product} {ergonomic}
     uint ConcGCThreads                            = 1                                         {product} {ergonomic}
     uint G1ConcRefinementThreads                  = 4                                         {product} {ergonomic}
   size_t G1HeapRegionSize                         = 1048576                                   {product} {ergonomic}
    uintx GCDrainStackTargetSize                   = 64                                        {product} {ergonomic}
   size_t InitialHeapSize                          = 67108864                                  {product} {ergonomic}
   size_t MarkStackSize                            = 4194304                                   {product} {ergonomic}
   size_t MaxHeapSize                              = 1048576000                                {product} {ergonomic}
   size_t MaxNewSize                               = 629145600                                 {product} {ergonomic}
   size_t MinHeapDeltaBytes                        = 1048576                                   {product} {ergonomic}
    uintx NonNMethodCodeHeapSize                   = 5830732                                {pd product} {ergonomic}
    uintx NonProfiledCodeHeapSize                  = 122913754                              {pd product} {ergonomic}
    uintx ProfiledCodeHeapSize                     = 122913754                              {pd product} {ergonomic}
    uintx ReservedCodeCacheSize                    = 251658240                              {pd product} {ergonomic}
     bool SegmentedCodeCache                       = true                                      {product} {ergonomic}
     bool UseCompressedClassPointers               = true                                 {lp64_product} {ergonomic}
     bool UseCompressedOops                        = true                                 {lp64_product} {ergonomic}
     bool UseG1GC                                  = true                                      {product} {ergonomic}
     bool UseLargePagesIndividualAllocation        = false                                  {pd product} {ergonomic}

Logging:
Log output configuration:
 #0: stdout all=warning uptime,level,tags
 #1: stderr all=off uptime,level,tags

Environment Variables:
JAVA_HOME=D:\Descargas\IDAT -- CICLO5\prof.Huapalla\jdk-11.0.8
PATH=C:\Program Files\Microsoft\jdk-11.0.12.7-hotspot\bin;C:\Program Files\Common Files\Oracle\Java\javapath;C:\app\ADMIN\product\21c\dbhomeXE\bin;C:\Program Files (x86)\Common Files\Oracle\Java\javapath;C:\Windows\system32;C:\Windows;C:\Windows\System32\Wbem;C:\Windows\System32\WindowsPowerShell\v1.0\;C:\Windows\System32\OpenSSH\;C:\Program Files\Microsoft SQL Server\Client SDK\ODBC\170\Tools\Binn\;C:\Program Files (x86)\Microsoft SQL Server\150\Tools\Binn\;C:\Program Files\Microsoft SQL Server\150\Tools\Binn\;C:\Program Files\Microsoft SQL Server\150\DTS\Binn\;C:\Program Files (x86)\Microsoft SQL Server\150\DTS\Binn\;C:\Program Files\Azure Data Studio\bin;C:\Program Files\dotnet\;C:\Program Files\Microsoft SQL Server\130\Tools\Binn\;C:\Program Files (x86)\Rational\common;C:\Program Files\nodejs\;C:\Program Files\Git\cmd;C:\Users\ADMIN\AppData\Local\Microsoft\WindowsApps;;C:\Program Files\Azure Data Studio\bin;C:\Users\ADMIN\.dotnet\tools;C:\Users\ADMIN\AppData\Local\Programs\Microsoft VS Code\bin;C:\Users\ADMIN\AppData\Roaming\npm;C:\Program Files\heroku\bin
USERNAME=ADMIN
OS=Windows_NT
PROCESSOR_IDENTIFIER=Intel64 Family 6 Model 42 Stepping 7, GenuineIntel



---------------  S Y S T E M  ---------------

OS: Windows 10 , 64 bit Build 19041 (10.0.19041.1889)

CPU:total 4 (initial active 4) (2 cores per cpu, 2 threads per core) family 6 model 42 stepping 7, cmov, cx8, fxsr, mmx, sse, sse2, sse3, ssse3, sse4.1, sse4.2, popcnt, avx, clmul, ht, tsc, tscinvbit

Memory: 4k page, system-wide physical 3996M (422M free)
TotalPageFile size 6044M (AvailPageFile size 5M)
current process WorkingSet (physical memory assigned to process): 211M, peak: 211M
current process commit charge ("private bytes"): 246M, peak: 247M

vm_info: Java HotSpot(TM) 64-Bit Server VM (11.0.8+10-LTS) for windows-amd64 JRE (11.0.8+10-LTS), built on Jun 16 2020 05:53:08 by "mach5one" with unknown MS VC++:1916

END.
