#
# There is insufficient memory for the Java Runtime Environment to continue.
# Native memory allocation (mmap) failed to map 16777216 bytes for Failed to commit area from 0x00000000c6500000 to 0x00000000c7500000 of length 16777216.
# Possible reasons:
#   The system is out of physical RAM or swap space
#   The process is running with CompressedOops enabled, and the Java Heap may be blocking the growth of the native heap
# Possible solutions:
#   Reduce memory load on the system
#   Increase physical memory or swap space
#   Check if swap backing store is full
#   Decrease Java heap size (-Xmx/-Xms)
#   Decrease number of Java threads
#   Decrease Java thread stack sizes (-Xss)
#   Set larger code cache with -XX:ReservedCodeCacheSize=
#   JVM is running with Unscaled Compressed Oops mode in which the Java heap is
#     placed in the first 4GB address space. The Java Heap base address is the
#     maximum limit for the native heap growth. Please use -XX:HeapBaseMinAddress
#     to set the Java Heap base and to place the Java Heap above 4GB virtual address.
# This output file may be truncated or incomplete.
#
#  Out of Memory Error (./open/src/hotspot/os/windows/os_windows.cpp:3275), pid=1064, tid=8304
#
# JRE version: Java(TM) SE Runtime Environment 18.9 (11.0.8+10) (build 11.0.8+10-LTS)
# Java VM: Java HotSpot(TM) 64-Bit Server VM 18.9 (11.0.8+10-LTS, mixed mode, tiered, compressed oops, g1 gc, windows-amd64)
# No core dump will be written. Minidumps are not enabled by default on client versions of Windows
#

---------------  S U M M A R Y ------------

Command Line: -Xverify:none -XX:TieredStopAtLevel=1 -Xverify:none -XX:TieredStopAtLevel=1 pe.com.escuelanueva.ServicioEscuelaNuevaApplication

Host: Intel(R) Core(TM) i3-2120 CPU @ 3.30GHz, 4 cores, 3G,  Windows 10 , 64 bit Build 19041 (10.0.19041.1889)
Time: Thu Sep 29 16:58:40 2022 Hora est. Pacífico, Sudamérica elapsed time: 3 seconds (0d 0h 0m 3s)

---------------  T H R E A D  ---------------

Current thread (0x000002247d4e2800):  VMThread "VM Thread" [stack: 0x000000d748a00000,0x000000d748b00000] [id=8304]

Stack: [0x000000d748a00000,0x000000d748b00000]
[error occurred during error reporting (printing stack bounds), id 0xc0000005, EXCEPTION_ACCESS_VIOLATION (0xc0000005) at pc=0x0000022400000dad]

Native frames: (J=compiled Java code, j=interpreted, Vv=VM code, C=native code)
V  [jvm.dll+0x601aea]
V  [jvm.dll+0x737fef]
V  [jvm.dll+0x739675]
V  [jvm.dll+0x739c55]
V  [jvm.dll+0x739c0b]
V  [jvm.dll+0x6013d3]
V  [jvm.dll+0x601798]
C  [ntdll.dll+0xa229f]
C  [ntdll.dll+0x51454]
C  [ntdll.dll+0xa0dce]
C  0x0000022400000dad

VM_Operation (0x000000d7496fd3f0): G1CollectForAllocation, mode: safepoint, requested by thread 0x000002247df6b000


---------------  P R O C E S S  ---------------

Threads class SMR info:
_java_thread_list=0x000002247e0e5780, length=11, elements={
0x000002246ff12800, 0x000002247d51c000, 0x000002247d4e5000, 0x000002247d578000,
0x000002247d57a000, 0x000002247d57b000, 0x000002247d530000, 0x000002247d7bd800,
0x000002247d7c1800, 0x000002247df64000, 0x000002247df6b000
}

Java Threads: ( => current thread )
  0x000002246ff12800 JavaThread "main" [_thread_blocked, id=7728, stack(0x000000d748400000,0x000000d748500000)]
  0x000002247d51c000 JavaThread "Reference Handler" daemon [_thread_blocked, id=8232, stack(0x000000d748b00000,0x000000d748c00000)]
  0x000002247d4e5000 JavaThread "Finalizer" daemon [_thread_blocked, id=13524, stack(0x000000d748c00000,0x000000d748d00000)]
  0x000002247d578000 JavaThread "Signal Dispatcher" daemon [_thread_blocked, id=13316, stack(0x000000d748d00000,0x000000d748e00000)]
  0x000002247d57a000 JavaThread "Attach Listener" daemon [_thread_blocked, id=13096, stack(0x000000d748e00000,0x000000d748f00000)]
  0x000002247d57b000 JavaThread "C1 CompilerThread0" daemon [_thread_blocked, id=3928, stack(0x000000d748f00000,0x000000d749000000)]
  0x000002247d530000 JavaThread "Sweeper thread" daemon [_thread_blocked, id=3424, stack(0x000000d749000000,0x000000d749100000)]
  0x000002247d7bd800 JavaThread "Service Thread" daemon [_thread_blocked, id=5180, stack(0x000000d749100000,0x000000d749200000)]
  0x000002247d7c1800 JavaThread "Common-Cleaner" daemon [_thread_blocked, id=11516, stack(0x000000d749300000,0x000000d749400000)]
  0x000002247df64000 JavaThread "Thread-0" [_thread_blocked, id=12620, stack(0x000000d749500000,0x000000d749600000)]
  0x000002247df6b000 JavaThread "restartedMain" [_thread_blocked, id=14276, stack(0x000000d749600000,0x000000d749700000)]

Other Threads:
=>0x000002247d4e2800 VMThread "VM Thread" [stack: 0x000000d748a00000,0x000000d748b00000] [id=8304]
  0x000002247d7c0800 WatcherThread [stack: 0x000000d749200000,0x000000d749300000] [id=548]
  0x000002246ff29800 GCTaskThread "GC Thread#0" [stack: 0x000000d748500000,0x000000d748600000] [id=5032]
  0x000002247dbdf800 GCTaskThread "GC Thread#1" [stack: 0x000000d749400000,0x000000d749500000] [id=9800]
  0x000002247e038800 GCTaskThread "GC Thread#2" [stack: 0x000000d749700000,0x000000d749800000] [id=4008]
  0x000002247e061800 GCTaskThread "GC Thread#3" [stack: 0x000000d749800000,0x000000d749900000] [id=3008]
  0x000002246ff47800 ConcurrentGCThread "G1 Main Marker" [stack: 0x000000d748600000,0x000000d748700000] [id=13968]
  0x000002246ff48800 ConcurrentGCThread "G1 Conc#0" [stack: 0x000000d748700000,0x000000d748800000] [id=13920]
  0x000002246ffa2800 ConcurrentGCThread "G1 Refine#0" [stack: 0x000000d748800000,0x000000d748900000] [id=13296]
  0x000002246ffa3800 ConcurrentGCThread "G1 Young RemSet Sampling" [stack: 0x000000d748900000,0x000000d748a00000] [id=5488]

Threads with active compile tasks:

VM state:at safepoint (normal execution)

VM Mutex/Monitor currently owned by a thread:  ([mutex/lock_event])
[0x000002246ff0e9c0] Threads_lock - owner thread: 0x000002247d4e2800
[0x000002246ff104c0] Heap_lock - owner thread: 0x000002247df6b000

Heap address: 0x00000000c1800000, size: 1000 MB, Compressed Oops mode: 32-bit
Narrow klass base: 0x0000000000000000, Narrow klass shift: 3
Compressed class space size: 1073741824 Address: 0x0000000100000000

Heap:
 garbage-first heap   total 95232K, used 14072K [0x00000000c1800000, 0x0000000100000000)
  region size 1024K, 5 young (5120K), 5 survivors (5120K)
 Metaspace       used 30179K, capacity 31297K, committed 31536K, reserved 1077248K
  class space    used 3759K, capacity 4153K, committed 4224K, reserved 1048576K
Heap Regions: E=young(eden), S=young(survivor), O=old, HS=humongous(starts), HC=humongous(continues), CS=collection set, F=free, A=archive, TAMS=top-at-mark-start (previous, next)
|   0|0x00000000c1800000, 0x00000000c1900000, 0x00000000c1900000|100%|HS|  |TAMS 0x00000000c1900000, 0x00000000c1800000| Complete 
|   1|0x00000000c1900000, 0x00000000c1a00000, 0x00000000c1a00000|100%| O|  |TAMS 0x00000000c1a00000, 0x00000000c1900000| Untracked 
|   2|0x00000000c1a00000, 0x00000000c1b00000, 0x00000000c1b00000|100%| O|  |TAMS 0x00000000c1b00000, 0x00000000c1a00000| Untracked 
|   3|0x00000000c1b00000, 0x00000000c1c00000, 0x00000000c1c00000|100%| O|  |TAMS 0x00000000c1c00000, 0x00000000c1b00000| Untracked 
|   4|0x00000000c1c00000, 0x00000000c1d00000, 0x00000000c1d00000|100%| O|  |TAMS 0x00000000c1d00000, 0x00000000c1c00000| Untracked 
|   5|0x00000000c1d00000, 0x00000000c1e00000, 0x00000000c1e00000|100%| O|  |TAMS 0x00000000c1d6b800, 0x00000000c1d00000| Untracked 
|   6|0x00000000c1e00000, 0x00000000c1f00000, 0x00000000c1f00000|100%| O|  |TAMS 0x00000000c1e00000, 0x00000000c1e00000| Untracked 
|   7|0x00000000c1f00000, 0x00000000c2000000, 0x00000000c2000000|100%| O|  |TAMS 0x00000000c1f00000, 0x00000000c1f00000| Untracked 
|   8|0x00000000c2000000, 0x00000000c2100000, 0x00000000c2100000|100%| O|  |TAMS 0x00000000c2000000, 0x00000000c2000000| Untracked 
|   9|0x00000000c2100000, 0x00000000c218f600, 0x00000000c2200000| 56%| O|  |TAMS 0x00000000c2100000, 0x00000000c2100000| Untracked 
|  10|0x00000000c2200000, 0x00000000c2200000, 0x00000000c2300000|  0%| F|  |TAMS 0x00000000c2200000, 0x00000000c2200000| Untracked 
|  11|0x00000000c2300000, 0x00000000c2300000, 0x00000000c2400000|  0%| F|  |TAMS 0x00000000c2300000, 0x00000000c2300000| Untracked 
|  12|0x00000000c2400000, 0x00000000c2400000, 0x00000000c2500000|  0%| F|  |TAMS 0x00000000c2400000, 0x00000000c2400000| Untracked 
|  13|0x00000000c2500000, 0x00000000c2500000, 0x00000000c2600000|  0%| F|  |TAMS 0x00000000c2500000, 0x00000000c2500000| Untracked 
|  14|0x00000000c2600000, 0x00000000c2600000, 0x00000000c2700000|  0%| F|  |TAMS 0x00000000c2600000, 0x00000000c2600000| Untracked 
|  15|0x00000000c2700000, 0x00000000c2700000, 0x00000000c2800000|  0%| F|  |TAMS 0x00000000c2700000, 0x00000000c2700000| Untracked 
|  16|0x00000000c2800000, 0x00000000c2800000, 0x00000000c2900000|  0%| F|  |TAMS 0x00000000c2800000, 0x00000000c2800000| Untracked 
|  17|0x00000000c2900000, 0x00000000c2900000, 0x00000000c2a00000|  0%| F|  |TAMS 0x00000000c2900000, 0x00000000c2900000| Untracked 
|  18|0x00000000c2a00000, 0x00000000c2a00000, 0x00000000c2b00000|  0%| F|  |TAMS 0x00000000c2a00000, 0x00000000c2a00000| Untracked 
|  19|0x00000000c2b00000, 0x00000000c2b00000, 0x00000000c2c00000|  0%| F|  |TAMS 0x00000000c2b00000, 0x00000000c2b00000| Untracked 
|  20|0x00000000c2c00000, 0x00000000c2c00000, 0x00000000c2d00000|  0%| F|  |TAMS 0x00000000c2c00000, 0x00000000c2c00000| Untracked 
|  21|0x00000000c2d00000, 0x00000000c2d00000, 0x00000000c2e00000|  0%| F|  |TAMS 0x00000000c2d00000, 0x00000000c2d00000| Untracked 
|  22|0x00000000c2e00000, 0x00000000c2e00000, 0x00000000c2f00000|  0%| F|  |TAMS 0x00000000c2e00000, 0x00000000c2e00000| Untracked 
|  23|0x00000000c2f00000, 0x00000000c2f00000, 0x00000000c3000000|  0%| F|  |TAMS 0x00000000c2f00000, 0x00000000c2f00000| Untracked 
|  24|0x00000000c3000000, 0x00000000c3000000, 0x00000000c3100000|  0%| F|  |TAMS 0x00000000c3000000, 0x00000000c3000000| Untracked 
|  25|0x00000000c3100000, 0x00000000c3100000, 0x00000000c3200000|  0%| F|  |TAMS 0x00000000c3100000, 0x00000000c3100000| Untracked 
|  26|0x00000000c3200000, 0x00000000c322eb20, 0x00000000c3300000| 18%| S|CS|TAMS 0x00000000c3200000, 0x00000000c3200000| Complete 
|  27|0x00000000c3300000, 0x00000000c3400000, 0x00000000c3400000|100%| S|CS|TAMS 0x00000000c3300000, 0x00000000c3300000| Complete 
|  28|0x00000000c3400000, 0x00000000c3500000, 0x00000000c3500000|100%| S|CS|TAMS 0x00000000c3400000, 0x00000000c3400000| Complete 
|  29|0x00000000c3500000, 0x00000000c3500000, 0x00000000c3600000|  0%| F|  |TAMS 0x00000000c3500000, 0x00000000c3500000| Untracked 
|  30|0x00000000c3600000, 0x00000000c3600000, 0x00000000c3700000|  0%| F|  |TAMS 0x00000000c3600000, 0x00000000c3600000| Untracked 
|  31|0x00000000c3700000, 0x00000000c3700000, 0x00000000c3800000|  0%| F|  |TAMS 0x00000000c3700000, 0x00000000c3700000| Untracked 
|  32|0x00000000c3800000, 0x00000000c3800000, 0x00000000c3900000|  0%| F|  |TAMS 0x00000000c3800000, 0x00000000c3800000| Untracked 
|  33|0x00000000c3900000, 0x00000000c3a00000, 0x00000000c3a00000|100%| S|CS|TAMS 0x00000000c3900000, 0x00000000c3900000| Complete 
|  34|0x00000000c3a00000, 0x00000000c3b00000, 0x00000000c3b00000|100%| S|CS|TAMS 0x00000000c3a00000, 0x00000000c3a00000| Complete 
|  35|0x00000000c3b00000, 0x00000000c3b00000, 0x00000000c3c00000|  0%| F|  |TAMS 0x00000000c3b00000, 0x00000000c3b00000| Untracked 
|  36|0x00000000c3c00000, 0x00000000c3c00000, 0x00000000c3d00000|  0%| F|  |TAMS 0x00000000c3c00000, 0x00000000c3c00000| Untracked 
|  37|0x00000000c3d00000, 0x00000000c3d00000, 0x00000000c3e00000|  0%| F|  |TAMS 0x00000000c3d00000, 0x00000000c3d00000| Untracked 
|  38|0x00000000c3e00000, 0x00000000c3e00000, 0x00000000c3f00000|  0%| F|  |TAMS 0x00000000c3e00000, 0x00000000c3e00000| Untracked 
|  39|0x00000000c3f00000, 0x00000000c3f00000, 0x00000000c4000000|  0%| F|  |TAMS 0x00000000c3f00000, 0x00000000c3f00000| Untracked 
|  40|0x00000000c4000000, 0x00000000c4000000, 0x00000000c4100000|  0%| F|  |TAMS 0x00000000c4000000, 0x00000000c4000000| Untracked 
|  41|0x00000000c4100000, 0x00000000c4100000, 0x00000000c4200000|  0%| F|  |TAMS 0x00000000c4100000, 0x00000000c4100000| Untracked 
|  42|0x00000000c4200000, 0x00000000c4200000, 0x00000000c4300000|  0%| F|  |TAMS 0x00000000c4200000, 0x00000000c4200000| Untracked 
|  43|0x00000000c4300000, 0x00000000c4300000, 0x00000000c4400000|  0%| F|  |TAMS 0x00000000c4300000, 0x00000000c4300000| Untracked 
|  44|0x00000000c4400000, 0x00000000c4400000, 0x00000000c4500000|  0%| F|  |TAMS 0x00000000c4400000, 0x00000000c4400000| Untracked 
|  45|0x00000000c4500000, 0x00000000c4500000, 0x00000000c4600000|  0%| F|  |TAMS 0x00000000c4500000, 0x00000000c4500000| Untracked 
|  46|0x00000000c4600000, 0x00000000c4600000, 0x00000000c4700000|  0%| F|  |TAMS 0x00000000c4600000, 0x00000000c4600000| Untracked 
|  47|0x00000000c4700000, 0x00000000c4700000, 0x00000000c4800000|  0%| F|  |TAMS 0x00000000c4700000, 0x00000000c4700000| Untracked 
|  48|0x00000000c4800000, 0x00000000c4800000, 0x00000000c4900000|  0%| F|  |TAMS 0x00000000c4800000, 0x00000000c4800000| Untracked 
|  49|0x00000000c4900000, 0x00000000c4900000, 0x00000000c4a00000|  0%| F|  |TAMS 0x00000000c4900000, 0x00000000c4900000| Untracked 
|  50|0x00000000c4a00000, 0x00000000c4a00000, 0x00000000c4b00000|  0%| F|  |TAMS 0x00000000c4a00000, 0x00000000c4a00000| Untracked 
|  51|0x00000000c4b00000, 0x00000000c4b00000, 0x00000000c4c00000|  0%| F|  |TAMS 0x00000000c4b00000, 0x00000000c4b00000| Untracked 
|  52|0x00000000c4c00000, 0x00000000c4c00000, 0x00000000c4d00000|  0%| F|  |TAMS 0x00000000c4c00000, 0x00000000c4c00000| Untracked 
|  53|0x00000000c4d00000, 0x00000000c4d00000, 0x00000000c4e00000|  0%| F|  |TAMS 0x00000000c4d00000, 0x00000000c4d00000| Untracked 
|  54|0x00000000c4e00000, 0x00000000c4e00000, 0x00000000c4f00000|  0%| F|  |TAMS 0x00000000c4e00000, 0x00000000c4e00000| Untracked 
|  55|0x00000000c4f00000, 0x00000000c4f00000, 0x00000000c5000000|  0%| F|  |TAMS 0x00000000c4f00000, 0x00000000c4f00000| Untracked 
|  56|0x00000000c5000000, 0x00000000c5000000, 0x00000000c5100000|  0%| F|  |TAMS 0x00000000c5000000, 0x00000000c5000000| Untracked 
|  57|0x00000000c5100000, 0x00000000c5100000, 0x00000000c5200000|  0%| F|  |TAMS 0x00000000c5100000, 0x00000000c5100000| Untracked 
|  58|0x00000000c5200000, 0x00000000c5200000, 0x00000000c5300000|  0%| F|  |TAMS 0x00000000c5200000, 0x00000000c5200000| Untracked 
|  59|0x00000000c5300000, 0x00000000c5300000, 0x00000000c5400000|  0%| F|  |TAMS 0x00000000c5300000, 0x00000000c5300000| Untracked 
|  60|0x00000000c5400000, 0x00000000c5400000, 0x00000000c5500000|  0%| F|  |TAMS 0x00000000c5400000, 0x00000000c5400000| Untracked 
|  61|0x00000000c5500000, 0x00000000c5500000, 0x00000000c5600000|  0%| F|  |TAMS 0x00000000c5500000, 0x00000000c5500000| Untracked 
|  62|0x00000000c5600000, 0x00000000c5600000, 0x00000000c5700000|  0%| F|  |TAMS 0x00000000c5600000, 0x00000000c5600000| Untracked 
|  63|0x00000000c5700000, 0x00000000c5700000, 0x00000000c5800000|  0%| F|  |TAMS 0x00000000c5700000, 0x00000000c5700000| Untracked 
|  64|0x00000000c5800000, 0x00000000c5800000, 0x00000000c5900000|  0%| F|  |TAMS 0x00000000c5800000, 0x00000000c5800000| Untracked 
|  65|0x00000000c5900000, 0x00000000c5900000, 0x00000000c5a00000|  0%| F|  |TAMS 0x00000000c5900000, 0x00000000c5900000| Untracked 
|  66|0x00000000c5a00000, 0x00000000c5a00000, 0x00000000c5b00000|  0%| F|  |TAMS 0x00000000c5a00000, 0x00000000c5a00000| Untracked 
|  67|0x00000000c5b00000, 0x00000000c5b00000, 0x00000000c5c00000|  0%| F|  |TAMS 0x00000000c5b00000, 0x00000000c5b00000| Untracked 
|  68|0x00000000c5c00000, 0x00000000c5c00000, 0x00000000c5d00000|  0%| F|  |TAMS 0x00000000c5c00000, 0x00000000c5c00000| Untracked 
|  69|0x00000000c5d00000, 0x00000000c5d00000, 0x00000000c5e00000|  0%| F|  |TAMS 0x00000000c5d00000, 0x00000000c5d00000| Untracked 
|  70|0x00000000c5e00000, 0x00000000c5e00000, 0x00000000c5f00000|  0%| F|  |TAMS 0x00000000c5e00000, 0x00000000c5e00000| Untracked 
|  71|0x00000000c5f00000, 0x00000000c5f00000, 0x00000000c6000000|  0%| F|  |TAMS 0x00000000c5f00000, 0x00000000c5f00000| Untracked 
|  72|0x00000000c6000000, 0x00000000c6000000, 0x00000000c6100000|  0%| F|  |TAMS 0x00000000c6000000, 0x00000000c6000000| Untracked 
|  73|0x00000000c6100000, 0x00000000c6100000, 0x00000000c6200000|  0%| F|  |TAMS 0x00000000c6100000, 0x00000000c6100000| Untracked 
|  74|0x00000000c6200000, 0x00000000c6200000, 0x00000000c6300000|  0%| F|  |TAMS 0x00000000c6200000, 0x00000000c6200000| Untracked 
|  75|0x00000000c6300000, 0x00000000c6300000, 0x00000000c6400000|  0%| F|  |TAMS 0x00000000c6300000, 0x00000000c6300000| Untracked 
|  76|0x00000000c6400000, 0x00000000c6400000, 0x00000000c6500000|  0%| F|  |TAMS 0x00000000c6400000, 0x00000000c6400000| Untracked 

Card table byte_map: [0x0000022478520000,0x0000022478720000] _byte_map_base: 0x0000022477f14000

Marking Bits (Prev, Next): (CMBitMap*) 0x000002246ff42b80, (CMBitMap*) 0x000002246ff42b48
 Prev Bits: [0x00000224798c0000, 0x000002247a860000)
 Next Bits: [0x0000022478920000, 0x00000224798c0000)

Polling page: 0x000002246dd40000

Metaspace:

Usage:
  Non-class:     26.51 MB capacity,    25.80 MB ( 97%) used,   608.80 KB (  2%) free+waste,   114.94 KB ( <1%) overhead. 
      Class:      4.06 MB capacity,     3.67 MB ( 91%) used,   334.99 KB (  8%) free+waste,    58.31 KB (  1%) overhead. 
       Both:     30.56 MB capacity,    29.47 MB ( 96%) used,   943.79 KB (  3%) free+waste,   173.25 KB ( <1%) overhead. 

Virtual space:
  Non-class space:       28.00 MB reserved,      26.67 MB ( 95%) committed 
      Class space:        1.00 GB reserved,       4.13 MB ( <1%) committed 
             Both:        1.03 GB reserved,      30.80 MB (  3%) committed 

Chunk freelists:
   Non-Class:  5.00 KB
       Class:  896 bytes
        Both:  5.88 KB

CodeHeap 'non-profiled nmethods': size=238912Kb used=5221Kb max_used=5221Kb free=233690Kb
 bounds [0x00000224006b0000, 0x0000022400bd0000, 0x000002240f000000]
CodeHeap 'non-nmethods': size=6848Kb used=1124Kb max_used=1124Kb free=5723Kb
 bounds [0x0000022400000000, 0x0000022400270000, 0x00000224006b0000]
 total_blobs=3652 nmethods=3216 adapters=362
 compilation: enabled
              stopped_count=0, restarted_count=0
 full_count=0

Compilation events (10 events):
Event: 3.057 Thread 0x000002247d57b000 3232       1       java.net.JarURLConnection::parseSpecs (134 bytes)
Event: 3.057 Thread 0x000002247d57b000 nmethod 3232 0x0000022400bc5810 code [0x0000022400bc5a80, 0x0000022400bc6310]
Event: 3.057 Thread 0x000002247d57b000 3233       1       sun.net.www.protocol.jar.JarURLConnection::getInputStream (97 bytes)
Event: 3.058 Thread 0x000002247d57b000 nmethod 3233 0x0000022400bc6710 code [0x0000022400bc6960, 0x0000022400bc7030]
Event: 3.058 Thread 0x000002247d57b000 3234       1       sun.net.www.protocol.jar.URLJarFile::getEntry (69 bytes)
Event: 3.059 Thread 0x000002247d57b000 nmethod 3234 0x0000022400bc7310 code [0x0000022400bc75a0, 0x0000022400bc7f90]
Event: 3.059 Thread 0x000002247d57b000 3235       1       sun.net.www.protocol.jar.URLJarFile$URLJarFileEntry::<init> (16 bytes)
Event: 3.060 Thread 0x000002247d57b000 nmethod 3235 0x0000022400bc8410 code [0x0000022400bc85c0, 0x0000022400bc88f0]
Event: 3.060 Thread 0x000002247d57b000 3236   !   1       sun.net.www.protocol.jar.JarFileFactory::getCachedJarFile (146 bytes)
Event: 3.061 Thread 0x000002247d57b000 nmethod 3236 0x0000022400bc8a10 code [0x0000022400bc8c60, 0x0000022400bc91a0]

GC Heap History (10 events):
Event: 1.309 GC heap after
{Heap after GC invocations=5 (full 0):
 garbage-first heap   total 65536K, used 7934K [0x00000000c1800000, 0x0000000100000000)
  region size 1024K, 3 young (3072K), 3 survivors (3072K)
 Metaspace       used 18383K, capacity 18949K, committed 19072K, reserved 1067008K
  class space    used 2094K, capacity 2320K, committed 2432K, reserved 1048576K
}
Event: 1.447 GC heap before
{Heap before GC invocations=5 (full 0):
 garbage-first heap   total 65536K, used 22270K [0x00000000c1800000, 0x0000000100000000)
  region size 1024K, 18 young (18432K), 3 survivors (3072K)
 Metaspace       used 20597K, capacity 21135K, committed 21296K, reserved 1069056K
  class space    used 2391K, capacity 2606K, committed 2688K, reserved 1048576K
}
Event: 1.452 GC heap after
{Heap after GC invocations=6 (full 0):
 garbage-first heap   total 78848K, used 8487K [0x00000000c1800000, 0x0000000100000000)
  region size 1024K, 3 young (3072K), 3 survivors (3072K)
 Metaspace       used 20597K, capacity 21135K, committed 21296K, reserved 1069056K
  class space    used 2391K, capacity 2606K, committed 2688K, reserved 1048576K
}
Event: 1.571 GC heap before
{Heap before GC invocations=7 (full 0):
 garbage-first heap   total 78848K, used 49447K [0x00000000c1800000, 0x0000000100000000)
  region size 1024K, 44 young (45056K), 3 survivors (3072K)
 Metaspace       used 21225K, capacity 21811K, committed 22192K, reserved 1069056K
  class space    used 2475K, capacity 2723K, committed 2816K, reserved 1048576K
}
Event: 1.576 GC heap after
{Heap after GC invocations=8 (full 0):
 garbage-first heap   total 78848K, used 8870K [0x00000000c1800000, 0x0000000100000000)
  region size 1024K, 4 young (4096K), 4 survivors (4096K)
 Metaspace       used 21225K, capacity 21811K, committed 22192K, reserved 1069056K
  class space    used 2475K, capacity 2723K, committed 2816K, reserved 1048576K
}
Event: 2.008 GC heap before
{Heap before GC invocations=8 (full 0):
 garbage-first heap   total 78848K, used 50854K [0x00000000c1800000, 0x0000000100000000)
  region size 1024K, 46 young (47104K), 4 survivors (4096K)
 Metaspace       used 22898K, capacity 23569K, committed 23728K, reserved 1071104K
  class space    used 2718K, capacity 2989K, committed 3072K, reserved 1048576K
}
Event: 2.014 GC heap after
{Heap after GC invocations=9 (full 0):
 garbage-first heap   total 78848K, used 10101K [0x00000000c1800000, 0x0000000100000000)
  region size 1024K, 5 young (5120K), 5 survivors (5120K)
 Metaspace       used 22898K, capacity 23569K, committed 23728K, reserved 1071104K
  class space    used 2718K, capacity 2989K, committed 3072K, reserved 1048576K
}
Event: 2.597 GC heap before
{Heap before GC invocations=9 (full 0):
 garbage-first heap   total 78848K, used 52085K [0x00000000c1800000, 0x0000000100000000)
  region size 1024K, 46 young (47104K), 5 survivors (5120K)
 Metaspace       used 26752K, capacity 27661K, committed 27952K, reserved 1073152K
  class space    used 3302K, capacity 3637K, committed 3712K, reserved 1048576K
}
Event: 2.605 GC heap after
{Heap after GC invocations=10 (full 0):
 garbage-first heap   total 78848K, used 12029K [0x00000000c1800000, 0x0000000100000000)
  region size 1024K, 5 young (5120K), 5 survivors (5120K)
 Metaspace       used 26752K, capacity 27661K, committed 27952K, reserved 1073152K
  class space    used 3302K, capacity 3637K, committed 3712K, reserved 1048576K
}
Event: 3.062 GC heap before
{Heap before GC invocations=10 (full 0):
 garbage-first heap   total 78848K, used 52989K [0x00000000c1800000, 0x0000000100000000)
  region size 1024K, 46 young (47104K), 5 survivors (5120K)
 Metaspace       used 30179K, capacity 31297K, committed 31536K, reserved 1077248K
  class space    used 3759K, capacity 4153K, committed 4224K, reserved 1048576K
}

Deoptimization events (0 events):
No events

Classes redefined (0 events):
No events

Internal exceptions (10 events):
Event: 2.551 Thread 0x000002247df6b000 Exception <a 'java/lang/ClassNotFoundException'{0x00000000c3e1c400}: org/springframework/transaction/annotation/ProxyTransactionManagementConfigurationCustomizer> (0x00000000c3e1c400) thrown at [./open/src/hotspot/share/classfile/systemDictionary.cpp, lin
Event: 2.552 Thread 0x000002247df6b000 Exception <a 'java/lang/ClassNotFoundException'{0x00000000c3e334a0}: org/springframework/context/annotation/ImportAwareCustomizer> (0x00000000c3e334a0) thrown at [./open/src/hotspot/share/classfile/systemDictionary.cpp, line 228]
Event: 2.552 Thread 0x000002247df6b000 Exception <a 'java/lang/ClassNotFoundException'{0x00000000c3e46080}: org/springframework/beans/factory/AwareCustomizer> (0x00000000c3e46080) thrown at [./open/src/hotspot/share/classfile/systemDictionary.cpp, line 228]
Event: 2.649 Thread 0x000002247df6b000 Exception <a 'java/lang/NoSuchMethodError'{0x00000000c63fb800}: java.lang.invoke.DirectMethodHandle$Holder.invokeSpecial(Ljava/lang/Object;Ljava/lang/Object;Ljava/lang/Object;Ljava/lang/Object;Ljava/lang/Object;)I> (0x00000000c63fb800) thrown at [./open/s
Event: 2.693 Thread 0x000002247df6b000 Exception <a 'java/lang/NoSuchMethodError'{0x00000000c5f1d250}: java.lang.invoke.DelegatingMethodHandle$Holder.delegate(Ljava/lang/Object;Ljava/lang/Object;ILjava/lang/Object;)V> (0x00000000c5f1d250) thrown at [./open/src/hotspot/share/interpreter/linkRes
Event: 2.723 Thread 0x000002247df6b000 Exception <a 'java/lang/NoSuchMethodError'{0x00000000c5d375f8}: java.lang.invoke.DirectMethodHandle$Holder.invokeInterface(Ljava/lang/Object;Ljava/lang/Object;I)V> (0x00000000c5d375f8) thrown at [./open/src/hotspot/share/interpreter/linkResolver.cpp, line
Event: 2.726 Thread 0x000002247df6b000 Exception <a 'java/lang/IncompatibleClassChangeError'{0x00000000c5d82d50}: Found class java.lang.Object, but interface was expected> (0x00000000c5d82d50) thrown at [./open/src/hotspot/share/interpreter/linkResolver.cpp, line 838]
Event: 2.727 Thread 0x000002247df6b000 Exception <a 'java/lang/NoSuchMethodError'{0x00000000c5d87bf0}: java.lang.invoke.DirectMethodHandle$Holder.invokeStatic(Ljava/lang/Object;ILjava/lang/Object;)V> (0x00000000c5d87bf0) thrown at [./open/src/hotspot/share/interpreter/linkResolver.cpp, line 77
Event: 2.798 Thread 0x000002247df6b000 Exception <a 'java/lang/NoSuchMethodError'{0x00000000c58f4db8}: java.lang.invoke.DirectMethodHandle$Holder.invokeStaticInit(Ljava/lang/Object;IIII)Ljava/lang/Object;> (0x00000000c58f4db8) thrown at [./open/src/hotspot/share/interpreter/linkResolver.cpp, l
Event: 2.876 Thread 0x000002247df6b000 Exception <a 'java/lang/NoSuchMethodError'{0x00000000c57129f8}: java.lang.invoke.DirectMethodHandle$Holder.invokeStaticInit(Ljava/lang/Object;Ljava/lang/Object;IIII)Ljava/lang/Object;> (0x00000000c57129f8) thrown at [./open/src/hotspot/share/interpreter/l

Events (10 events):
Event: 3.053 loading class java/util/concurrent/ConcurrentLinkedQueue done
Event: 3.054 loading class java/util/concurrent/ConcurrentLinkedQueue$Node
Event: 3.054 loading class java/util/concurrent/ConcurrentLinkedQueue$Node done
Event: 3.054 loading class org/apache/catalina/Manager
Event: 3.054 loading class org/apache/catalina/Manager done
Event: 3.054 loading class org/apache/catalina/Manager
Event: 3.054 loading class org/apache/catalina/Manager done
Event: 3.054 loading class org/springframework/boot/system/ApplicationTemp
Event: 3.054 loading class org/springframework/boot/system/ApplicationTemp done
Event: 3.062 Executing VM operation: G1CollectForAllocation


Dynamic libraries:
0x00007ff7a5eb0000 - 0x00007ff7a5ebf000 	D:\Descargas\IDAT -- CICLO5\prof.Huapalla\jdk-11.0.8\bin\java.exe
0x00007ff863bd0000 - 0x00007ff863dc8000 	C:\Windows\SYSTEM32\ntdll.dll
0x00007ff862640000 - 0x00007ff8626fd000 	C:\Windows\System32\KERNEL32.DLL
0x00007ff8615c0000 - 0x00007ff86188e000 	C:\Windows\System32\KERNELBASE.dll
0x00007ff861950000 - 0x00007ff861a50000 	C:\Windows\System32\ucrtbase.dll
0x00007ff846cc0000 - 0x00007ff846cd8000 	D:\Descargas\IDAT -- CICLO5\prof.Huapalla\jdk-11.0.8\bin\jli.dll
0x00007ff85c230000 - 0x00007ff85c245000 	D:\Descargas\IDAT -- CICLO5\prof.Huapalla\jdk-11.0.8\bin\VCRUNTIME140.dll
0x00007ff862c20000 - 0x00007ff862cce000 	C:\Windows\System32\ADVAPI32.dll
0x00007ff863990000 - 0x00007ff863a2e000 	C:\Windows\System32\msvcrt.dll
0x00007ff862ac0000 - 0x00007ff862b5c000 	C:\Windows\System32\sechost.dll
0x00007ff862df0000 - 0x00007ff862f15000 	C:\Windows\System32\RPCRT4.dll
0x00007ff861c30000 - 0x00007ff861dd0000 	C:\Windows\System32\USER32.dll
0x00007ff83c900000 - 0x00007ff83cb9a000 	C:\Windows\WinSxS\amd64_microsoft.windows.common-controls_6595b64144ccf1df_6.0.19041.1110_none_60b5254171f9507e\COMCTL32.dll
0x00007ff861560000 - 0x00007ff861582000 	C:\Windows\System32\win32u.dll
0x00007ff862b60000 - 0x00007ff862b8a000 	C:\Windows\System32\GDI32.dll
0x00007ff8612f0000 - 0x00007ff8613fb000 	C:\Windows\System32\gdi32full.dll
0x00007ff861a50000 - 0x00007ff861aed000 	C:\Windows\System32\msvcp_win.dll
0x00007ff8585a0000 - 0x00007ff8585aa000 	C:\Windows\SYSTEM32\VERSION.dll
0x00007ff863b40000 - 0x00007ff863b70000 	C:\Windows\System32\IMM32.DLL
0x00007ff8529a0000 - 0x00007ff852a3b000 	D:\Descargas\IDAT -- CICLO5\prof.Huapalla\jdk-11.0.8\bin\msvcp140.dll
0x00007ff825ae0000 - 0x00007ff8265c6000 	D:\Descargas\IDAT -- CICLO5\prof.Huapalla\jdk-11.0.8\bin\server\jvm.dll
0x00007ff862130000 - 0x00007ff862138000 	C:\Windows\System32\PSAPI.DLL
0x00007ff84cac0000 - 0x00007ff84cac9000 	C:\Windows\SYSTEM32\WSOCK32.dll
0x00007ff84ed20000 - 0x00007ff84ed47000 	C:\Windows\SYSTEM32\WINMM.dll
0x00007ff862a50000 - 0x00007ff862abb000 	C:\Windows\System32\WS2_32.dll
0x00007ff85f210000 - 0x00007ff85f222000 	C:\Windows\SYSTEM32\kernel.appcore.dll
0x00007ff85ccf0000 - 0x00007ff85cd00000 	D:\Descargas\IDAT -- CICLO5\prof.Huapalla\jdk-11.0.8\bin\verify.dll
0x00007ff84f0a0000 - 0x00007ff84f284000 	C:\Windows\SYSTEM32\DBGHELP.DLL
0x00007ff84e920000 - 0x00007ff84e94c000 	C:\Windows\SYSTEM32\dbgcore.DLL
0x00007ff861af0000 - 0x00007ff861b72000 	C:\Windows\System32\bcryptPrimitives.dll
0x00007ff85a460000 - 0x00007ff85a488000 	D:\Descargas\IDAT -- CICLO5\prof.Huapalla\jdk-11.0.8\bin\java.dll
0x00007ff85c930000 - 0x00007ff85c93a000 	D:\Descargas\IDAT -- CICLO5\prof.Huapalla\jdk-11.0.8\bin\jimage.dll
0x00007ff85c210000 - 0x00007ff85c226000 	D:\Descargas\IDAT -- CICLO5\prof.Huapalla\jdk-11.0.8\bin\zip.dll
0x00007ff863090000 - 0x00007ff8637d4000 	C:\Windows\System32\SHELL32.dll
0x00007ff85f410000 - 0x00007ff85fba4000 	C:\Windows\SYSTEM32\windows.storage.dll
0x00007ff861dd0000 - 0x00007ff862124000 	C:\Windows\System32\combase.dll
0x00007ff860c80000 - 0x00007ff860cb0000 	C:\Windows\SYSTEM32\Wldp.dll
0x00007ff862fe0000 - 0x00007ff86308d000 	C:\Windows\System32\SHCORE.dll
0x00007ff863a30000 - 0x00007ff863a85000 	C:\Windows\System32\shlwapi.dll
0x00007ff861230000 - 0x00007ff86124f000 	C:\Windows\SYSTEM32\profapi.dll
0x00007ff85a440000 - 0x00007ff85a459000 	D:\Descargas\IDAT -- CICLO5\prof.Huapalla\jdk-11.0.8\bin\net.dll
0x00007ff855ef0000 - 0x00007ff855ffa000 	C:\Windows\SYSTEM32\WINHTTP.dll
0x00007ff8609e0000 - 0x00007ff860a4a000 	C:\Windows\system32\mswsock.dll
0x00007ff858250000 - 0x00007ff858262000 	D:\Descargas\IDAT -- CICLO5\prof.Huapalla\jdk-11.0.8\bin\nio.dll
0x00007ff85c360000 - 0x00007ff85c369000 	D:\Descargas\IDAT -- CICLO5\prof.Huapalla\jdk-11.0.8\bin\management.dll
0x00007ff85c140000 - 0x00007ff85c14b000 	D:\Descargas\IDAT -- CICLO5\prof.Huapalla\jdk-11.0.8\bin\management_ext.dll
0x00007ff839580000 - 0x00007ff839597000 	C:\Windows\system32\napinsp.dll
0x00007ff839560000 - 0x00007ff83957b000 	C:\Windows\system32\pnrpnsp.dll
0x00007ff839540000 - 0x00007ff839555000 	C:\Windows\system32\wshbth.dll
0x00007ff85cd40000 - 0x00007ff85cd5d000 	C:\Windows\system32\NLAapi.dll
0x00007ff8606d0000 - 0x00007ff86070b000 	C:\Windows\SYSTEM32\IPHLPAPI.DLL
0x00007ff860710000 - 0x00007ff8607da000 	C:\Windows\SYSTEM32\DNSAPI.dll
0x00007ff8629e0000 - 0x00007ff8629e8000 	C:\Windows\System32\NSI.dll
0x00007ff8394e0000 - 0x00007ff8394f2000 	C:\Windows\System32\winrnr.dll
0x00007ff8554c0000 - 0x00007ff8554ca000 	C:\Windows\System32\rasadhlp.dll
0x00007ff8541c0000 - 0x00007ff854240000 	C:\Windows\System32\fwpuclnt.dll
0x00007ff861590000 - 0x00007ff8615b7000 	C:\Windows\System32\bcrypt.dll
0x00007ff860be0000 - 0x00007ff860bf8000 	C:\Windows\SYSTEM32\CRYPTSP.dll
0x00007ff860360000 - 0x00007ff860394000 	C:\Windows\system32\rsaenh.dll
0x00007ff8611b0000 - 0x00007ff8611de000 	C:\Windows\SYSTEM32\USERENV.dll
0x00007ff860bd0000 - 0x00007ff860bdc000 	C:\Windows\SYSTEM32\CRYPTBASE.dll
0x00007ff859e00000 - 0x00007ff859e17000 	C:\Windows\SYSTEM32\dhcpcsvc6.DLL
0x00007ff859bc0000 - 0x00007ff859bdd000 	C:\Windows\SYSTEM32\dhcpcsvc.DLL
0x00007ff85d920000 - 0x00007ff85d92d000 	D:\Descargas\IDAT -- CICLO5\prof.Huapalla\jdk-11.0.8\bin\sunmscapi.dll
0x00007ff861400000 - 0x00007ff861556000 	C:\Windows\System32\CRYPT32.dll
0x00007ff860cf0000 - 0x00007ff860d17000 	C:\Windows\SYSTEM32\ncrypt.dll
0x00007ff860cb0000 - 0x00007ff860ceb000 	C:\Windows\SYSTEM32\NTASN1.dll
0x00007ff85a4e0000 - 0x00007ff85a505000 	D:\Descargas\IDAT -- CICLO5\prof.Huapalla\jdk-11.0.8\bin\sunec.dll

dbghelp: loaded successfully - version: 4.0.5 - missing functions: none
symbol engine: initialized successfully - sym options: 0x614 - pdb path: .;D:\Descargas\IDAT -- CICLO5\prof.Huapalla\jdk-11.0.8\bin;C:\Windows\SYSTEM32;C:\Windows\WinSxS\amd64_microsoft.windows.common-controls_6595b64144ccf1df_6.0.19041.1110_none_60b5254171f9507e;D:\Descargas\IDAT -- CICLO5\prof.Huapalla\jdk-11.0.8\bin\server

VM Arguments:
jvm_args: -Xverify:none -XX:TieredStopAtLevel=1 -Xverify:none -XX:TieredStopAtLevel=1 
java_command: pe.com.escuelanueva.ServicioEscuelaNuevaApplication
java_class_path (initial): D:\Descargas\IDAT -- CICLO5\Aplicaciones con Enfoque Orientada A Servicios\ServiciosWebSpring\laboratorio01\ServicioEscuelaNueva\target\classes;C:\Users\ADMIN\.m2\repository\org\springframework\spring-aop\5.3.22\spring-aop-5.3.22.jar;C:\Users\ADMIN\.m2\repository\org\aspectj\aspectjweaver\1.9.7\aspectjweaver-1.9.7.jar;C:\Users\ADMIN\.m2\repository\com\zaxxer\HikariCP\4.0.3\HikariCP-4.0.3.jar;C:\Users\ADMIN\.m2\repository\org\springframework\spring-jdbc\5.3.22\spring-jdbc-5.3.22.jar;C:\Users\ADMIN\.m2\repository\jakarta\transaction\jakarta.transaction-api\1.3.3\jakarta.transaction-api-1.3.3.jar;C:\Users\ADMIN\.m2\repository\jakarta\persistence\jakarta.persistence-api\2.2.3\jakarta.persistence-api-2.2.3.jar;C:\Users\ADMIN\.m2\repository\org\hibernate\hibernate-core\5.6.10.Final\hibernate-core-5.6.10.Final.jar;C:\Users\ADMIN\.m2\repository\org\jboss\logging\jboss-logging\3.4.3.Final\jboss-logging-3.4.3.Final.jar;C:\Users\ADMIN\.m2\repository\net\bytebuddy\byte-buddy\1.12.13\byte-buddy-1.12.13.jar;C:\Users\ADMIN\.m2\repository\antlr\antlr\2.7.7\antlr-2.7.7.jar;C:\Users\ADMIN\.m2\repository\org\jboss\jandex\2.4.2.Final\jandex-2.4.2.Final.jar;C:\Users\ADMIN\.m2\repository\com\fasterxml\classmate\1.5.1\classmate-1.5.1.jar;C:\Users\ADMIN\.m2\repository\org\hibernate\common\hibernate-commons-annotations\5.1.2.Final\hibernate-commons-annotations-5.1.2.Final.jar;C:\Users\ADMIN\.m2\repository\org\glassfish\jaxb\jaxb-runtime\2.3.6\jaxb-runtime-2.3.6.jar;C:\Users\ADMIN\.m2\repository\org\glassfish\jaxb\txw2\2.3.6\txw2-2.3.6.jar;C:\Users\ADMIN\.m2\repository\com\sun\istack\istack-commons-runtime\3.0.12\istack-commons-runtime-3.0.12.jar;C:\Users\ADMIN\.m2\repository\com\sun\activation\jakarta.activation\1.2.2\jakarta.activation-1.2.2.jar;C:\Users\ADMIN\.m2\repository\org\springframework\data\spring-data-jpa\2.7.2\spring-data-jpa-2.7.2.jar;C:\Users\ADMIN\.m2\repository\org\springframework\data\spring-data-commons\2.7.2\spring-data-commons-2.7.2.jar;C:\Us
Launcher Type: SUN_STANDARD

[Global flags]
     bool BytecodeVerificationLocal                = false                                     {product} {command line}
     bool BytecodeVerificationRemote               = false                                     {product} {command line}
     intx CICompilerCount                          = 3                                         {product} {ergonomic}
     uint ConcGCThreads                            = 1                                         {product} {ergonomic}
     uint G1ConcRefinementThreads                  = 4                                         {product} {ergonomic}
   size_t G1HeapRegionSize                         = 1048576                                   {product} {ergonomic}
    uintx GCDrainStackTargetSize                   = 64                                        {product} {ergonomic}
   size_t InitialHeapSize                          = 67108864                                  {product} {ergonomic}
   size_t MarkStackSize                            = 4194304                                   {product} {ergonomic}
   size_t MaxHeapSize                              = 1048576000                                {product} {ergonomic}
   size_t MaxNewSize                               = 629145600                                 {product} {ergonomic}
   size_t MinHeapDeltaBytes                        = 1048576                                   {product} {ergonomic}
    uintx NonNMethodCodeHeapSize                   = 6973028                                {pd product} {ergonomic}
    uintx NonProfiledCodeHeapSize                  = 244685212                              {pd product} {ergonomic}
    uintx ProfiledCodeHeapSize                     = 0                                      {pd product} {ergonomic}
    uintx ReservedCodeCacheSize                    = 251658240                              {pd product} {ergonomic}
     bool SegmentedCodeCache                       = true                                      {product} {ergonomic}
     intx TieredStopAtLevel                        = 1                                         {product} {command line}
     bool UseCompressedClassPointers               = true                                 {lp64_product} {ergonomic}
     bool UseCompressedOops                        = true                                 {lp64_product} {ergonomic}
     bool UseG1GC                                  = true                                      {product} {ergonomic}
     bool UseLargePagesIndividualAllocation        = false                                  {pd product} {ergonomic}

Logging:
Log output configuration:
 #0: stdout all=warning uptime,level,tags
 #1: stderr all=off uptime,level,tags

Environment Variables:
JAVA_HOME=D:\Descargas\IDAT -- CICLO5\prof.Huapalla\jdk-11.0.8
PATH=C:\Program Files\Microsoft\jdk-11.0.12.7-hotspot\bin;C:\Program Files\Common Files\Oracle\Java\javapath;C:\app\ADMIN\product\21c\dbhomeXE\bin;C:\Program Files (x86)\Common Files\Oracle\Java\javapath;C:\Windows\system32;C:\Windows;C:\Windows\System32\Wbem;C:\Windows\System32\WindowsPowerShell\v1.0\;C:\Windows\System32\OpenSSH\;C:\Program Files\Microsoft SQL Server\Client SDK\ODBC\170\Tools\Binn\;C:\Program Files (x86)\Microsoft SQL Server\150\Tools\Binn\;C:\Program Files\Microsoft SQL Server\150\Tools\Binn\;C:\Program Files\Microsoft SQL Server\150\DTS\Binn\;C:\Program Files (x86)\Microsoft SQL Server\150\DTS\Binn\;C:\Program Files\Azure Data Studio\bin;C:\Program Files\dotnet\;C:\Program Files\Microsoft SQL Server\130\Tools\Binn\;C:\Program Files (x86)\Rational\common;C:\Program Files\nodejs\;C:\Program Files\Git\cmd;C:\Users\ADMIN\AppData\Local\Microsoft\WindowsApps;;C:\Program Files\Azure Data Studio\bin;C:\Users\ADMIN\.dotnet\tools;C:\Users\ADMIN\AppData\Local\Programs\Microsoft VS Code\bin;C:\Users\ADMIN\AppData\Roaming\npm;C:\Program Files\heroku\bin
USERNAME=ADMIN
OS=Windows_NT
PROCESSOR_IDENTIFIER=Intel64 Family 6 Model 42 Stepping 7, GenuineIntel



---------------  S Y S T E M  ---------------

OS: Windows 10 , 64 bit Build 19041 (10.0.19041.1889)

CPU:total 4 (initial active 4) (2 cores per cpu, 2 threads per core) family 6 model 42 stepping 7, cmov, cx8, fxsr, mmx, sse, sse2, sse3, ssse3, sse4.1, sse4.2, popcnt, avx, clmul, ht, tsc, tscinvbit

Memory: 4k page, system-wide physical 3996M (217M free)
TotalPageFile size 6044M (AvailPageFile size 14M)
current process WorkingSet (physical memory assigned to process): 135M, peak: 135M
current process commit charge ("private bytes"): 186M, peak: 202M

vm_info: Java HotSpot(TM) 64-Bit Server VM (11.0.8+10-LTS) for windows-amd64 JRE (11.0.8+10-LTS), built on Jun 16 2020 05:53:08 by "mach5one" with unknown MS VC++:1916

END.
