#
# There is insufficient memory for the Java Runtime Environment to continue.
# Native memory allocation (mmap) failed to map 67108864 bytes for Failed to commit area from 0x00000000c1800000 to 0x00000000c5800000 of length 67108864.
# Possible reasons:
#   The system is out of physical RAM or swap space
#   The process is running with CompressedOops enabled, and the Java Heap may be blocking the growth of the native heap
# Possible solutions:
#   Reduce memory load on the system
#   Increase physical memory or swap space
#   Check if swap backing store is full
#   Decrease Java heap size (-Xmx/-Xms)
#   Decrease number of Java threads
#   Decrease Java thread stack sizes (-Xss)
#   Set larger code cache with -XX:ReservedCodeCacheSize=
# This output file may be truncated or incomplete.
#
#  Out of Memory Error (./open/src/hotspot/os/windows/os_windows.cpp:3275), pid=5804, tid=5748
#
# JRE version:  (11.0.8+10) (build )
# Java VM: Java HotSpot(TM) 64-Bit Server VM (11.0.8+10-LTS, mixed mode, sharing, tiered, compressed oops, g1 gc, windows-amd64)
# No core dump will be written. Minidumps are not enabled by default on client versions of Windows
#

---------------  S U M M A R Y ------------

Command Line: -Xverify:none -XX:TieredStopAtLevel=1 -Xverify:none -XX:TieredStopAtLevel=1 pe.com.escuelanueva.ServicioEscuelaNuevaApplication

Host: Intel(R) Core(TM) i3-2120 CPU @ 3.30GHz, 4 cores, 3G,  Windows 10 , 64 bit Build 19041 (10.0.19041.1889)
Time: Thu Sep 29 17:27:01 2022 Hora est. Pacífico, Sudamérica elapsed time: 0 seconds (0d 0h 0m 0s)

---------------  T H R E A D  ---------------

Current thread (0x00000187ab3d0000):  JavaThread "Unknown thread" [_thread_in_vm, id=5748, stack(0x00000051cb700000,0x00000051cb800000)]

Stack: [0x00000051cb700000,0x00000051cb800000]
Native frames: (J=compiled Java code, j=interpreted, Vv=VM code, C=native code)
V  [jvm.dll+0x601aea]
V  [jvm.dll+0x737fef]
V  [jvm.dll+0x739675]
V  [jvm.dll+0x739cf3]
V  [jvm.dll+0x242848]
V  [jvm.dll+0x5fef8a]
V  [jvm.dll+0x5f3eb5]
V  [jvm.dll+0x2f651c]
V  [jvm.dll+0x2f63a2]
V  [jvm.dll+0x2fb056]
V  [jvm.dll+0x33ce9f]
V  [jvm.dll+0x33c8d0]
V  [jvm.dll+0x2d4768]
V  [jvm.dll+0x2d58c6]
V  [jvm.dll+0x713e67]
V  [jvm.dll+0x71570f]
V  [jvm.dll+0x349c19]
V  [jvm.dll+0x6f97f0]
V  [jvm.dll+0x3b2a5f]
V  [jvm.dll+0x3b4e81]
C  [jli.dll+0x5213]
C  [ucrtbase.dll+0x21bb2]
C  [KERNEL32.DLL+0x17034]
C  [ntdll.dll+0x52651]


---------------  P R O C E S S  ---------------

Threads class SMR info:
_java_thread_list=0x00000187ab205600, length=0, elements={
}

Java Threads: ( => current thread )

Other Threads:
  0x00000187ab3e7000 GCTaskThread "GC Thread#0" [stack: 0x00000051cb800000,0x00000051cb900000] [id=8888]
  0x00000187ab401800 ConcurrentGCThread "G1 Main Marker" [stack: 0x00000051cb900000,0x00000051cba00000] [id=7208]
  0x00000187ab403000 ConcurrentGCThread "G1 Conc#0" [stack: 0x00000051cba00000,0x00000051cbb00000] [id=7196]

[error occurred during error reporting (printing all threads), id 0xc0000005, EXCEPTION_ACCESS_VIOLATION (0xc0000005) at pc=0x00007fff7e6c2f67]

VM state:not at safepoint (not fully initialized)

VM Mutex/Monitor currently owned by a thread:  ([mutex/lock_event])
[0x00000187ab3ccc10] Heap_lock - owner thread: 0x00000187ab3d0000

Heap address: 0x00000000c1800000, size: 1000 MB, Compressed Oops mode: Non-zero based: 0x00000000c1800000
Narrow klass base: 0x0000000000000000, Narrow klass shift: 0

GC Heap History (0 events):
No events

Deoptimization events (0 events):
No events

Classes redefined (0 events):
No events

Internal exceptions (0 events):
No events

Events (0 events):
No events


Dynamic libraries:
0x00007ff663970000 - 0x00007ff66397f000 	D:\Descargas\IDAT -- CICLO5\prof.Huapalla\jdk-11.0.8\bin\java.exe
0x00007fffdd110000 - 0x00007fffdd308000 	C:\Windows\SYSTEM32\ntdll.dll
0x00007fffdc8b0000 - 0x00007fffdc96d000 	C:\Windows\System32\KERNEL32.DLL
0x00007fffdabb0000 - 0x00007fffdae7e000 	C:\Windows\System32\KERNELBASE.dll
0x00007fffda900000 - 0x00007fffdaa00000 	C:\Windows\System32\ucrtbase.dll
0x00007fffd6570000 - 0x00007fffd6588000 	D:\Descargas\IDAT -- CICLO5\prof.Huapalla\jdk-11.0.8\bin\jli.dll
0x00007fffdb950000 - 0x00007fffdb9fe000 	C:\Windows\System32\ADVAPI32.dll
0x00007fffdb340000 - 0x00007fffdb3de000 	C:\Windows\System32\msvcrt.dll
0x00007fffdbb30000 - 0x00007fffdbbcc000 	C:\Windows\System32\sechost.dll
0x00007fffdcfa0000 - 0x00007fffdd0c5000 	C:\Windows\System32\RPCRT4.dll
0x00007fffdbce0000 - 0x00007fffdbe80000 	C:\Windows\System32\USER32.dll
0x00007fffdab10000 - 0x00007fffdab32000 	C:\Windows\System32\win32u.dll
0x00007fffdb920000 - 0x00007fffdb94a000 	C:\Windows\System32\GDI32.dll
0x00007fffdaa00000 - 0x00007fffdab0b000 	C:\Windows\System32\gdi32full.dll
0x00007fffda830000 - 0x00007fffda8cd000 	C:\Windows\System32\msvcp_win.dll
0x00007fffcfa60000 - 0x00007fffcfa75000 	D:\Descargas\IDAT -- CICLO5\prof.Huapalla\jdk-11.0.8\bin\VCRUNTIME140.dll
0x00007fffc55d0000 - 0x00007fffc586a000 	C:\Windows\WinSxS\amd64_microsoft.windows.common-controls_6595b64144ccf1df_6.0.19041.1110_none_60b5254171f9507e\COMCTL32.dll
0x00007fffce590000 - 0x00007fffce59a000 	C:\Windows\SYSTEM32\VERSION.dll
0x00007fffdc970000 - 0x00007fffdc9a0000 	C:\Windows\System32\IMM32.DLL
0x00007fffa4500000 - 0x00007fffa459b000 	D:\Descargas\IDAT -- CICLO5\prof.Huapalla\jdk-11.0.8\bin\msvcp140.dll
0x00007fff7e3e0000 - 0x00007fff7eec6000 	D:\Descargas\IDAT -- CICLO5\prof.Huapalla\jdk-11.0.8\bin\server\jvm.dll
0x00007fffdb7a0000 - 0x00007fffdb7a8000 	C:\Windows\System32\PSAPI.DLL
0x00007fffbbd70000 - 0x00007fffbbd79000 	C:\Windows\SYSTEM32\WSOCK32.dll
0x00007fffdb7c0000 - 0x00007fffdb82b000 	C:\Windows\System32\WS2_32.dll
0x00007fffc71c0000 - 0x00007fffc71e7000 	C:\Windows\SYSTEM32\WINMM.dll
0x00007fffd8750000 - 0x00007fffd8762000 	C:\Windows\SYSTEM32\kernel.appcore.dll
0x00007fffd5540000 - 0x00007fffd5550000 	D:\Descargas\IDAT -- CICLO5\prof.Huapalla\jdk-11.0.8\bin\verify.dll
0x00007fffc78b0000 - 0x00007fffc7a94000 	C:\Windows\SYSTEM32\DBGHELP.DLL
0x00007fffc7190000 - 0x00007fffc71bc000 	C:\Windows\SYSTEM32\dbgcore.DLL
0x00007fffdaf80000 - 0x00007fffdb002000 	C:\Windows\System32\bcryptPrimitives.dll
0x00007fffc6fe0000 - 0x00007fffc7008000 	D:\Descargas\IDAT -- CICLO5\prof.Huapalla\jdk-11.0.8\bin\java.dll
0x00007fffd5510000 - 0x00007fffd551a000 	D:\Descargas\IDAT -- CICLO5\prof.Huapalla\jdk-11.0.8\bin\jimage.dll
0x00007fffc6fc0000 - 0x00007fffc6fd6000 	D:\Descargas\IDAT -- CICLO5\prof.Huapalla\jdk-11.0.8\bin\zip.dll

dbghelp: loaded successfully - version: 4.0.5 - missing functions: none
symbol engine: initialized successfully - sym options: 0x614 - pdb path: .;D:\Descargas\IDAT -- CICLO5\prof.Huapalla\jdk-11.0.8\bin;C:\Windows\SYSTEM32;C:\Windows\WinSxS\amd64_microsoft.windows.common-controls_6595b64144ccf1df_6.0.19041.1110_none_60b5254171f9507e;D:\Descargas\IDAT -- CICLO5\prof.Huapalla\jdk-11.0.8\bin\server

VM Arguments:
jvm_args: -Xverify:none -XX:TieredStopAtLevel=1 -Xverify:none -XX:TieredStopAtLevel=1 
java_command: pe.com.escuelanueva.ServicioEscuelaNuevaApplication
java_class_path (initial): D:\Descargas\IDAT -- CICLO5\Aplicaciones con Enfoque Orientada A Servicios\ServiciosWebSpring\laboratorio01\ServicioEscuelaNueva\target\classes;C:\Users\ADMIN\.m2\repository\org\springframework\spring-aop\5.3.22\spring-aop-5.3.22.jar;C:\Users\ADMIN\.m2\repository\org\aspectj\aspectjweaver\1.9.7\aspectjweaver-1.9.7.jar;C:\Users\ADMIN\.m2\repository\com\zaxxer\HikariCP\4.0.3\HikariCP-4.0.3.jar;C:\Users\ADMIN\.m2\repository\org\springframework\spring-jdbc\5.3.22\spring-jdbc-5.3.22.jar;C:\Users\ADMIN\.m2\repository\jakarta\transaction\jakarta.transaction-api\1.3.3\jakarta.transaction-api-1.3.3.jar;C:\Users\ADMIN\.m2\repository\jakarta\persistence\jakarta.persistence-api\2.2.3\jakarta.persistence-api-2.2.3.jar;C:\Users\ADMIN\.m2\repository\org\hibernate\hibernate-core\5.6.10.Final\hibernate-core-5.6.10.Final.jar;C:\Users\ADMIN\.m2\repository\org\jboss\logging\jboss-logging\3.4.3.Final\jboss-logging-3.4.3.Final.jar;C:\Users\ADMIN\.m2\repository\net\bytebuddy\byte-buddy\1.12.13\byte-buddy-1.12.13.jar;C:\Users\ADMIN\.m2\repository\antlr\antlr\2.7.7\antlr-2.7.7.jar;C:\Users\ADMIN\.m2\repository\org\jboss\jandex\2.4.2.Final\jandex-2.4.2.Final.jar;C:\Users\ADMIN\.m2\repository\com\fasterxml\classmate\1.5.1\classmate-1.5.1.jar;C:\Users\ADMIN\.m2\repository\org\hibernate\common\hibernate-commons-annotations\5.1.2.Final\hibernate-commons-annotations-5.1.2.Final.jar;C:\Users\ADMIN\.m2\repository\org\glassfish\jaxb\jaxb-runtime\2.3.6\jaxb-runtime-2.3.6.jar;C:\Users\ADMIN\.m2\repository\org\glassfish\jaxb\txw2\2.3.6\txw2-2.3.6.jar;C:\Users\ADMIN\.m2\repository\com\sun\istack\istack-commons-runtime\3.0.12\istack-commons-runtime-3.0.12.jar;C:\Users\ADMIN\.m2\repository\com\sun\activation\jakarta.activation\1.2.2\jakarta.activation-1.2.2.jar;C:\Users\ADMIN\.m2\repository\org\springframework\data\spring-data-jpa\2.7.2\spring-data-jpa-2.7.2.jar;C:\Users\ADMIN\.m2\repository\org\springframework\data\spring-data-commons\2.7.2\spring-data-commons-2.7.2.jar;C:\Us
Launcher Type: SUN_STANDARD

[Global flags]
     bool BytecodeVerificationLocal                = false                                     {product} {command line}
     bool BytecodeVerificationRemote               = false                                     {product} {command line}
     intx CICompilerCount                          = 3                                         {product} {ergonomic}
     uint ConcGCThreads                            = 1                                         {product} {ergonomic}
     uint G1ConcRefinementThreads                  = 4                                         {product} {ergonomic}
   size_t G1HeapRegionSize                         = 1048576                                   {product} {ergonomic}
    uintx GCDrainStackTargetSize                   = 64                                        {product} {ergonomic}
   size_t InitialHeapSize                          = 67108864                                  {product} {ergonomic}
   size_t MarkStackSize                            = 4194304                                   {product} {ergonomic}
   size_t MaxHeapSize                              = 1048576000                                {product} {ergonomic}
   size_t MinHeapDeltaBytes                        = 1048576                                   {product} {ergonomic}
    uintx NonNMethodCodeHeapSize                   = 6973028                                {pd product} {ergonomic}
    uintx NonProfiledCodeHeapSize                  = 244685212                              {pd product} {ergonomic}
    uintx ProfiledCodeHeapSize                     = 0                                      {pd product} {ergonomic}
    uintx ReservedCodeCacheSize                    = 251658240                              {pd product} {ergonomic}
     bool SegmentedCodeCache                       = true                                      {product} {ergonomic}
     intx TieredStopAtLevel                        = 1                                         {product} {command line}
     bool UseCompressedClassPointers               = true                                 {lp64_product} {ergonomic}
     bool UseCompressedOops                        = true                                 {lp64_product} {ergonomic}
     bool UseG1GC                                  = true                                      {product} {ergonomic}
     bool UseLargePagesIndividualAllocation        = false                                  {pd product} {ergonomic}

Logging:
Log output configuration:
 #0: stdout all=warning uptime,level,tags
 #1: stderr all=off uptime,level,tags

Environment Variables:
JAVA_HOME=D:\Descargas\IDAT -- CICLO5\prof.Huapalla\jdk-11.0.8
PATH=C:\Program Files\Microsoft\jdk-11.0.12.7-hotspot\bin;C:\Program Files\Common Files\Oracle\Java\javapath;C:\app\ADMIN\product\21c\dbhomeXE\bin;C:\Program Files (x86)\Common Files\Oracle\Java\javapath;C:\Windows\system32;C:\Windows;C:\Windows\System32\Wbem;C:\Windows\System32\WindowsPowerShell\v1.0\;C:\Windows\System32\OpenSSH\;C:\Program Files\Microsoft SQL Server\Client SDK\ODBC\170\Tools\Binn\;C:\Program Files (x86)\Microsoft SQL Server\150\Tools\Binn\;C:\Program Files\Microsoft SQL Server\150\Tools\Binn\;C:\Program Files\Microsoft SQL Server\150\DTS\Binn\;C:\Program Files (x86)\Microsoft SQL Server\150\DTS\Binn\;C:\Program Files\Azure Data Studio\bin;C:\Program Files\dotnet\;C:\Program Files\Microsoft SQL Server\130\Tools\Binn\;C:\Program Files (x86)\Rational\common;C:\Program Files\nodejs\;C:\Program Files\Git\cmd;C:\Users\ADMIN\AppData\Local\Microsoft\WindowsApps;;C:\Program Files\Azure Data Studio\bin;C:\Users\ADMIN\.dotnet\tools;C:\Users\ADMIN\AppData\Local\Programs\Microsoft VS Code\bin;C:\Users\ADMIN\AppData\Roaming\npm;C:\Program Files\heroku\bin
USERNAME=ADMIN
OS=Windows_NT
PROCESSOR_IDENTIFIER=Intel64 Family 6 Model 42 Stepping 7, GenuineIntel



---------------  S Y S T E M  ---------------

OS: Windows 10 , 64 bit Build 19041 (10.0.19041.1889)

CPU:total 4 (initial active 4) (2 cores per cpu, 2 threads per core) family 6 model 42 stepping 7, cmov, cx8, fxsr, mmx, sse, sse2, sse3, ssse3, sse4.1, sse4.2, popcnt, avx, clmul, ht, tsc, tscinvbit

Memory: 4k page, system-wide physical 3996M (447M free)
TotalPageFile size 6044M (AvailPageFile size 46M)
current process WorkingSet (physical memory assigned to process): 9M, peak: 9M
current process commit charge ("private bytes"): 49M, peak: 113M

vm_info: Java HotSpot(TM) 64-Bit Server VM (11.0.8+10-LTS) for windows-amd64 JRE (11.0.8+10-LTS), built on Jun 16 2020 05:53:08 by "mach5one" with unknown MS VC++:1916

END.
