#
# There is insufficient memory for the Java Runtime Environment to continue.
# Native memory allocation (malloc) failed to allocate 1153616 bytes for Chunk::new
# Possible reasons:
#   The system is out of physical RAM or swap space
#   The process is running with CompressedOops enabled, and the Java Heap may be blocking the growth of the native heap
# Possible solutions:
#   Reduce memory load on the system
#   Increase physical memory or swap space
#   Check if swap backing store is full
#   Decrease Java heap size (-Xmx/-Xms)
#   Decrease number of Java threads
#   Decrease Java thread stack sizes (-Xss)
#   Set larger code cache with -XX:ReservedCodeCacheSize=
#   JVM is running with Unscaled Compressed Oops mode in which the Java heap is
#     placed in the first 4GB address space. The Java Heap base address is the
#     maximum limit for the native heap growth. Please use -XX:HeapBaseMinAddress
#     to set the Java Heap base and to place the Java Heap above 4GB virtual address.
# This output file may be truncated or incomplete.
#
#  Out of Memory Error (./open/src/hotspot/share/memory/arena.cpp:197), pid=2680, tid=10816
#
# JRE version: Java(TM) SE Runtime Environment 18.9 (11.0.8+10) (build 11.0.8+10-LTS)
# Java VM: Java HotSpot(TM) 64-Bit Server VM 18.9 (11.0.8+10-LTS, mixed mode, tiered, compressed oops, g1 gc, windows-amd64)
# No core dump will be written. Minidumps are not enabled by default on client versions of Windows
#

---------------  S U M M A R Y ------------

Command Line: -Dclassworlds.conf=D:\Descargas\NetBeansss-14\NetBeans-14\netbeans\java\maven\bin\m2.conf -Dmaven.home=D:\Descargas\NetBeansss-14\NetBeans-14\netbeans\java\maven -Dlibrary.jansi.path=D:\Descargas\NetBeansss-14\NetBeans-14\netbeans\java\maven\lib\jansi-native -Dmaven.multiModuleProjectDirectory=D:\Descargas org.codehaus.plexus.classworlds.launcher.Launcher -Dspring-boot.run.jvmArguments=-noverify -XX:TieredStopAtLevel=1 -Dspring-boot.run.mainClass=pe.com.escuelanueva.ServicioEscuelaNuevaApplication -Dexec.vmArgs= -Dexec.appArgs= -Dmaven.ext.class.path=D:\Descargas\NetBeansss-14\NetBeans-14\netbeans\java\maven-nblib\netbeans-eventspy.jar -Dfile.encoding=UTF-8 spring-boot:run

Host: Intel(R) Core(TM) i3-2120 CPU @ 3.30GHz, 4 cores, 3G,  Windows 10 , 64 bit Build 19041 (10.0.19041.1889)
Time: Thu Sep 29 17:22:07 2022 Hora est. Pacífico, Sudamérica elapsed time: 4 seconds (0d 0h 0m 4s)

---------------  T H R E A D  ---------------

Current thread (0x0000025d72ced000):  JavaThread "C2 CompilerThread1" daemon [_thread_in_native, id=10816, stack(0x000000ec9fe00000,0x000000ec9ff00000)]


Current CompileTask:
C2:   4762 3565       4       org.eclipse.sisu.inject.LocatedBeans$Itr::hasNext (161 bytes)

Stack: [0x000000ec9fe00000,0x000000ec9ff00000]
Native frames: (J=compiled Java code, j=interpreted, Vv=VM code, C=native code)
V  [jvm.dll+0x601aea]
V  [jvm.dll+0x737fef]
V  [jvm.dll+0x739675]
V  [jvm.dll+0x739cf3]
V  [jvm.dll+0x242848]
V  [jvm.dll+0xb999c]
V  [jvm.dll+0xb9f2c]
V  [jvm.dll+0x344162]
V  [jvm.dll+0x312003]
V  [jvm.dll+0x31134a]
V  [jvm.dll+0x1fc2e5]
V  [jvm.dll+0x1fb49f]
V  [jvm.dll+0x17e0fc]
V  [jvm.dll+0x20aaa4]
V  [jvm.dll+0x208b7b]
V  [jvm.dll+0x6ff90c]
V  [jvm.dll+0x6f845c]
V  [jvm.dll+0x600d66]
C  [ucrtbase.dll+0x21bb2]
C  [KERNEL32.DLL+0x17034]
C  [ntdll.dll+0x52651]


---------------  P R O C E S S  ---------------

Threads class SMR info:
_java_thread_list=0x0000025d729bda30, length=11, elements={
0x0000025d55330800, 0x0000025d71920800, 0x0000025d7192e000, 0x0000025d71992000,
0x0000025d71994000, 0x0000025d71995800, 0x0000025d71942000, 0x0000025d71944800,
0x0000025d71c24800, 0x0000025d71c2c000, 0x0000025d72ced000
}

Java Threads: ( => current thread )
  0x0000025d55330800 JavaThread "main" [_thread_in_vm, id=2756, stack(0x000000ec9ec00000,0x000000ec9ed00000)]
  0x0000025d71920800 JavaThread "Reference Handler" daemon [_thread_blocked, id=12092, stack(0x000000ec9f300000,0x000000ec9f400000)]
  0x0000025d7192e000 JavaThread "Finalizer" daemon [_thread_blocked, id=6624, stack(0x000000ec9f400000,0x000000ec9f500000)]
  0x0000025d71992000 JavaThread "Signal Dispatcher" daemon [_thread_blocked, id=6832, stack(0x000000ec9f500000,0x000000ec9f600000)]
  0x0000025d71994000 JavaThread "Attach Listener" daemon [_thread_blocked, id=2960, stack(0x000000ec9f600000,0x000000ec9f700000)]
  0x0000025d71995800 JavaThread "C2 CompilerThread0" daemon [_thread_in_native, id=3388, stack(0x000000ec9f700000,0x000000ec9f800000)]
  0x0000025d71942000 JavaThread "C1 CompilerThread0" daemon [_thread_in_native, id=5736, stack(0x000000ec9f800000,0x000000ec9f900000)]
  0x0000025d71944800 JavaThread "Sweeper thread" daemon [_thread_blocked, id=2548, stack(0x000000ec9f900000,0x000000ec9fa00000)]
  0x0000025d71c24800 JavaThread "Service Thread" daemon [_thread_blocked, id=2188, stack(0x000000ec9fa00000,0x000000ec9fb00000)]
  0x0000025d71c2c000 JavaThread "Common-Cleaner" daemon [_thread_blocked, id=2088, stack(0x000000ec9fc00000,0x000000ec9fd00000)]
=>0x0000025d72ced000 JavaThread "C2 CompilerThread1" daemon [_thread_in_native, id=10816, stack(0x000000ec9fe00000,0x000000ec9ff00000)]

Other Threads:
  0x0000025d718fc800 VMThread "VM Thread" [stack: 0x000000ec9f200000,0x000000ec9f300000] [id=7464]
  0x0000025d71c29000 WatcherThread [stack: 0x000000ec9fb00000,0x000000ec9fc00000] [id=2092]
  0x0000025d55347000 GCTaskThread "GC Thread#0" [stack: 0x000000ec9ed00000,0x000000ec9ee00000] [id=3332]
  0x0000025d72274800 GCTaskThread "GC Thread#1" [stack: 0x000000ec9fd00000,0x000000ec9fe00000] [id=10648]
  0x0000025d5535c000 ConcurrentGCThread "G1 Main Marker" [stack: 0x000000ec9ee00000,0x000000ec9ef00000] [id=3080]
  0x0000025d5535d000 ConcurrentGCThread "G1 Conc#0" [stack: 0x000000ec9ef00000,0x000000ec9f000000] [id=2600]
  0x0000025d553b5000 ConcurrentGCThread "G1 Refine#0" [stack: 0x000000ec9f000000,0x000000ec9f100000] [id=11652]
  0x0000025d553b7000 ConcurrentGCThread "G1 Young RemSet Sampling" [stack: 0x000000ec9f100000,0x000000ec9f200000] [id=4576]

Threads with active compile tasks:
C2 CompilerThread0   4804 3591   !   4       org.apache.maven.model.Plugin::clone (204 bytes)
C1 CompilerThread0   4804 3656       3       com.google.inject.TypeLiteral::getParameterTypes (115 bytes)
C2 CompilerThread1   4804 3565       4       org.eclipse.sisu.inject.LocatedBeans$Itr::hasNext (161 bytes)

VM state:not at safepoint (normal execution)

VM Mutex/Monitor currently owned by a thread: None

Heap address: 0x00000000c1800000, size: 1000 MB, Compressed Oops mode: 32-bit
Narrow klass base: 0x0000000000000000, Narrow klass shift: 3
Compressed class space size: 1073741824 Address: 0x0000000100000000

Heap:
 garbage-first heap   total 78848K, used 69347K [0x00000000c1800000, 0x0000000100000000)
  region size 1024K, 12 young (12288K), 4 survivors (4096K)
 Metaspace       used 22753K, capacity 23303K, committed 23472K, reserved 1071104K
  class space    used 2355K, capacity 2536K, committed 2560K, reserved 1048576K
Heap Regions: E=young(eden), S=young(survivor), O=old, HS=humongous(starts), HC=humongous(continues), CS=collection set, F=free, A=archive, TAMS=top-at-mark-start (previous, next)
|   0|0x00000000c1800000, 0x00000000c1900000, 0x00000000c1900000|100%| O|  |TAMS 0x00000000c1900000, 0x00000000c1800000| Untracked 
|   1|0x00000000c1900000, 0x00000000c1a00000, 0x00000000c1a00000|100%| O|  |TAMS 0x00000000c1a00000, 0x00000000c1900000| Untracked 
|   2|0x00000000c1a00000, 0x00000000c1b00000, 0x00000000c1b00000|100%| O|  |TAMS 0x00000000c1b00000, 0x00000000c1a00000| Untracked 
|   3|0x00000000c1b00000, 0x00000000c1c00000, 0x00000000c1c00000|100%| O|  |TAMS 0x00000000c1c00000, 0x00000000c1b00000| Untracked 
|   4|0x00000000c1c00000, 0x00000000c1d00000, 0x00000000c1d00000|100%| O|  |TAMS 0x00000000c1d00000, 0x00000000c1c00000| Untracked 
|   5|0x00000000c1d00000, 0x00000000c1e00000, 0x00000000c1e00000|100%| O|  |TAMS 0x00000000c1e00000, 0x00000000c1d00000| Untracked 
|   6|0x00000000c1e00000, 0x00000000c1f00000, 0x00000000c1f00000|100%| O|  |TAMS 0x00000000c1f00000, 0x00000000c1e00000| Untracked 
|   7|0x00000000c1f00000, 0x00000000c2000000, 0x00000000c2000000|100%| O|  |TAMS 0x00000000c2000000, 0x00000000c1f00000| Untracked 
|   8|0x00000000c2000000, 0x00000000c2100000, 0x00000000c2100000|100%| O|  |TAMS 0x00000000c2100000, 0x00000000c2000000| Untracked 
|   9|0x00000000c2100000, 0x00000000c2139200, 0x00000000c2200000| 22%| O|  |TAMS 0x00000000c2139200, 0x00000000c2100000| Untracked 
|  10|0x00000000c2200000, 0x00000000c2300000, 0x00000000c2300000|100%|HS|  |TAMS 0x00000000c2300000, 0x00000000c2200000| Complete 
|  11|0x00000000c2300000, 0x00000000c2400000, 0x00000000c2400000|100%|HC|  |TAMS 0x00000000c2400000, 0x00000000c2300000| Complete 
|  12|0x00000000c2400000, 0x00000000c2500000, 0x00000000c2500000|100%|HC|  |TAMS 0x00000000c2500000, 0x00000000c2400000| Complete 
|  13|0x00000000c2500000, 0x00000000c2600000, 0x00000000c2600000|100%|HC|  |TAMS 0x00000000c2600000, 0x00000000c2500000| Complete 
|  14|0x00000000c2600000, 0x00000000c2700000, 0x00000000c2700000|100%|HC|  |TAMS 0x00000000c2700000, 0x00000000c2600000| Complete 
|  15|0x00000000c2700000, 0x00000000c2800000, 0x00000000c2800000|100%|HC|  |TAMS 0x00000000c2800000, 0x00000000c2700000| Complete 
|  16|0x00000000c2800000, 0x00000000c2900000, 0x00000000c2900000|100%|HC|  |TAMS 0x00000000c2900000, 0x00000000c2800000| Complete 
|  17|0x00000000c2900000, 0x00000000c2a00000, 0x00000000c2a00000|100%|HC|  |TAMS 0x00000000c2a00000, 0x00000000c2900000| Complete 
|  18|0x00000000c2a00000, 0x00000000c2b00000, 0x00000000c2b00000|100%|HS|  |TAMS 0x00000000c2b00000, 0x00000000c2a00000| Complete 
|  19|0x00000000c2b00000, 0x00000000c2c00000, 0x00000000c2c00000|100%|HC|  |TAMS 0x00000000c2c00000, 0x00000000c2b00000| Complete 
|  20|0x00000000c2c00000, 0x00000000c2d00000, 0x00000000c2d00000|100%|HC|  |TAMS 0x00000000c2d00000, 0x00000000c2c00000| Complete 
|  21|0x00000000c2d00000, 0x00000000c2e00000, 0x00000000c2e00000|100%|HC|  |TAMS 0x00000000c2e00000, 0x00000000c2d00000| Complete 
|  22|0x00000000c2e00000, 0x00000000c2f00000, 0x00000000c2f00000|100%|HC|  |TAMS 0x00000000c2f00000, 0x00000000c2e00000| Complete 
|  23|0x00000000c2f00000, 0x00000000c3000000, 0x00000000c3000000|100%|HC|  |TAMS 0x00000000c3000000, 0x00000000c2f00000| Complete 
|  24|0x00000000c3000000, 0x00000000c3100000, 0x00000000c3100000|100%|HC|  |TAMS 0x00000000c3100000, 0x00000000c3000000| Complete 
|  25|0x00000000c3100000, 0x00000000c3200000, 0x00000000c3200000|100%|HC|  |TAMS 0x00000000c3200000, 0x00000000c3100000| Complete 
|  26|0x00000000c3200000, 0x00000000c3300000, 0x00000000c3300000|100%|HC|  |TAMS 0x00000000c3300000, 0x00000000c3200000| Complete 
|  27|0x00000000c3300000, 0x00000000c3400000, 0x00000000c3400000|100%|HC|  |TAMS 0x00000000c3400000, 0x00000000c3300000| Complete 
|  28|0x00000000c3400000, 0x00000000c3500000, 0x00000000c3500000|100%|HC|  |TAMS 0x00000000c3500000, 0x00000000c3400000| Complete 
|  29|0x00000000c3500000, 0x00000000c3600000, 0x00000000c3600000|100%|HC|  |TAMS 0x00000000c3600000, 0x00000000c3500000| Complete 
|  30|0x00000000c3600000, 0x00000000c3700000, 0x00000000c3700000|100%|HS|  |TAMS 0x00000000c3600000, 0x00000000c3600000| Complete 
|  31|0x00000000c3700000, 0x00000000c3800000, 0x00000000c3800000|100%|HC|  |TAMS 0x00000000c3700000, 0x00000000c3700000| Complete 
|  32|0x00000000c3800000, 0x00000000c3900000, 0x00000000c3900000|100%|HC|  |TAMS 0x00000000c3800000, 0x00000000c3800000| Complete 
|  33|0x00000000c3900000, 0x00000000c3a00000, 0x00000000c3a00000|100%|HC|  |TAMS 0x00000000c3900000, 0x00000000c3900000| Complete 
|  34|0x00000000c3a00000, 0x00000000c3b00000, 0x00000000c3b00000|100%|HC|  |TAMS 0x00000000c3a00000, 0x00000000c3a00000| Complete 
|  35|0x00000000c3b00000, 0x00000000c3c00000, 0x00000000c3c00000|100%|HC|  |TAMS 0x00000000c3b00000, 0x00000000c3b00000| Complete 
|  36|0x00000000c3c00000, 0x00000000c3d00000, 0x00000000c3d00000|100%|HC|  |TAMS 0x00000000c3c00000, 0x00000000c3c00000| Complete 
|  37|0x00000000c3d00000, 0x00000000c3e00000, 0x00000000c3e00000|100%|HC|  |TAMS 0x00000000c3d00000, 0x00000000c3d00000| Complete 
|  38|0x00000000c3e00000, 0x00000000c3f00000, 0x00000000c3f00000|100%|HC|  |TAMS 0x00000000c3e00000, 0x00000000c3e00000| Complete 
|  39|0x00000000c3f00000, 0x00000000c4000000, 0x00000000c4000000|100%|HC|  |TAMS 0x00000000c3f00000, 0x00000000c3f00000| Complete 
|  40|0x00000000c4000000, 0x00000000c4100000, 0x00000000c4100000|100%|HC|  |TAMS 0x00000000c4000000, 0x00000000c4000000| Complete 
|  41|0x00000000c4100000, 0x00000000c4200000, 0x00000000c4200000|100%|HC|  |TAMS 0x00000000c4100000, 0x00000000c4100000| Complete 
|  42|0x00000000c4200000, 0x00000000c4300000, 0x00000000c4300000|100%|HS|  |TAMS 0x00000000c4200000, 0x00000000c4200000| Complete 
|  43|0x00000000c4300000, 0x00000000c4400000, 0x00000000c4400000|100%|HC|  |TAMS 0x00000000c4300000, 0x00000000c4300000| Complete 
|  44|0x00000000c4400000, 0x00000000c4500000, 0x00000000c4500000|100%|HC|  |TAMS 0x00000000c4400000, 0x00000000c4400000| Complete 
|  45|0x00000000c4500000, 0x00000000c4600000, 0x00000000c4600000|100%|HC|  |TAMS 0x00000000c4500000, 0x00000000c4500000| Complete 
|  46|0x00000000c4600000, 0x00000000c4700000, 0x00000000c4700000|100%|HC|  |TAMS 0x00000000c4600000, 0x00000000c4600000| Complete 
|  47|0x00000000c4700000, 0x00000000c4800000, 0x00000000c4800000|100%|HC|  |TAMS 0x00000000c4700000, 0x00000000c4700000| Complete 
|  48|0x00000000c4800000, 0x00000000c4900000, 0x00000000c4900000|100%|HC|  |TAMS 0x00000000c4800000, 0x00000000c4800000| Complete 
|  49|0x00000000c4900000, 0x00000000c4a00000, 0x00000000c4a00000|100%|HC|  |TAMS 0x00000000c4900000, 0x00000000c4900000| Complete 
|  50|0x00000000c4a00000, 0x00000000c4b00000, 0x00000000c4b00000|100%|HS|  |TAMS 0x00000000c4a00000, 0x00000000c4a00000| Complete 
|  51|0x00000000c4b00000, 0x00000000c4c00000, 0x00000000c4c00000|100%|HC|  |TAMS 0x00000000c4b00000, 0x00000000c4b00000| Complete 
|  52|0x00000000c4c00000, 0x00000000c4d00000, 0x00000000c4d00000|100%|HC|  |TAMS 0x00000000c4c00000, 0x00000000c4c00000| Complete 
|  53|0x00000000c4d00000, 0x00000000c4e00000, 0x00000000c4e00000|100%|HC|  |TAMS 0x00000000c4d00000, 0x00000000c4d00000| Complete 
|  54|0x00000000c4e00000, 0x00000000c4f00000, 0x00000000c4f00000|100%|HC|  |TAMS 0x00000000c4e00000, 0x00000000c4e00000| Complete 
|  55|0x00000000c4f00000, 0x00000000c5000000, 0x00000000c5000000|100%|HC|  |TAMS 0x00000000c4f00000, 0x00000000c4f00000| Complete 
|  56|0x00000000c5000000, 0x00000000c5100000, 0x00000000c5100000|100%|HC|  |TAMS 0x00000000c5000000, 0x00000000c5000000| Complete 
|  57|0x00000000c5100000, 0x00000000c5200000, 0x00000000c5200000|100%|HC|  |TAMS 0x00000000c5100000, 0x00000000c5100000| Complete 
|  58|0x00000000c5200000, 0x00000000c527fdf0, 0x00000000c5300000| 49%| S|CS|TAMS 0x00000000c5200000, 0x00000000c5200000| Complete 
|  59|0x00000000c5300000, 0x00000000c5400000, 0x00000000c5400000|100%| S|CS|TAMS 0x00000000c5300000, 0x00000000c5300000| Complete 
|  60|0x00000000c5400000, 0x00000000c5500000, 0x00000000c5500000|100%| S|CS|TAMS 0x00000000c5400000, 0x00000000c5400000| Complete 
|  61|0x00000000c5500000, 0x00000000c5600000, 0x00000000c5600000|100%| S|CS|TAMS 0x00000000c5500000, 0x00000000c5500000| Complete 
|  62|0x00000000c5600000, 0x00000000c5600000, 0x00000000c5700000|  0%| F|  |TAMS 0x00000000c5600000, 0x00000000c5600000| Untracked 
|  63|0x00000000c5700000, 0x00000000c5700000, 0x00000000c5800000|  0%| F|  |TAMS 0x00000000c5700000, 0x00000000c5700000| Untracked 
|  64|0x00000000c5800000, 0x00000000c5800000, 0x00000000c5900000|  0%| F|  |TAMS 0x00000000c5800000, 0x00000000c5800000| Untracked 
|  65|0x00000000c5900000, 0x00000000c5900000, 0x00000000c5a00000|  0%| F|  |TAMS 0x00000000c5900000, 0x00000000c5900000| Untracked 
|  66|0x00000000c5a00000, 0x00000000c5a00000, 0x00000000c5b00000|  0%| F|  |TAMS 0x00000000c5a00000, 0x00000000c5a00000| Untracked 
|  67|0x00000000c5b00000, 0x00000000c5b00000, 0x00000000c5c00000|  0%| F|  |TAMS 0x00000000c5b00000, 0x00000000c5b00000| Untracked 
|  68|0x00000000c5c00000, 0x00000000c5c00000, 0x00000000c5d00000|  0%| F|  |TAMS 0x00000000c5c00000, 0x00000000c5c00000| Untracked 
|  69|0x00000000c5d00000, 0x00000000c5dfdef8, 0x00000000c5e00000| 99%| E|  |TAMS 0x00000000c5d00000, 0x00000000c5d00000| Complete 
|  70|0x00000000c5e00000, 0x00000000c5f00000, 0x00000000c5f00000|100%| E|CS|TAMS 0x00000000c5e00000, 0x00000000c5e00000| Complete 
|  71|0x00000000c5f00000, 0x00000000c6000000, 0x00000000c6000000|100%| E|CS|TAMS 0x00000000c5f00000, 0x00000000c5f00000| Complete 
|  72|0x00000000c6000000, 0x00000000c6100000, 0x00000000c6100000|100%| E|CS|TAMS 0x00000000c6000000, 0x00000000c6000000| Complete 
|  73|0x00000000c6100000, 0x00000000c6200000, 0x00000000c6200000|100%| E|CS|TAMS 0x00000000c6100000, 0x00000000c6100000| Complete 
|  74|0x00000000c6200000, 0x00000000c6300000, 0x00000000c6300000|100%| E|CS|TAMS 0x00000000c6200000, 0x00000000c6200000| Complete 
|  75|0x00000000c6300000, 0x00000000c6400000, 0x00000000c6400000|100%| E|CS|TAMS 0x00000000c6300000, 0x00000000c6300000| Complete 
|  76|0x00000000c6400000, 0x00000000c6500000, 0x00000000c6500000|100%| E|CS|TAMS 0x00000000c6400000, 0x00000000c6400000| Complete 

Card table byte_map: [0x0000025d6c940000,0x0000025d6cb40000] _byte_map_base: 0x0000025d6c334000

Marking Bits (Prev, Next): (CMBitMap*) 0x0000025d553574e8, (CMBitMap*) 0x0000025d55357520
 Prev Bits: [0x0000025d6cd40000, 0x0000025d6dce0000)
 Next Bits: [0x0000025d6dce0000, 0x0000025d6ec80000)

Polling page: 0x0000025d54b10000

Metaspace:

Usage:
  Non-class:     20.28 MB capacity,    19.92 MB ( 98%) used,   339.03 KB (  2%) free+waste,    26.69 KB ( <1%) overhead. 
      Class:      2.48 MB capacity,     2.30 MB ( 93%) used,   167.84 KB (  7%) free+waste,    10.69 KB ( <1%) overhead. 
       Both:     22.76 MB capacity,    22.23 MB ( 98%) used,   506.87 KB (  2%) free+waste,    37.38 KB ( <1%) overhead. 

Virtual space:
  Non-class space:       22.00 MB reserved,      20.42 MB ( 93%) committed 
      Class space:        1.00 GB reserved,       2.50 MB ( <1%) committed 
             Both:        1.02 GB reserved,      22.92 MB (  2%) committed 

Chunk freelists:
   Non-Class:  10.13 KB
       Class:  3.00 KB
        Both:  13.13 KB

CodeHeap 'non-profiled nmethods': size=120064Kb used=1731Kb max_used=1731Kb free=118332Kb
 bounds [0x0000025d65200000, 0x0000025d65470000, 0x0000025d6c740000]
CodeHeap 'profiled nmethods': size=120000Kb used=8456Kb max_used=8456Kb free=111543Kb
 bounds [0x0000025d5dcd0000, 0x0000025d5e520000, 0x0000025d65200000]
CodeHeap 'non-nmethods': size=5696Kb used=1116Kb max_used=1184Kb free=4579Kb
 bounds [0x0000025d5d740000, 0x0000025d5d9b0000, 0x0000025d5dcd0000]
 total_blobs=4066 nmethods=3636 adapters=341
 compilation: enabled
              stopped_count=0, restarted_count=0
 full_count=0

Compilation events (10 events):
Event: 4.754 Thread 0x0000025d71942000 3619       1       org.apache.maven.artifact.DefaultArtifact::setScope (6 bytes)
Event: 4.754 Thread 0x0000025d71942000 nmethod 3619 0x0000025d653af710 code [0x0000025d653af8a0, 0x0000025d653afa18]
Event: 4.754 Thread 0x0000025d71942000 3620       1       org.apache.maven.artifact.DefaultArtifact::setOptional (6 bytes)
Event: 4.754 Thread 0x0000025d71942000 nmethod 3620 0x0000025d653afa90 code [0x0000025d653afc20, 0x0000025d653afd38]
Event: 4.754 Thread 0x0000025d71942000 3621       1       org.apache.maven.artifact.DefaultArtifact::getFile (5 bytes)
Event: 4.754 Thread 0x0000025d71942000 nmethod 3621 0x0000025d653afd90 code [0x0000025d653aff20, 0x0000025d653b0038]
Event: 4.754 Thread 0x0000025d71942000 3623       1       java.net.URI::getScheme (5 bytes)
Event: 4.754 Thread 0x0000025d71942000 nmethod 3623 0x0000025d653b0090 code [0x0000025d653b0220, 0x0000025d653b0338]
Event: 4.755 Thread 0x0000025d71942000 3624       1       org.eclipse.sisu.inject.MildValues$Weak::key (5 bytes)
Event: 4.755 Thread 0x0000025d71942000 nmethod 3624 0x0000025d653b0390 code [0x0000025d653b0520, 0x0000025d653b0638]

GC Heap History (10 events):
Event: 1.481 GC heap before
{Heap before GC invocations=2 (full 0):
 garbage-first heap   total 65536K, used 27141K [0x00000000c1800000, 0x0000000100000000)
  region size 1024K, 24 young (24576K), 1 survivors (1024K)
 Metaspace       used 14388K, capacity 14583K, committed 14720K, reserved 1062912K
  class space    used 1485K, capacity 1579K, committed 1664K, reserved 1048576K
}
Event: 1.486 GC heap after
{Heap after GC invocations=3 (full 0):
 garbage-first heap   total 65536K, used 4242K [0x00000000c1800000, 0x0000000100000000)
  region size 1024K, 2 young (2048K), 2 survivors (2048K)
 Metaspace       used 14388K, capacity 14583K, committed 14720K, reserved 1062912K
  class space    used 1485K, capacity 1579K, committed 1664K, reserved 1048576K
}
Event: 2.682 GC heap before
{Heap before GC invocations=3 (full 0):
 garbage-first heap   total 65536K, used 33938K [0x00000000c1800000, 0x0000000100000000)
  region size 1024K, 31 young (31744K), 2 survivors (2048K)
 Metaspace       used 19603K, capacity 20020K, committed 20224K, reserved 1067008K
  class space    used 2132K, capacity 2248K, committed 2304K, reserved 1048576K
}
Event: 2.694 GC heap after
{Heap after GC invocations=4 (full 0):
 garbage-first heap   total 65536K, used 6608K [0x00000000c1800000, 0x0000000100000000)
  region size 1024K, 4 young (4096K), 4 survivors (4096K)
 Metaspace       used 19603K, capacity 20020K, committed 20224K, reserved 1067008K
  class space    used 2132K, capacity 2248K, committed 2304K, reserved 1048576K
}
Event: 3.510 GC heap before
{Heap before GC invocations=4 (full 0):
 garbage-first heap   total 65536K, used 34256K [0x00000000c1800000, 0x0000000100000000)
  region size 1024K, 32 young (32768K), 4 survivors (4096K)
 Metaspace       used 20770K, capacity 21126K, committed 21296K, reserved 1069056K
  class space    used 2207K, capacity 2319K, committed 2432K, reserved 1048576K
}
Event: 3.529 GC heap after
{Heap after GC invocations=5 (full 0):
 garbage-first heap   total 78848K, used 10177K [0x00000000c1800000, 0x0000000100000000)
  region size 1024K, 4 young (4096K), 4 survivors (4096K)
 Metaspace       used 20770K, capacity 21126K, committed 21296K, reserved 1069056K
  class space    used 2207K, capacity 2319K, committed 2432K, reserved 1048576K
}
Event: 4.223 GC heap before
{Heap before GC invocations=6 (full 0):
 garbage-first heap   total 78848K, used 51137K [0x00000000c1800000, 0x0000000100000000)
  region size 1024K, 44 young (45056K), 4 survivors (4096K)
 Metaspace       used 21378K, capacity 21821K, committed 22064K, reserved 1069056K
  class space    used 2228K, capacity 2358K, committed 2432K, reserved 1048576K
}
Event: 4.238 GC heap after
{Heap after GC invocations=7 (full 0):
 garbage-first heap   total 78848K, used 12160K [0x00000000c1800000, 0x0000000100000000)
  region size 1024K, 3 young (3072K), 3 survivors (3072K)
 Metaspace       used 21378K, capacity 21821K, committed 22064K, reserved 1069056K
  class space    used 2228K, capacity 2358K, committed 2432K, reserved 1048576K
}
Event: 4.610 GC heap before
{Heap before GC invocations=7 (full 0):
 garbage-first heap   total 78848K, used 46976K [0x00000000c1800000, 0x0000000100000000)
  region size 1024K, 18 young (18432K), 3 survivors (3072K)
 Metaspace       used 22482K, capacity 22939K, committed 23216K, reserved 1071104K
  class space    used 2338K, capacity 2496K, committed 2560K, reserved 1048576K
}
Event: 4.619 GC heap after
{Heap after GC invocations=8 (full 0):
 garbage-first heap   total 78848K, used 33507K [0x00000000c1800000, 0x0000000100000000)
  region size 1024K, 4 young (4096K), 4 survivors (4096K)
 Metaspace       used 22482K, capacity 22939K, committed 23216K, reserved 1071104K
  class space    used 2338K, capacity 2496K, committed 2560K, reserved 1048576K
}

Deoptimization events (10 events):
Event: 4.311 Thread 0x0000025d55330800 Uncommon trap: reason=profile_predicate action=maybe_recompile pc=0x0000025d65384f98 method=java.util.concurrent.ConcurrentHashMap.putAll(Ljava/util/Map;)V @ 28 c2
Event: 4.311 Thread 0x0000025d55330800 Uncommon trap: reason=profile_predicate action=maybe_recompile pc=0x0000025d65384f98 method=java.util.concurrent.ConcurrentHashMap.putAll(Ljava/util/Map;)V @ 28 c2
Event: 4.383 Thread 0x0000025d55330800 Uncommon trap: reason=unstable_if action=reinterpret pc=0x0000025d652bd954 method=sun.net.www.protocol.jar.Handler.parseURL(Ljava/net/URL;Ljava/lang/String;II)V @ 116 c2
Event: 4.452 Thread 0x0000025d55330800 Uncommon trap: reason=class_check action=maybe_recompile pc=0x0000025d652af28c method=com.google.inject.internal.LinkedBindingImpl.acceptTargetVisitor(Lcom/google/inject/spi/BindingTargetVisitor;)Ljava/lang/Object; @ 2 c2
Event: 4.452 Thread 0x0000025d55330800 Uncommon trap: reason=class_check action=maybe_recompile pc=0x0000025d652af28c method=com.google.inject.internal.LinkedBindingImpl.acceptTargetVisitor(Lcom/google/inject/spi/BindingTargetVisitor;)Ljava/lang/Object; @ 2 c2
Event: 4.489 Thread 0x0000025d55330800 Uncommon trap: reason=class_check action=maybe_recompile pc=0x0000025d652af28c method=com.google.inject.internal.LinkedBindingImpl.acceptTargetVisitor(Lcom/google/inject/spi/BindingTargetVisitor;)Ljava/lang/Object; @ 2 c2
Event: 4.489 Thread 0x0000025d55330800 Uncommon trap: reason=class_check action=maybe_recompile pc=0x0000025d652af28c method=com.google.inject.internal.LinkedBindingImpl.acceptTargetVisitor(Lcom/google/inject/spi/BindingTargetVisitor;)Ljava/lang/Object; @ 2 c2
Event: 4.494 Thread 0x0000025d55330800 Uncommon trap: reason=unstable_if action=reinterpret pc=0x0000025d6533de5c method=java.lang.ThreadLocal$ThreadLocalMap.getEntry(Ljava/lang/ThreadLocal;)Ljava/lang/ThreadLocal$ThreadLocalMap$Entry; @ 29 c2
Event: 4.496 Thread 0x0000025d55330800 Uncommon trap: reason=speculate_null_assert action=make_not_entrant pc=0x0000025d65376bbc method=org.eclipse.sisu.inject.RankedBindings$Itr.hasNext()Z @ 80 c2
Event: 4.554 Thread 0x0000025d55330800 Uncommon trap: reason=unstable_if action=reinterpret pc=0x0000025d65206f68 method=java.net.URI.match(CJJ)Z @ 19 c2

Classes redefined (0 events):
No events

Internal exceptions (10 events):
Event: 2.159 Thread 0x0000025d55330800 Exception <a 'java/lang/NoClassDefFoundError'{0x00000000c45e9ed0}: com/google/inject/servlet/ServletModuleTargetVisitor> (0x00000000c45e9ed0) thrown at [./open/src/hotspot/share/classfile/systemDictionary.cpp, line 217]
Event: 2.159 Thread 0x0000025d55330800 Exception <a 'java/lang/NoClassDefFoundError'{0x00000000c45e9ed0}> (0x00000000c45e9ed0) thrown at [./open/src/hotspot/share/prims/jvm.cpp, line 1300]
Event: 2.271 Thread 0x0000025d55330800 Exception <a 'java/lang/NoSuchMethodError'{0x00000000c4237e70}: java.lang.invoke.DirectMethodHandle$Holder.invokeStaticInit(Ljava/lang/Object;IIII)Ljava/lang/Object;> (0x00000000c4237e70) thrown at [./open/src/hotspot/share/interpreter/linkResolver.cpp, l
Event: 2.554 Thread 0x0000025d55330800 Implicit null exception at 0x0000025d65238774 to 0x0000025d65238d02
Event: 2.554 Thread 0x0000025d55330800 Implicit null exception at 0x0000025d652281f4 to 0x0000025d65228752
Event: 3.300 Thread 0x0000025d55330800 Implicit null exception at 0x0000025d652fa99a to 0x0000025d652fabde
Event: 3.300 Thread 0x0000025d55330800 Implicit null exception at 0x0000025d652f5b72 to 0x0000025d652f7706
Event: 3.300 Thread 0x0000025d55330800 Implicit null exception at 0x0000025d6525b1d5 to 0x0000025d6525b3a2
Event: 3.300 Thread 0x0000025d55330800 Implicit null exception at 0x0000025d6529763b to 0x0000025d65297d28
Event: 3.992 Thread 0x0000025d55330800 Implicit null exception at 0x0000025d6527f5af to 0x0000025d6527f61d

Events (10 events):
Event: 4.756 loading class org/apache/maven/plugin/compiler/CompilerMojo
Event: 4.756 loading class org/apache/maven/plugin/compiler/CompilerMojo done
Event: 4.758 loading class org/apache/maven/plugin/compiler/AbstractCompilerMojo
Event: 4.758 loading class org/apache/maven/plugin/compiler/AbstractCompilerMojo done
Event: 4.758 loading class org/apache/maven/plugin/compiler/AbstractCompilerMojo
Event: 4.758 loading class org/apache/maven/plugin/compiler/AbstractCompilerMojo done
Event: 4.758 loading class org/apache/maven/plugin/compiler/AbstractCompilerMojo
Event: 4.758 loading class org/apache/maven/plugin/compiler/AbstractCompilerMojo done
Event: 4.758 loading class org/apache/maven/plugin/compiler/AbstractCompilerMojo
Event: 4.758 loading class org/apache/maven/plugin/compiler/AbstractCompilerMojo done


Dynamic libraries:
0x00007ff663970000 - 0x00007ff66397f000 	D:\Descargas\IDAT -- CICLO5\prof.Huapalla\jdk-11.0.8\bin\java.exe
0x00007fffdd110000 - 0x00007fffdd308000 	C:\Windows\SYSTEM32\ntdll.dll
0x00007fffdc8b0000 - 0x00007fffdc96d000 	C:\Windows\System32\KERNEL32.DLL
0x00007fffdabb0000 - 0x00007fffdae7e000 	C:\Windows\System32\KERNELBASE.dll
0x00007fffda900000 - 0x00007fffdaa00000 	C:\Windows\System32\ucrtbase.dll
0x00007fffcfa60000 - 0x00007fffcfa75000 	D:\Descargas\IDAT -- CICLO5\prof.Huapalla\jdk-11.0.8\bin\VCRUNTIME140.dll
0x00007fffd6570000 - 0x00007fffd6588000 	D:\Descargas\IDAT -- CICLO5\prof.Huapalla\jdk-11.0.8\bin\jli.dll
0x00007fffdb950000 - 0x00007fffdb9fe000 	C:\Windows\System32\ADVAPI32.dll
0x00007fffdb340000 - 0x00007fffdb3de000 	C:\Windows\System32\msvcrt.dll
0x00007fffdbb30000 - 0x00007fffdbbcc000 	C:\Windows\System32\sechost.dll
0x00007fffdcfa0000 - 0x00007fffdd0c5000 	C:\Windows\System32\RPCRT4.dll
0x00007fffdbce0000 - 0x00007fffdbe80000 	C:\Windows\System32\USER32.dll
0x00007fffdab10000 - 0x00007fffdab32000 	C:\Windows\System32\win32u.dll
0x00007fffc55d0000 - 0x00007fffc586a000 	C:\Windows\WinSxS\amd64_microsoft.windows.common-controls_6595b64144ccf1df_6.0.19041.1110_none_60b5254171f9507e\COMCTL32.dll
0x00007fffdb920000 - 0x00007fffdb94a000 	C:\Windows\System32\GDI32.dll
0x00007fffdaa00000 - 0x00007fffdab0b000 	C:\Windows\System32\gdi32full.dll
0x00007fffda830000 - 0x00007fffda8cd000 	C:\Windows\System32\msvcp_win.dll
0x00007fffce590000 - 0x00007fffce59a000 	C:\Windows\SYSTEM32\VERSION.dll
0x00007fffdc970000 - 0x00007fffdc9a0000 	C:\Windows\System32\IMM32.DLL
0x00007fffa4500000 - 0x00007fffa459b000 	D:\Descargas\IDAT -- CICLO5\prof.Huapalla\jdk-11.0.8\bin\msvcp140.dll
0x00007fff7e3e0000 - 0x00007fff7eec6000 	D:\Descargas\IDAT -- CICLO5\prof.Huapalla\jdk-11.0.8\bin\server\jvm.dll
0x00007fffdb7a0000 - 0x00007fffdb7a8000 	C:\Windows\System32\PSAPI.DLL
0x00007fffbbd70000 - 0x00007fffbbd79000 	C:\Windows\SYSTEM32\WSOCK32.dll
0x00007fffc71c0000 - 0x00007fffc71e7000 	C:\Windows\SYSTEM32\WINMM.dll
0x00007fffdb7c0000 - 0x00007fffdb82b000 	C:\Windows\System32\WS2_32.dll
0x00007fffd8750000 - 0x00007fffd8762000 	C:\Windows\SYSTEM32\kernel.appcore.dll
0x00007fffd5540000 - 0x00007fffd5550000 	D:\Descargas\IDAT -- CICLO5\prof.Huapalla\jdk-11.0.8\bin\verify.dll
0x00007fffc78b0000 - 0x00007fffc7a94000 	C:\Windows\SYSTEM32\DBGHELP.DLL
0x00007fffc7190000 - 0x00007fffc71bc000 	C:\Windows\SYSTEM32\dbgcore.DLL
0x00007fffdaf80000 - 0x00007fffdb002000 	C:\Windows\System32\bcryptPrimitives.dll
0x00007fffc6fe0000 - 0x00007fffc7008000 	D:\Descargas\IDAT -- CICLO5\prof.Huapalla\jdk-11.0.8\bin\java.dll
0x00007fffd5510000 - 0x00007fffd551a000 	D:\Descargas\IDAT -- CICLO5\prof.Huapalla\jdk-11.0.8\bin\jimage.dll
0x00007fffc6fc0000 - 0x00007fffc6fd6000 	D:\Descargas\IDAT -- CICLO5\prof.Huapalla\jdk-11.0.8\bin\zip.dll
0x00007fffdc160000 - 0x00007fffdc8a4000 	C:\Windows\System32\SHELL32.dll
0x00007fffd8950000 - 0x00007fffd90e4000 	C:\Windows\SYSTEM32\windows.storage.dll
0x00007fffdb3e0000 - 0x00007fffdb734000 	C:\Windows\System32\combase.dll
0x00007fffda1c0000 - 0x00007fffda1f0000 	C:\Windows\SYSTEM32\Wldp.dll
0x00007fffdc0b0000 - 0x00007fffdc15d000 	C:\Windows\System32\SHCORE.dll
0x00007fffdbc80000 - 0x00007fffdbcd5000 	C:\Windows\System32\shlwapi.dll
0x00007fffda770000 - 0x00007fffda78f000 	C:\Windows\SYSTEM32\profapi.dll
0x00007fffb05e0000 - 0x00007fffb05f9000 	D:\Descargas\IDAT -- CICLO5\prof.Huapalla\jdk-11.0.8\bin\net.dll
0x00007fffd1aa0000 - 0x00007fffd1baa000 	C:\Windows\SYSTEM32\WINHTTP.dll
0x00007fffd9f20000 - 0x00007fffd9f8a000 	C:\Windows\system32\mswsock.dll
0x00007fffb0190000 - 0x00007fffb01a2000 	D:\Descargas\IDAT -- CICLO5\prof.Huapalla\jdk-11.0.8\bin\nio.dll
0x0000000069ac0000 - 0x0000000069ae4000 	D:\Descargas\NetBeansss-14\NetBeans-14\netbeans\java\maven\lib\jansi-native\Windows\x86_64\jansi.dll

dbghelp: loaded successfully - version: 4.0.5 - missing functions: none
symbol engine: initialized successfully - sym options: 0x614 - pdb path: .;D:\Descargas\IDAT -- CICLO5\prof.Huapalla\jdk-11.0.8\bin;C:\Windows\SYSTEM32;C:\Windows\WinSxS\amd64_microsoft.windows.common-controls_6595b64144ccf1df_6.0.19041.1110_none_60b5254171f9507e;D:\Descargas\IDAT -- CICLO5\prof.Huapalla\jdk-11.0.8\bin\server;D:\Descargas\NetBeansss-14\NetBeans-14\netbeans\java\maven\lib\jansi-native\Windows\x86_64

VM Arguments:
jvm_args: -Dclassworlds.conf=D:\Descargas\NetBeansss-14\NetBeans-14\netbeans\java\maven\bin\m2.conf -Dmaven.home=D:\Descargas\NetBeansss-14\NetBeans-14\netbeans\java\maven -Dlibrary.jansi.path=D:\Descargas\NetBeansss-14\NetBeans-14\netbeans\java\maven\lib\jansi-native -Dmaven.multiModuleProjectDirectory=D:\Descargas 
java_command: org.codehaus.plexus.classworlds.launcher.Launcher -Dspring-boot.run.jvmArguments=-noverify -XX:TieredStopAtLevel=1 -Dspring-boot.run.mainClass=pe.com.escuelanueva.ServicioEscuelaNuevaApplication -Dexec.vmArgs= -Dexec.appArgs= -Dmaven.ext.class.path=D:\Descargas\NetBeansss-14\NetBeans-14\netbeans\java\maven-nblib\netbeans-eventspy.jar -Dfile.encoding=UTF-8 spring-boot:run
java_class_path (initial): D:\Descargas\NetBeansss-14\NetBeans-14\netbeans\java\maven\boot\plexus-classworlds-2.6.0.jar
Launcher Type: SUN_STANDARD

[Global flags]
     intx CICompilerCount                          = 3                                         {product} {ergonomic}
     uint ConcGCThreads                            = 1                                         {product} {ergonomic}
     uint G1ConcRefinementThreads                  = 4                                         {product} {ergonomic}
   size_t G1HeapRegionSize                         = 1048576                                   {product} {ergonomic}
    uintx GCDrainStackTargetSize                   = 64                                        {product} {ergonomic}
   size_t InitialHeapSize                          = 67108864                                  {product} {ergonomic}
   size_t MarkStackSize                            = 4194304                                   {product} {ergonomic}
   size_t MaxHeapSize                              = 1048576000                                {product} {ergonomic}
   size_t MaxNewSize                               = 629145600                                 {product} {ergonomic}
   size_t MinHeapDeltaBytes                        = 1048576                                   {product} {ergonomic}
    uintx NonNMethodCodeHeapSize                   = 5830732                                {pd product} {ergonomic}
    uintx NonProfiledCodeHeapSize                  = 122913754                              {pd product} {ergonomic}
    uintx ProfiledCodeHeapSize                     = 122913754                              {pd product} {ergonomic}
    uintx ReservedCodeCacheSize                    = 251658240                              {pd product} {ergonomic}
     bool SegmentedCodeCache                       = true                                      {product} {ergonomic}
     bool UseCompressedClassPointers               = true                                 {lp64_product} {ergonomic}
     bool UseCompressedOops                        = true                                 {lp64_product} {ergonomic}
     bool UseG1GC                                  = true                                      {product} {ergonomic}
     bool UseLargePagesIndividualAllocation        = false                                  {pd product} {ergonomic}

Logging:
Log output configuration:
 #0: stdout all=warning uptime,level,tags
 #1: stderr all=off uptime,level,tags

Environment Variables:
JAVA_HOME=D:\Descargas\IDAT -- CICLO5\prof.Huapalla\jdk-11.0.8
PATH=C:\Program Files\Microsoft\jdk-11.0.12.7-hotspot\bin;C:\Program Files\Common Files\Oracle\Java\javapath;C:\app\ADMIN\product\21c\dbhomeXE\bin;C:\Program Files (x86)\Common Files\Oracle\Java\javapath;C:\Windows\system32;C:\Windows;C:\Windows\System32\Wbem;C:\Windows\System32\WindowsPowerShell\v1.0\;C:\Windows\System32\OpenSSH\;C:\Program Files\Microsoft SQL Server\Client SDK\ODBC\170\Tools\Binn\;C:\Program Files (x86)\Microsoft SQL Server\150\Tools\Binn\;C:\Program Files\Microsoft SQL Server\150\Tools\Binn\;C:\Program Files\Microsoft SQL Server\150\DTS\Binn\;C:\Program Files (x86)\Microsoft SQL Server\150\DTS\Binn\;C:\Program Files\Azure Data Studio\bin;C:\Program Files\dotnet\;C:\Program Files\Microsoft SQL Server\130\Tools\Binn\;C:\Program Files (x86)\Rational\common;C:\Program Files\nodejs\;C:\Program Files\Git\cmd;C:\Users\ADMIN\AppData\Local\Microsoft\WindowsApps;;C:\Program Files\Azure Data Studio\bin;C:\Users\ADMIN\.dotnet\tools;C:\Users\ADMIN\AppData\Local\Programs\Microsoft VS Code\bin;C:\Users\ADMIN\AppData\Roaming\npm;C:\Program Files\heroku\bin
USERNAME=ADMIN
OS=Windows_NT
PROCESSOR_IDENTIFIER=Intel64 Family 6 Model 42 Stepping 7, GenuineIntel



---------------  S Y S T E M  ---------------

OS: Windows 10 , 64 bit Build 19041 (10.0.19041.1889)

CPU:total 4 (initial active 4) (2 cores per cpu, 2 threads per core) family 6 model 42 stepping 7, cmov, cx8, fxsr, mmx, sse, sse2, sse3, ssse3, sse4.1, sse4.2, popcnt, avx, clmul, ht, tsc, tscinvbit

Memory: 4k page, system-wide physical 3996M (369M free)
TotalPageFile size 6044M (AvailPageFile size 9M)
current process WorkingSet (physical memory assigned to process): 170M, peak: 172M
current process commit charge ("private bytes"): 205M, peak: 208M

vm_info: Java HotSpot(TM) 64-Bit Server VM (11.0.8+10-LTS) for windows-amd64 JRE (11.0.8+10-LTS), built on Jun 16 2020 05:53:08 by "mach5one" with unknown MS VC++:1916

END.
