#
# There is insufficient memory for the Java Runtime Environment to continue.
# Native memory allocation (malloc) failed to allocate 1794256 bytes for Chunk::new
# Possible reasons:
#   The system is out of physical RAM or swap space
#   The process is running with CompressedOops enabled, and the Java Heap may be blocking the growth of the native heap
# Possible solutions:
#   Reduce memory load on the system
#   Increase physical memory or swap space
#   Check if swap backing store is full
#   Decrease Java heap size (-Xmx/-Xms)
#   Decrease number of Java threads
#   Decrease Java thread stack sizes (-Xss)
#   Set larger code cache with -XX:ReservedCodeCacheSize=
#   JVM is running with Unscaled Compressed Oops mode in which the Java heap is
#     placed in the first 4GB address space. The Java Heap base address is the
#     maximum limit for the native heap growth. Please use -XX:HeapBaseMinAddress
#     to set the Java Heap base and to place the Java Heap above 4GB virtual address.
# This output file may be truncated or incomplete.
#
#  Out of Memory Error (./open/src/hotspot/share/memory/arena.cpp:197), pid=6720, tid=5464
#
# JRE version: Java(TM) SE Runtime Environment 18.9 (11.0.8+10) (build 11.0.8+10-LTS)
# Java VM: Java HotSpot(TM) 64-Bit Server VM 18.9 (11.0.8+10-LTS, mixed mode, tiered, compressed oops, g1 gc, windows-amd64)
# No core dump will be written. Minidumps are not enabled by default on client versions of Windows
#

---------------  S U M M A R Y ------------

Command Line: -Dclassworlds.conf=D:\Descargas\NetBeansss-14\NetBeans-14\netbeans\java\maven\bin\m2.conf -Dmaven.home=D:\Descargas\NetBeansss-14\NetBeans-14\netbeans\java\maven -Dlibrary.jansi.path=D:\Descargas\NetBeansss-14\NetBeans-14\netbeans\java\maven\lib\jansi-native -Dmaven.multiModuleProjectDirectory=D:\Descargas org.codehaus.plexus.classworlds.launcher.Launcher -Dspring-boot.run.jvmArguments=-noverify -XX:TieredStopAtLevel=1 -Dspring-boot.run.mainClass=pe.com.escuelanueva.ServicioEscuelaNuevaApplication -Dexec.vmArgs= -Dexec.appArgs= -Dmaven.ext.class.path=D:\Descargas\NetBeansss-14\NetBeans-14\netbeans\java\maven-nblib\netbeans-eventspy.jar -Dfile.encoding=UTF-8 spring-boot:run

Host: Intel(R) Core(TM) i3-2120 CPU @ 3.30GHz, 4 cores, 3G,  Windows 10 , 64 bit Build 19041 (10.0.19041.1889)
Time: Thu Sep 29 17:39:22 2022 Hora est. Pacífico, Sudamérica elapsed time: 4 seconds (0d 0h 0m 4s)

---------------  T H R E A D  ---------------

Current thread (0x000001aa50fe6800):  JavaThread "C2 CompilerThread1" daemon [_thread_in_native, id=5464, stack(0x0000006ef7500000,0x0000006ef7600000)]


Current CompileTask:
C2:   4112 3143   !   4       org.codehaus.plexus.interpolation.StringSearchInterpolator::interpolate (668 bytes)

Stack: [0x0000006ef7500000,0x0000006ef7600000]
Native frames: (J=compiled Java code, j=interpreted, Vv=VM code, C=native code)
V  [jvm.dll+0x601aea]
V  [jvm.dll+0x737fef]
V  [jvm.dll+0x739675]
V  [jvm.dll+0x739cf3]
V  [jvm.dll+0x242848]
V  [jvm.dll+0xb999c]
V  [jvm.dll+0xb9f2c]
V  [jvm.dll+0x3441a7]
V  [jvm.dll+0x312003]
V  [jvm.dll+0x31134a]
V  [jvm.dll+0x1fc2e5]
V  [jvm.dll+0x1fb49f]
V  [jvm.dll+0x17e0fc]
V  [jvm.dll+0x20aaa4]
V  [jvm.dll+0x208b7b]
V  [jvm.dll+0x6ff90c]
V  [jvm.dll+0x6f845c]
V  [jvm.dll+0x600d66]
C  [ucrtbase.dll+0x21bb2]
C  [KERNEL32.DLL+0x17034]
C  [ntdll.dll+0x52651]


---------------  P R O C E S S  ---------------

Threads class SMR info:
_java_thread_list=0x000001aa51252fc0, length=11, elements={
0x000001aa33ca9800, 0x000001aa5028f000, 0x000001aa5029d000, 0x000001aa502fe800,
0x000001aa50300800, 0x000001aa502a8800, 0x000001aa502b0800, 0x000001aa502b2000,
0x000001aa50585000, 0x000001aa5058d800, 0x000001aa50fe6800
}

Java Threads: ( => current thread )
  0x000001aa33ca9800 JavaThread "main" [_thread_in_vm, id=7296, stack(0x0000006ef6300000,0x0000006ef6400000)]
  0x000001aa5028f000 JavaThread "Reference Handler" daemon [_thread_blocked, id=10360, stack(0x0000006ef6a00000,0x0000006ef6b00000)]
  0x000001aa5029d000 JavaThread "Finalizer" daemon [_thread_blocked, id=11876, stack(0x0000006ef6b00000,0x0000006ef6c00000)]
  0x000001aa502fe800 JavaThread "Signal Dispatcher" daemon [_thread_blocked, id=2556, stack(0x0000006ef6c00000,0x0000006ef6d00000)]
  0x000001aa50300800 JavaThread "Attach Listener" daemon [_thread_blocked, id=10404, stack(0x0000006ef6d00000,0x0000006ef6e00000)]
  0x000001aa502a8800 JavaThread "C2 CompilerThread0" daemon [_thread_in_native, id=5984, stack(0x0000006ef6e00000,0x0000006ef6f00000)]
  0x000001aa502b0800 JavaThread "C1 CompilerThread0" daemon [_thread_blocked, id=4600, stack(0x0000006ef6f00000,0x0000006ef7000000)]
  0x000001aa502b2000 JavaThread "Sweeper thread" daemon [_thread_blocked, id=7420, stack(0x0000006ef7000000,0x0000006ef7100000)]
  0x000001aa50585000 JavaThread "Service Thread" daemon [_thread_blocked, id=10364, stack(0x0000006ef7100000,0x0000006ef7200000)]
  0x000001aa5058d800 JavaThread "Common-Cleaner" daemon [_thread_blocked, id=888, stack(0x0000006ef7300000,0x0000006ef7400000)]
=>0x000001aa50fe6800 JavaThread "C2 CompilerThread1" daemon [_thread_in_native, id=5464, stack(0x0000006ef7500000,0x0000006ef7600000)]

Other Threads:
  0x000001aa5026a000 VMThread "VM Thread" [stack: 0x0000006ef6900000,0x0000006ef6a00000] [id=8176]
  0x000001aa5058a800 WatcherThread [stack: 0x0000006ef7200000,0x0000006ef7300000] [id=11080]
  0x000001aa33cc1800 GCTaskThread "GC Thread#0" [stack: 0x0000006ef6400000,0x0000006ef6500000] [id=4688]
  0x000001aa50bfd800 GCTaskThread "GC Thread#1" [stack: 0x0000006ef7400000,0x0000006ef7500000] [id=1052]
  0x000001aa33cdb000 ConcurrentGCThread "G1 Main Marker" [stack: 0x0000006ef6500000,0x0000006ef6600000] [id=6776]
  0x000001aa33cdc800 ConcurrentGCThread "G1 Conc#0" [stack: 0x0000006ef6600000,0x0000006ef6700000] [id=10308]
  0x000001aa33d34800 ConcurrentGCThread "G1 Refine#0" [stack: 0x0000006ef6700000,0x0000006ef6800000] [id=5884]
  0x000001aa33d35800 ConcurrentGCThread "G1 Young RemSet Sampling" [stack: 0x0000006ef6800000,0x0000006ef6900000] [id=10508]

Threads with active compile tasks:
C2 CompilerThread0   4138 3285   !   4       org.apache.maven.model.Plugin::clone (204 bytes)
C2 CompilerThread1   4138 3143   !   4       org.codehaus.plexus.interpolation.StringSearchInterpolator::interpolate (668 bytes)

VM state:not at safepoint (normal execution)

VM Mutex/Monitor currently owned by a thread: None

Heap address: 0x00000000c1800000, size: 1000 MB, Compressed Oops mode: 32-bit
Narrow klass base: 0x0000000000000000, Narrow klass shift: 3
Compressed class space size: 1073741824 Address: 0x0000000100000000

Heap:
 garbage-first heap   total 78848K, used 14735K [0x00000000c1800000, 0x0000000100000000)
  region size 1024K, 6 young (6144K), 2 survivors (2048K)
 Metaspace       used 21367K, capacity 21748K, committed 22064K, reserved 1069056K
  class space    used 2226K, capacity 2355K, committed 2432K, reserved 1048576K
Heap Regions: E=young(eden), S=young(survivor), O=old, HS=humongous(starts), HC=humongous(continues), CS=collection set, F=free, A=archive, TAMS=top-at-mark-start (previous, next)
|   0|0x00000000c1800000, 0x00000000c1900000, 0x00000000c1900000|100%| O|  |TAMS 0x00000000c1900000, 0x00000000c1800000| Untracked 
|   1|0x00000000c1900000, 0x00000000c1a00000, 0x00000000c1a00000|100%| O|  |TAMS 0x00000000c1a00000, 0x00000000c1900000| Untracked 
|   2|0x00000000c1a00000, 0x00000000c1b00000, 0x00000000c1b00000|100%| O|  |TAMS 0x00000000c1b00000, 0x00000000c1a00000| Untracked 
|   3|0x00000000c1b00000, 0x00000000c1c00000, 0x00000000c1c00000|100%| O|  |TAMS 0x00000000c1c00000, 0x00000000c1b00000| Untracked 
|   4|0x00000000c1c00000, 0x00000000c1d00000, 0x00000000c1d00000|100%| O|  |TAMS 0x00000000c1d00000, 0x00000000c1c00000| Untracked 
|   5|0x00000000c1d00000, 0x00000000c1e00000, 0x00000000c1e00000|100%| O|  |TAMS 0x00000000c1e00000, 0x00000000c1d00000| Untracked 
|   6|0x00000000c1e00000, 0x00000000c1f00000, 0x00000000c1f00000|100%| O|  |TAMS 0x00000000c1f00000, 0x00000000c1e00000| Untracked 
|   7|0x00000000c1f00000, 0x00000000c2000000, 0x00000000c2000000|100%| O|  |TAMS 0x00000000c1f6d000, 0x00000000c1f00000| Untracked 
|   8|0x00000000c2000000, 0x00000000c2100000, 0x00000000c2100000|100%| O|  |TAMS 0x00000000c2000000, 0x00000000c2000000| Untracked 
|   9|0x00000000c2100000, 0x00000000c2198600, 0x00000000c2200000| 59%| O|  |TAMS 0x00000000c2100000, 0x00000000c2100000| Untracked 
|  10|0x00000000c2200000, 0x00000000c2200000, 0x00000000c2300000|  0%| F|  |TAMS 0x00000000c2200000, 0x00000000c2200000| Untracked 
|  11|0x00000000c2300000, 0x00000000c2300000, 0x00000000c2400000|  0%| F|  |TAMS 0x00000000c2300000, 0x00000000c2300000| Untracked 
|  12|0x00000000c2400000, 0x00000000c2400000, 0x00000000c2500000|  0%| F|  |TAMS 0x00000000c2400000, 0x00000000c2400000| Untracked 
|  13|0x00000000c2500000, 0x00000000c2500000, 0x00000000c2600000|  0%| F|  |TAMS 0x00000000c2500000, 0x00000000c2500000| Untracked 
|  14|0x00000000c2600000, 0x00000000c2600000, 0x00000000c2700000|  0%| F|  |TAMS 0x00000000c2600000, 0x00000000c2600000| Untracked 
|  15|0x00000000c2700000, 0x00000000c2700000, 0x00000000c2800000|  0%| F|  |TAMS 0x00000000c2700000, 0x00000000c2700000| Untracked 
|  16|0x00000000c2800000, 0x00000000c2800000, 0x00000000c2900000|  0%| F|  |TAMS 0x00000000c2800000, 0x00000000c2800000| Untracked 
|  17|0x00000000c2900000, 0x00000000c2900000, 0x00000000c2a00000|  0%| F|  |TAMS 0x00000000c2900000, 0x00000000c2900000| Untracked 
|  18|0x00000000c2a00000, 0x00000000c2a00000, 0x00000000c2b00000|  0%| F|  |TAMS 0x00000000c2a00000, 0x00000000c2a00000| Untracked 
|  19|0x00000000c2b00000, 0x00000000c2b00000, 0x00000000c2c00000|  0%| F|  |TAMS 0x00000000c2b00000, 0x00000000c2b00000| Untracked 
|  20|0x00000000c2c00000, 0x00000000c2c00000, 0x00000000c2d00000|  0%| F|  |TAMS 0x00000000c2c00000, 0x00000000c2c00000| Untracked 
|  21|0x00000000c2d00000, 0x00000000c2d00000, 0x00000000c2e00000|  0%| F|  |TAMS 0x00000000c2d00000, 0x00000000c2d00000| Untracked 
|  22|0x00000000c2e00000, 0x00000000c2e00000, 0x00000000c2f00000|  0%| F|  |TAMS 0x00000000c2e00000, 0x00000000c2e00000| Untracked 
|  23|0x00000000c2f00000, 0x00000000c2f00000, 0x00000000c3000000|  0%| F|  |TAMS 0x00000000c2f00000, 0x00000000c2f00000| Untracked 
|  24|0x00000000c3000000, 0x00000000c3000000, 0x00000000c3100000|  0%| F|  |TAMS 0x00000000c3000000, 0x00000000c3000000| Untracked 
|  25|0x00000000c3100000, 0x00000000c3100000, 0x00000000c3200000|  0%| F|  |TAMS 0x00000000c3100000, 0x00000000c3100000| Untracked 
|  26|0x00000000c3200000, 0x00000000c3200000, 0x00000000c3300000|  0%| F|  |TAMS 0x00000000c3200000, 0x00000000c3200000| Untracked 
|  27|0x00000000c3300000, 0x00000000c3300000, 0x00000000c3400000|  0%| F|  |TAMS 0x00000000c3300000, 0x00000000c3300000| Untracked 
|  28|0x00000000c3400000, 0x00000000c3400000, 0x00000000c3500000|  0%| F|  |TAMS 0x00000000c3400000, 0x00000000c3400000| Untracked 
|  29|0x00000000c3500000, 0x00000000c3500000, 0x00000000c3600000|  0%| F|  |TAMS 0x00000000c3500000, 0x00000000c3500000| Untracked 
|  30|0x00000000c3600000, 0x00000000c3600000, 0x00000000c3700000|  0%| F|  |TAMS 0x00000000c3600000, 0x00000000c3600000| Untracked 
|  31|0x00000000c3700000, 0x00000000c3700000, 0x00000000c3800000|  0%| F|  |TAMS 0x00000000c3700000, 0x00000000c3700000| Untracked 
|  32|0x00000000c3800000, 0x00000000c38cb8e0, 0x00000000c3900000| 79%| S|CS|TAMS 0x00000000c3800000, 0x00000000c3800000| Complete 
|  33|0x00000000c3900000, 0x00000000c3a00000, 0x00000000c3a00000|100%| S|CS|TAMS 0x00000000c3900000, 0x00000000c3900000| Complete 
|  34|0x00000000c3a00000, 0x00000000c3a00000, 0x00000000c3b00000|  0%| F|  |TAMS 0x00000000c3a00000, 0x00000000c3a00000| Untracked 
|  35|0x00000000c3b00000, 0x00000000c3b00000, 0x00000000c3c00000|  0%| F|  |TAMS 0x00000000c3b00000, 0x00000000c3b00000| Untracked 
|  36|0x00000000c3c00000, 0x00000000c3c00000, 0x00000000c3d00000|  0%| F|  |TAMS 0x00000000c3c00000, 0x00000000c3c00000| Untracked 
|  37|0x00000000c3d00000, 0x00000000c3d00000, 0x00000000c3e00000|  0%| F|  |TAMS 0x00000000c3d00000, 0x00000000c3d00000| Untracked 
|  38|0x00000000c3e00000, 0x00000000c3e00000, 0x00000000c3f00000|  0%| F|  |TAMS 0x00000000c3e00000, 0x00000000c3e00000| Untracked 
|  39|0x00000000c3f00000, 0x00000000c3f00000, 0x00000000c4000000|  0%| F|  |TAMS 0x00000000c3f00000, 0x00000000c3f00000| Untracked 
|  40|0x00000000c4000000, 0x00000000c4000000, 0x00000000c4100000|  0%| F|  |TAMS 0x00000000c4000000, 0x00000000c4000000| Untracked 
|  41|0x00000000c4100000, 0x00000000c4100000, 0x00000000c4200000|  0%| F|  |TAMS 0x00000000c4100000, 0x00000000c4100000| Untracked 
|  42|0x00000000c4200000, 0x00000000c4200000, 0x00000000c4300000|  0%| F|  |TAMS 0x00000000c4200000, 0x00000000c4200000| Untracked 
|  43|0x00000000c4300000, 0x00000000c4300000, 0x00000000c4400000|  0%| F|  |TAMS 0x00000000c4300000, 0x00000000c4300000| Untracked 
|  44|0x00000000c4400000, 0x00000000c4400000, 0x00000000c4500000|  0%| F|  |TAMS 0x00000000c4400000, 0x00000000c4400000| Untracked 
|  45|0x00000000c4500000, 0x00000000c4500000, 0x00000000c4600000|  0%| F|  |TAMS 0x00000000c4500000, 0x00000000c4500000| Untracked 
|  46|0x00000000c4600000, 0x00000000c4600000, 0x00000000c4700000|  0%| F|  |TAMS 0x00000000c4600000, 0x00000000c4600000| Untracked 
|  47|0x00000000c4700000, 0x00000000c4700000, 0x00000000c4800000|  0%| F|  |TAMS 0x00000000c4700000, 0x00000000c4700000| Untracked 
|  48|0x00000000c4800000, 0x00000000c4800000, 0x00000000c4900000|  0%| F|  |TAMS 0x00000000c4800000, 0x00000000c4800000| Untracked 
|  49|0x00000000c4900000, 0x00000000c4900000, 0x00000000c4a00000|  0%| F|  |TAMS 0x00000000c4900000, 0x00000000c4900000| Untracked 
|  50|0x00000000c4a00000, 0x00000000c4a00000, 0x00000000c4b00000|  0%| F|  |TAMS 0x00000000c4a00000, 0x00000000c4a00000| Untracked 
|  51|0x00000000c4b00000, 0x00000000c4b00000, 0x00000000c4c00000|  0%| F|  |TAMS 0x00000000c4b00000, 0x00000000c4b00000| Untracked 
|  52|0x00000000c4c00000, 0x00000000c4c00000, 0x00000000c4d00000|  0%| F|  |TAMS 0x00000000c4c00000, 0x00000000c4c00000| Untracked 
|  53|0x00000000c4d00000, 0x00000000c4d00000, 0x00000000c4e00000|  0%| F|  |TAMS 0x00000000c4d00000, 0x00000000c4d00000| Untracked 
|  54|0x00000000c4e00000, 0x00000000c4e00000, 0x00000000c4f00000|  0%| F|  |TAMS 0x00000000c4e00000, 0x00000000c4e00000| Untracked 
|  55|0x00000000c4f00000, 0x00000000c4f00000, 0x00000000c5000000|  0%| F|  |TAMS 0x00000000c4f00000, 0x00000000c4f00000| Untracked 
|  56|0x00000000c5000000, 0x00000000c5000000, 0x00000000c5100000|  0%| F|  |TAMS 0x00000000c5000000, 0x00000000c5000000| Untracked 
|  57|0x00000000c5100000, 0x00000000c5100000, 0x00000000c5200000|  0%| F|  |TAMS 0x00000000c5100000, 0x00000000c5100000| Untracked 
|  58|0x00000000c5200000, 0x00000000c5200000, 0x00000000c5300000|  0%| F|  |TAMS 0x00000000c5200000, 0x00000000c5200000| Untracked 
|  59|0x00000000c5300000, 0x00000000c5300000, 0x00000000c5400000|  0%| F|  |TAMS 0x00000000c5300000, 0x00000000c5300000| Untracked 
|  60|0x00000000c5400000, 0x00000000c5400000, 0x00000000c5500000|  0%| F|  |TAMS 0x00000000c5400000, 0x00000000c5400000| Untracked 
|  61|0x00000000c5500000, 0x00000000c5500000, 0x00000000c5600000|  0%| F|  |TAMS 0x00000000c5500000, 0x00000000c5500000| Untracked 
|  62|0x00000000c5600000, 0x00000000c5600000, 0x00000000c5700000|  0%| F|  |TAMS 0x00000000c5600000, 0x00000000c5600000| Untracked 
|  63|0x00000000c5700000, 0x00000000c5700000, 0x00000000c5800000|  0%| F|  |TAMS 0x00000000c5700000, 0x00000000c5700000| Untracked 
|  64|0x00000000c5800000, 0x00000000c5800000, 0x00000000c5900000|  0%| F|  |TAMS 0x00000000c5800000, 0x00000000c5800000| Untracked 
|  65|0x00000000c5900000, 0x00000000c5900000, 0x00000000c5a00000|  0%| F|  |TAMS 0x00000000c5900000, 0x00000000c5900000| Untracked 
|  66|0x00000000c5a00000, 0x00000000c5a00000, 0x00000000c5b00000|  0%| F|  |TAMS 0x00000000c5a00000, 0x00000000c5a00000| Untracked 
|  67|0x00000000c5b00000, 0x00000000c5b00000, 0x00000000c5c00000|  0%| F|  |TAMS 0x00000000c5b00000, 0x00000000c5b00000| Untracked 
|  68|0x00000000c5c00000, 0x00000000c5c00000, 0x00000000c5d00000|  0%| F|  |TAMS 0x00000000c5c00000, 0x00000000c5c00000| Untracked 
|  69|0x00000000c5d00000, 0x00000000c5d00000, 0x00000000c5e00000|  0%| F|  |TAMS 0x00000000c5d00000, 0x00000000c5d00000| Untracked 
|  70|0x00000000c5e00000, 0x00000000c5e00000, 0x00000000c5f00000|  0%| F|  |TAMS 0x00000000c5e00000, 0x00000000c5e00000| Untracked 
|  71|0x00000000c5f00000, 0x00000000c5f00000, 0x00000000c6000000|  0%| F|  |TAMS 0x00000000c5f00000, 0x00000000c5f00000| Untracked 
|  72|0x00000000c6000000, 0x00000000c6000000, 0x00000000c6100000|  0%| F|  |TAMS 0x00000000c6000000, 0x00000000c6000000| Untracked 
|  73|0x00000000c6100000, 0x00000000c6180800, 0x00000000c6200000| 50%| E|  |TAMS 0x00000000c6100000, 0x00000000c6100000| Complete 
|  74|0x00000000c6200000, 0x00000000c6300000, 0x00000000c6300000|100%| E|CS|TAMS 0x00000000c6200000, 0x00000000c6200000| Complete 
|  75|0x00000000c6300000, 0x00000000c6400000, 0x00000000c6400000|100%| E|CS|TAMS 0x00000000c6300000, 0x00000000c6300000| Complete 
|  76|0x00000000c6400000, 0x00000000c6500000, 0x00000000c6500000|100%| E|CS|TAMS 0x00000000c6400000, 0x00000000c6400000| Complete 

Card table byte_map: [0x000001aa4b2c0000,0x000001aa4b4c0000] _byte_map_base: 0x000001aa4acb4000

Marking Bits (Prev, Next): (CMBitMap*) 0x000001aa33cd68d0, (CMBitMap*) 0x000001aa33cd6898
 Prev Bits: [0x000001aa4c660000, 0x000001aa4d600000)
 Next Bits: [0x000001aa4b6c0000, 0x000001aa4c660000)

Polling page: 0x000001aa31b10000

Metaspace:

Usage:
  Non-class:     18.94 MB capacity,    18.69 MB ( 99%) used,   227.63 KB (  1%) free+waste,    24.44 KB ( <1%) overhead. 
      Class:      2.30 MB capacity,     2.17 MB ( 95%) used,   119.20 KB (  5%) free+waste,     9.56 KB ( <1%) overhead. 
       Both:     21.24 MB capacity,    20.87 MB ( 98%) used,   346.83 KB (  2%) free+waste,    34.00 KB ( <1%) overhead. 

Virtual space:
  Non-class space:       20.00 MB reserved,      19.17 MB ( 96%) committed 
      Class space:        1.00 GB reserved,       2.38 MB ( <1%) committed 
             Both:        1.02 GB reserved,      21.55 MB (  2%) committed 

Chunk freelists:
   Non-Class:  7.88 KB
       Class:  1.63 KB
        Both:  9.50 KB

CodeHeap 'non-profiled nmethods': size=120064Kb used=1539Kb max_used=1539Kb free=118524Kb
 bounds [0x000001aa43b80000, 0x000001aa43df0000, 0x000001aa4b0c0000]
CodeHeap 'profiled nmethods': size=120000Kb used=7288Kb max_used=7288Kb free=112711Kb
 bounds [0x000001aa3c650000, 0x000001aa3cd70000, 0x000001aa43b80000]
CodeHeap 'non-nmethods': size=5696Kb used=1106Kb max_used=1142Kb free=4589Kb
 bounds [0x000001aa3c0c0000, 0x000001aa3c330000, 0x000001aa3c650000]
 total_blobs=3707 nmethods=3294 adapters=324
 compilation: enabled
              stopped_count=0, restarted_count=0
 full_count=0

Compilation events (10 events):
Event: 4.092 Thread 0x000001aa502b0800 3283       3       org.apache.maven.model.management.DefaultDependencyManagementInjector$ManagementModelMerger::mergeManagedDependencies (151 bytes)
Event: 4.094 Thread 0x000001aa502b0800 nmethod 3283 0x000001aa3cd4c990 code [0x000001aa3cd4cd20, 0x000001aa3cd4e910]
Event: 4.094 Thread 0x000001aa502b0800 3284       3       org.apache.maven.model.validation.DefaultModelValidator::validateId (19 bytes)
Event: 4.094 Thread 0x000001aa502b0800 nmethod 3284 0x000001aa3cd4f210 code [0x000001aa3cd4f3c0, 0x000001aa3cd4f590]
Event: 4.095 Thread 0x000001aa502b0800 3288       3       java.util.regex.Pattern::sequence (645 bytes)
Event: 4.102 Thread 0x000001aa502b0800 nmethod 3288 0x000001aa3cd4f690 code [0x000001aa3cd4fe40, 0x000001aa3cd54b30]
Event: 4.102 Thread 0x000001aa502b0800 3289       3       java.util.regex.Pattern::expr (142 bytes)
Event: 4.104 Thread 0x000001aa502b0800 nmethod 3289 0x000001aa3cd56010 code [0x000001aa3cd562a0, 0x000001aa3cd56f90]
Event: 4.104 Thread 0x000001aa502b0800 3290       3       org.apache.maven.model.Organization::setLocation (156 bytes)
Event: 4.106 Thread 0x000001aa502b0800 nmethod 3290 0x000001aa3cd57410 code [0x000001aa3cd576c0, 0x000001aa3cd58760]

GC Heap History (10 events):
Event: 1.110 GC heap before
{Heap before GC invocations=1 (full 0):
 garbage-first heap   total 65536K, used 14439K [0x00000000c1800000, 0x0000000100000000)
  region size 1024K, 13 young (13312K), 2 survivors (2048K)
 Metaspace       used 12547K, capacity 12725K, committed 12928K, reserved 1060864K
  class space    used 1274K, capacity 1348K, committed 1408K, reserved 1048576K
}
Event: 1.117 GC heap after
{Heap after GC invocations=2 (full 0):
 garbage-first heap   total 65536K, used 3825K [0x00000000c1800000, 0x0000000100000000)
  region size 1024K, 1 young (1024K), 1 survivors (1024K)
 Metaspace       used 12547K, capacity 12725K, committed 12928K, reserved 1060864K
  class space    used 1274K, capacity 1348K, committed 1408K, reserved 1048576K
}
Event: 1.748 GC heap before
{Heap before GC invocations=2 (full 0):
 garbage-first heap   total 65536K, used 28401K [0x00000000c1800000, 0x0000000100000000)
  region size 1024K, 26 young (26624K), 1 survivors (1024K)
 Metaspace       used 15852K, capacity 16048K, committed 16256K, reserved 1062912K
  class space    used 1677K, capacity 1811K, committed 1920K, reserved 1048576K
}
Event: 1.752 GC heap after
{Heap after GC invocations=3 (full 0):
 garbage-first heap   total 65536K, used 4738K [0x00000000c1800000, 0x0000000100000000)
  region size 1024K, 2 young (2048K), 2 survivors (2048K)
 Metaspace       used 15852K, capacity 16048K, committed 16256K, reserved 1062912K
  class space    used 1677K, capacity 1811K, committed 1920K, reserved 1048576K
}
Event: 2.948 GC heap before
{Heap before GC invocations=3 (full 0):
 garbage-first heap   total 65536K, used 35458K [0x00000000c1800000, 0x0000000100000000)
  region size 1024K, 32 young (32768K), 2 survivors (2048K)
 Metaspace       used 20175K, capacity 20579K, committed 20736K, reserved 1067008K
  class space    used 2163K, capacity 2285K, committed 2304K, reserved 1048576K
}
Event: 2.962 GC heap after
{Heap after GC invocations=4 (full 0):
 garbage-first heap   total 65536K, used 7610K [0x00000000c1800000, 0x0000000100000000)
  region size 1024K, 4 young (4096K), 4 survivors (4096K)
 Metaspace       used 20175K, capacity 20579K, committed 20736K, reserved 1067008K
  class space    used 2163K, capacity 2285K, committed 2304K, reserved 1048576K
}
Event: 3.351 GC heap before
{Heap before GC invocations=4 (full 0):
 garbage-first heap   total 65536K, used 27066K [0x00000000c1800000, 0x0000000100000000)
  region size 1024K, 24 young (24576K), 4 survivors (4096K)
 Metaspace       used 20782K, capacity 21126K, committed 21296K, reserved 1069056K
  class space    used 2207K, capacity 2319K, committed 2432K, reserved 1048576K
}
Event: 3.371 GC heap after
{Heap after GC invocations=5 (full 0):
 garbage-first heap   total 65536K, used 10667K [0x00000000c1800000, 0x0000000100000000)
  region size 1024K, 3 young (3072K), 3 survivors (3072K)
 Metaspace       used 20782K, capacity 21126K, committed 21296K, reserved 1069056K
  class space    used 2207K, capacity 2319K, committed 2432K, reserved 1048576K
}
Event: 4.038 GC heap before
{Heap before GC invocations=6 (full 0):
 garbage-first heap   total 65536K, used 38315K [0x00000000c1800000, 0x0000000100000000)
  region size 1024K, 30 young (30720K), 3 survivors (3072K)
 Metaspace       used 21271K, capacity 21684K, committed 22064K, reserved 1069056K
  class space    used 2226K, capacity 2355K, committed 2432K, reserved 1048576K
}
Event: 4.049 GC heap after
{Heap after GC invocations=7 (full 0):
 garbage-first heap   total 78848K, used 11663K [0x00000000c1800000, 0x0000000100000000)
  region size 1024K, 2 young (2048K), 2 survivors (2048K)
 Metaspace       used 21271K, capacity 21684K, committed 22064K, reserved 1069056K
  class space    used 2226K, capacity 2355K, committed 2432K, reserved 1048576K
}

Deoptimization events (10 events):
Event: 3.535 Thread 0x000001aa33ca9800 Uncommon trap: reason=class_check action=maybe_recompile pc=0x000001aa43cb6cbc method=java.nio.charset.CharsetDecoder.decode(Ljava/nio/ByteBuffer;Ljava/nio/CharBuffer;Z)Ljava/nio/charset/CoderResult; @ 57 c2
Event: 3.537 Thread 0x000001aa33ca9800 Uncommon trap: reason=class_check action=maybe_recompile pc=0x000001aa43cb6cbc method=java.nio.charset.CharsetDecoder.decode(Ljava/nio/ByteBuffer;Ljava/nio/CharBuffer;Z)Ljava/nio/charset/CoderResult; @ 57 c2
Event: 3.561 Thread 0x000001aa33ca9800 Uncommon trap: reason=array_check action=maybe_recompile pc=0x000001aa43cc2914 method=java.util.AbstractCollection.toArray([Ljava/lang/Object;)[Ljava/lang/Object; @ 116 c2
Event: 3.562 Thread 0x000001aa33ca9800 Uncommon trap: reason=array_check action=maybe_recompile pc=0x000001aa43cc2914 method=java.util.AbstractCollection.toArray([Ljava/lang/Object;)[Ljava/lang/Object; @ 116 c2
Event: 3.562 Thread 0x000001aa33ca9800 Uncommon trap: reason=array_check action=maybe_recompile pc=0x000001aa43cc2914 method=java.util.AbstractCollection.toArray([Ljava/lang/Object;)[Ljava/lang/Object; @ 116 c2
Event: 3.562 Thread 0x000001aa33ca9800 Uncommon trap: reason=array_check action=maybe_recompile pc=0x000001aa43cc2914 method=java.util.AbstractCollection.toArray([Ljava/lang/Object;)[Ljava/lang/Object; @ 116 c2
Event: 3.594 Thread 0x000001aa33ca9800 Uncommon trap: reason=unstable_if action=reinterpret pc=0x000001aa43cc92e4 method=org.apache.maven.model.io.xpp3.MavenXpp3Reader.nextTag(Lorg/codehaus/plexus/util/xml/pull/XmlPullParser;)I @ 9 c2
Event: 3.663 Thread 0x000001aa33ca9800 Uncommon trap: reason=intrinsic_or_type_checked_inlining action=make_not_entrant pc=0x000001aa43cca438 method=java.util.Arrays.copyOf([Ljava/lang/Object;ILjava/lang/Class;)[Ljava/lang/Object; @ 35 c2
Event: 3.901 Thread 0x000001aa33ca9800 Uncommon trap: reason=unstable_if action=reinterpret pc=0x000001aa43cdc768 method=java.util.HashMap.getNode(ILjava/lang/Object;)Ljava/util/HashMap$Node; @ 53 c2
Event: 3.901 Thread 0x000001aa33ca9800 Uncommon trap: reason=unstable_if action=reinterpret pc=0x000001aa43be06ec method=java.util.HashMap.getNode(ILjava/lang/Object;)Ljava/util/HashMap$Node; @ 53 c2

Classes redefined (0 events):
No events

Internal exceptions (10 events):
Event: 0.966 Thread 0x000001aa33ca9800 Exception <a 'java/lang/NoClassDefFoundError'{0x00000000c54812d8}: javax/enterprise/inject/Typed> (0x00000000c54812d8) thrown at [./open/src/hotspot/share/classfile/systemDictionary.cpp, line 217]
Event: 2.118 Thread 0x000001aa33ca9800 Exception <a 'java/lang/NoClassDefFoundError'{0x00000000c4c17ed8}: com/google/inject/servlet/ServletModuleTargetVisitor> (0x00000000c4c17ed8) thrown at [./open/src/hotspot/share/classfile/systemDictionary.cpp, line 217]
Event: 2.118 Thread 0x000001aa33ca9800 Exception <a 'java/lang/NoClassDefFoundError'{0x00000000c4c17ed8}> (0x00000000c4c17ed8) thrown at [./open/src/hotspot/share/prims/jvm.cpp, line 1300]
Event: 2.245 Thread 0x000001aa33ca9800 Exception <a 'java/lang/NoSuchMethodError'{0x00000000c4a65358}: java.lang.invoke.DirectMethodHandle$Holder.invokeStaticInit(Ljava/lang/Object;IIII)Ljava/lang/Object;> (0x00000000c4a65358) thrown at [./open/src/hotspot/share/interpreter/linkResolver.cpp, l
Event: 2.460 Thread 0x000001aa33ca9800 Implicit null exception at 0x000001aa43ba7af4 to 0x000001aa43ba8082
Event: 2.460 Thread 0x000001aa33ca9800 Implicit null exception at 0x000001aa43bb2ff4 to 0x000001aa43bb3552
Event: 3.149 Thread 0x000001aa33ca9800 Implicit null exception at 0x000001aa43c7f31a to 0x000001aa43c7f55e
Event: 3.149 Thread 0x000001aa33ca9800 Implicit null exception at 0x000001aa43c5d3b2 to 0x000001aa43c5edc6
Event: 3.150 Thread 0x000001aa33ca9800 Implicit null exception at 0x000001aa43bdbe55 to 0x000001aa43bdc022
Event: 3.150 Thread 0x000001aa33ca9800 Implicit null exception at 0x000001aa43c2123b to 0x000001aa43c21928

Events (10 events):
Event: 4.029 loading class org/apache/maven/plugin/DefaultPluginRealmCache$CacheKey
Event: 4.029 loading class org/apache/maven/plugin/DefaultPluginRealmCache$CacheKey done
Event: 4.030 loading class org/apache/maven/plugin/CacheUtils
Event: 4.030 loading class org/apache/maven/plugin/CacheUtils done
Event: 4.031 loading class org/apache/maven/plugin/internal/PlexusUtilsInjector
Event: 4.031 loading class org/apache/maven/plugin/internal/PlexusUtilsInjector done
Event: 4.032 loading class org/apache/maven/plugin/internal/WagonExcluder
Event: 4.032 loading class org/apache/maven/plugin/internal/WagonExcluder done
Event: 4.038 Executing VM operation: G1CollectForAllocation
Event: 4.049 Executing VM operation: G1CollectForAllocation done


Dynamic libraries:
0x00007ff663970000 - 0x00007ff66397f000 	D:\Descargas\IDAT -- CICLO5\prof.Huapalla\jdk-11.0.8\bin\java.exe
0x00007fffdd110000 - 0x00007fffdd308000 	C:\Windows\SYSTEM32\ntdll.dll
0x00007fffdc8b0000 - 0x00007fffdc96d000 	C:\Windows\System32\KERNEL32.DLL
0x00007fffdabb0000 - 0x00007fffdae7e000 	C:\Windows\System32\KERNELBASE.dll
0x00007fffda900000 - 0x00007fffdaa00000 	C:\Windows\System32\ucrtbase.dll
0x00007fffcfa60000 - 0x00007fffcfa75000 	D:\Descargas\IDAT -- CICLO5\prof.Huapalla\jdk-11.0.8\bin\VCRUNTIME140.dll
0x00007fffd6570000 - 0x00007fffd6588000 	D:\Descargas\IDAT -- CICLO5\prof.Huapalla\jdk-11.0.8\bin\jli.dll
0x00007fffdb950000 - 0x00007fffdb9fe000 	C:\Windows\System32\ADVAPI32.dll
0x00007fffdb340000 - 0x00007fffdb3de000 	C:\Windows\System32\msvcrt.dll
0x00007fffdbb30000 - 0x00007fffdbbcc000 	C:\Windows\System32\sechost.dll
0x00007fffdcfa0000 - 0x00007fffdd0c5000 	C:\Windows\System32\RPCRT4.dll
0x00007fffdbce0000 - 0x00007fffdbe80000 	C:\Windows\System32\USER32.dll
0x00007fffdab10000 - 0x00007fffdab32000 	C:\Windows\System32\win32u.dll
0x00007fffdb920000 - 0x00007fffdb94a000 	C:\Windows\System32\GDI32.dll
0x00007fffdaa00000 - 0x00007fffdab0b000 	C:\Windows\System32\gdi32full.dll
0x00007fffda830000 - 0x00007fffda8cd000 	C:\Windows\System32\msvcp_win.dll
0x00007fffc55d0000 - 0x00007fffc586a000 	C:\Windows\WinSxS\amd64_microsoft.windows.common-controls_6595b64144ccf1df_6.0.19041.1110_none_60b5254171f9507e\COMCTL32.dll
0x00007fffce590000 - 0x00007fffce59a000 	C:\Windows\SYSTEM32\VERSION.dll
0x00007fffdc970000 - 0x00007fffdc9a0000 	C:\Windows\System32\IMM32.DLL
0x00007fffa4500000 - 0x00007fffa459b000 	D:\Descargas\IDAT -- CICLO5\prof.Huapalla\jdk-11.0.8\bin\msvcp140.dll
0x00007fff7e3e0000 - 0x00007fff7eec6000 	D:\Descargas\IDAT -- CICLO5\prof.Huapalla\jdk-11.0.8\bin\server\jvm.dll
0x00007fffdb7a0000 - 0x00007fffdb7a8000 	C:\Windows\System32\PSAPI.DLL
0x00007fffbbd70000 - 0x00007fffbbd79000 	C:\Windows\SYSTEM32\WSOCK32.dll
0x00007fffdb7c0000 - 0x00007fffdb82b000 	C:\Windows\System32\WS2_32.dll
0x00007fffc71c0000 - 0x00007fffc71e7000 	C:\Windows\SYSTEM32\WINMM.dll
0x00007fffd8750000 - 0x00007fffd8762000 	C:\Windows\SYSTEM32\kernel.appcore.dll
0x00007fffd5540000 - 0x00007fffd5550000 	D:\Descargas\IDAT -- CICLO5\prof.Huapalla\jdk-11.0.8\bin\verify.dll
0x00007fffc78b0000 - 0x00007fffc7a94000 	C:\Windows\SYSTEM32\DBGHELP.DLL
0x00007fffc7190000 - 0x00007fffc71bc000 	C:\Windows\SYSTEM32\dbgcore.DLL
0x00007fffdaf80000 - 0x00007fffdb002000 	C:\Windows\System32\bcryptPrimitives.dll
0x00007fffc6fe0000 - 0x00007fffc7008000 	D:\Descargas\IDAT -- CICLO5\prof.Huapalla\jdk-11.0.8\bin\java.dll
0x00007fffd5510000 - 0x00007fffd551a000 	D:\Descargas\IDAT -- CICLO5\prof.Huapalla\jdk-11.0.8\bin\jimage.dll
0x00007fffc6fc0000 - 0x00007fffc6fd6000 	D:\Descargas\IDAT -- CICLO5\prof.Huapalla\jdk-11.0.8\bin\zip.dll
0x00007fffdc160000 - 0x00007fffdc8a4000 	C:\Windows\System32\SHELL32.dll
0x00007fffd8950000 - 0x00007fffd90e4000 	C:\Windows\SYSTEM32\windows.storage.dll
0x00007fffdb3e0000 - 0x00007fffdb734000 	C:\Windows\System32\combase.dll
0x00007fffda1c0000 - 0x00007fffda1f0000 	C:\Windows\SYSTEM32\Wldp.dll
0x00007fffdc0b0000 - 0x00007fffdc15d000 	C:\Windows\System32\SHCORE.dll
0x00007fffdbc80000 - 0x00007fffdbcd5000 	C:\Windows\System32\shlwapi.dll
0x00007fffda770000 - 0x00007fffda78f000 	C:\Windows\SYSTEM32\profapi.dll
0x00007fffb05e0000 - 0x00007fffb05f9000 	D:\Descargas\IDAT -- CICLO5\prof.Huapalla\jdk-11.0.8\bin\net.dll
0x00007fffd1aa0000 - 0x00007fffd1baa000 	C:\Windows\SYSTEM32\WINHTTP.dll
0x00007fffd9f20000 - 0x00007fffd9f8a000 	C:\Windows\system32\mswsock.dll
0x00007fffb0190000 - 0x00007fffb01a2000 	D:\Descargas\IDAT -- CICLO5\prof.Huapalla\jdk-11.0.8\bin\nio.dll
0x0000000069ac0000 - 0x0000000069ae4000 	D:\Descargas\NetBeansss-14\NetBeans-14\netbeans\java\maven\lib\jansi-native\Windows\x86_64\jansi.dll

dbghelp: loaded successfully - version: 4.0.5 - missing functions: none
symbol engine: initialized successfully - sym options: 0x614 - pdb path: .;D:\Descargas\IDAT -- CICLO5\prof.Huapalla\jdk-11.0.8\bin;C:\Windows\SYSTEM32;C:\Windows\WinSxS\amd64_microsoft.windows.common-controls_6595b64144ccf1df_6.0.19041.1110_none_60b5254171f9507e;D:\Descargas\IDAT -- CICLO5\prof.Huapalla\jdk-11.0.8\bin\server;D:\Descargas\NetBeansss-14\NetBeans-14\netbeans\java\maven\lib\jansi-native\Windows\x86_64

VM Arguments:
jvm_args: -Dclassworlds.conf=D:\Descargas\NetBeansss-14\NetBeans-14\netbeans\java\maven\bin\m2.conf -Dmaven.home=D:\Descargas\NetBeansss-14\NetBeans-14\netbeans\java\maven -Dlibrary.jansi.path=D:\Descargas\NetBeansss-14\NetBeans-14\netbeans\java\maven\lib\jansi-native -Dmaven.multiModuleProjectDirectory=D:\Descargas 
java_command: org.codehaus.plexus.classworlds.launcher.Launcher -Dspring-boot.run.jvmArguments=-noverify -XX:TieredStopAtLevel=1 -Dspring-boot.run.mainClass=pe.com.escuelanueva.ServicioEscuelaNuevaApplication -Dexec.vmArgs= -Dexec.appArgs= -Dmaven.ext.class.path=D:\Descargas\NetBeansss-14\NetBeans-14\netbeans\java\maven-nblib\netbeans-eventspy.jar -Dfile.encoding=UTF-8 spring-boot:run
java_class_path (initial): D:\Descargas\NetBeansss-14\NetBeans-14\netbeans\java\maven\boot\plexus-classworlds-2.6.0.jar
Launcher Type: SUN_STANDARD

[Global flags]
     intx CICompilerCount                          = 3                                         {product} {ergonomic}
     uint ConcGCThreads                            = 1                                         {product} {ergonomic}
     uint G1ConcRefinementThreads                  = 4                                         {product} {ergonomic}
   size_t G1HeapRegionSize                         = 1048576                                   {product} {ergonomic}
    uintx GCDrainStackTargetSize                   = 64                                        {product} {ergonomic}
   size_t InitialHeapSize                          = 67108864                                  {product} {ergonomic}
   size_t MarkStackSize                            = 4194304                                   {product} {ergonomic}
   size_t MaxHeapSize                              = 1048576000                                {product} {ergonomic}
   size_t MaxNewSize                               = 629145600                                 {product} {ergonomic}
   size_t MinHeapDeltaBytes                        = 1048576                                   {product} {ergonomic}
    uintx NonNMethodCodeHeapSize                   = 5830732                                {pd product} {ergonomic}
    uintx NonProfiledCodeHeapSize                  = 122913754                              {pd product} {ergonomic}
    uintx ProfiledCodeHeapSize                     = 122913754                              {pd product} {ergonomic}
    uintx ReservedCodeCacheSize                    = 251658240                              {pd product} {ergonomic}
     bool SegmentedCodeCache                       = true                                      {product} {ergonomic}
     bool UseCompressedClassPointers               = true                                 {lp64_product} {ergonomic}
     bool UseCompressedOops                        = true                                 {lp64_product} {ergonomic}
     bool UseG1GC                                  = true                                      {product} {ergonomic}
     bool UseLargePagesIndividualAllocation        = false                                  {pd product} {ergonomic}

Logging:
Log output configuration:
 #0: stdout all=warning uptime,level,tags
 #1: stderr all=off uptime,level,tags

Environment Variables:
JAVA_HOME=D:\Descargas\IDAT -- CICLO5\prof.Huapalla\jdk-11.0.8
PATH=C:\Program Files\Microsoft\jdk-11.0.12.7-hotspot\bin;C:\Program Files\Common Files\Oracle\Java\javapath;C:\app\ADMIN\product\21c\dbhomeXE\bin;C:\Program Files (x86)\Common Files\Oracle\Java\javapath;C:\Windows\system32;C:\Windows;C:\Windows\System32\Wbem;C:\Windows\System32\WindowsPowerShell\v1.0\;C:\Windows\System32\OpenSSH\;C:\Program Files\Microsoft SQL Server\Client SDK\ODBC\170\Tools\Binn\;C:\Program Files (x86)\Microsoft SQL Server\150\Tools\Binn\;C:\Program Files\Microsoft SQL Server\150\Tools\Binn\;C:\Program Files\Microsoft SQL Server\150\DTS\Binn\;C:\Program Files (x86)\Microsoft SQL Server\150\DTS\Binn\;C:\Program Files\Azure Data Studio\bin;C:\Program Files\dotnet\;C:\Program Files\Microsoft SQL Server\130\Tools\Binn\;C:\Program Files (x86)\Rational\common;C:\Program Files\nodejs\;C:\Program Files\Git\cmd;C:\Users\ADMIN\AppData\Local\Microsoft\WindowsApps;;C:\Program Files\Azure Data Studio\bin;C:\Users\ADMIN\.dotnet\tools;C:\Users\ADMIN\AppData\Local\Programs\Microsoft VS Code\bin;C:\Users\ADMIN\AppData\Roaming\npm;C:\Program Files\heroku\bin
USERNAME=ADMIN
OS=Windows_NT
PROCESSOR_IDENTIFIER=Intel64 Family 6 Model 42 Stepping 7, GenuineIntel



---------------  S Y S T E M  ---------------

OS: Windows 10 , 64 bit Build 19041 (10.0.19041.1889)

CPU:total 4 (initial active 4) (2 cores per cpu, 2 threads per core) family 6 model 42 stepping 7, cmov, cx8, fxsr, mmx, sse, sse2, sse3, ssse3, sse4.1, sse4.2, popcnt, avx, clmul, ht, tsc, tscinvbit

Memory: 4k page, system-wide physical 3996M (467M free)
TotalPageFile size 6044M (AvailPageFile size 5M)
current process WorkingSet (physical memory assigned to process): 134M, peak: 134M
current process commit charge ("private bytes"): 197M, peak: 199M

vm_info: Java HotSpot(TM) 64-Bit Server VM (11.0.8+10-LTS) for windows-amd64 JRE (11.0.8+10-LTS), built on Jun 16 2020 05:53:08 by "mach5one" with unknown MS VC++:1916

END.
