#
# There is insufficient memory for the Java Runtime Environment to continue.
# Native memory allocation (malloc) failed to allocate 150736 bytes for Chunk::new
# Possible reasons:
#   The system is out of physical RAM or swap space
#   The process is running with CompressedOops enabled, and the Java Heap may be blocking the growth of the native heap
# Possible solutions:
#   Reduce memory load on the system
#   Increase physical memory or swap space
#   Check if swap backing store is full
#   Decrease Java heap size (-Xmx/-Xms)
#   Decrease number of Java threads
#   Decrease Java thread stack sizes (-Xss)
#   Set larger code cache with -XX:ReservedCodeCacheSize=
#   JVM is running with Unscaled Compressed Oops mode in which the Java heap is
#     placed in the first 4GB address space. The Java Heap base address is the
#     maximum limit for the native heap growth. Please use -XX:HeapBaseMinAddress
#     to set the Java Heap base and to place the Java Heap above 4GB virtual address.
# This output file may be truncated or incomplete.
#
#  Out of Memory Error (./open/src/hotspot/share/memory/arena.cpp:197), pid=7568, tid=9916
#
# JRE version: Java(TM) SE Runtime Environment 18.9 (11.0.8+10) (build 11.0.8+10-LTS)
# Java VM: Java HotSpot(TM) 64-Bit Server VM 18.9 (11.0.8+10-LTS, mixed mode, tiered, compressed oops, g1 gc, windows-amd64)
# No core dump will be written. Minidumps are not enabled by default on client versions of Windows
#

---------------  S U M M A R Y ------------

Command Line: -Dclassworlds.conf=D:\Descargas\NetBeansss-14\NetBeans-14\netbeans\java\maven\bin\m2.conf -Dmaven.home=D:\Descargas\NetBeansss-14\NetBeans-14\netbeans\java\maven -Dlibrary.jansi.path=D:\Descargas\NetBeansss-14\NetBeans-14\netbeans\java\maven\lib\jansi-native -Dmaven.multiModuleProjectDirectory=D:\Descargas org.codehaus.plexus.classworlds.launcher.Launcher -Dmaven.ext.class.path=D:\Descargas\NetBeansss-14\NetBeans-14\netbeans\java\maven-nblib\netbeans-eventspy.jar -Dfile.encoding=UTF-8 clean install

Host: Intel(R) Core(TM) i3-2120 CPU @ 3.30GHz, 4 cores, 3G,  Windows 10 , 64 bit Build 19041 (10.0.19041.1889)
Time: Thu Sep 29 18:23:29 2022 Hora est. Pacífico, Sudamérica elapsed time: 0 seconds (0d 0h 0m 0s)

---------------  T H R E A D  ---------------

Current thread (0x000001769dcb1800):  JavaThread "C2 CompilerThread0" daemon [_thread_in_native, id=9916, stack(0x0000001402300000,0x0000001402400000)]


Current CompileTask:
C2:    412  450       4       java.util.zip.ZipFile$Source::getEntryPos (206 bytes)

Stack: [0x0000001402300000,0x0000001402400000]
Native frames: (J=compiled Java code, j=interpreted, Vv=VM code, C=native code)
V  [jvm.dll+0x601aea]
V  [jvm.dll+0x737fef]
V  [jvm.dll+0x739675]
V  [jvm.dll+0x739cf3]
V  [jvm.dll+0x242848]
V  [jvm.dll+0xb999c]
V  [jvm.dll+0xb9f2c]
V  [jvm.dll+0x344162]
V  [jvm.dll+0x312003]
V  [jvm.dll+0x31134a]
V  [jvm.dll+0x1fc2e5]
V  [jvm.dll+0x1fb49f]
V  [jvm.dll+0x17e0fc]
V  [jvm.dll+0x20aaa4]
V  [jvm.dll+0x208b7b]
V  [jvm.dll+0x6ff90c]
V  [jvm.dll+0x6f845c]
V  [jvm.dll+0x600d66]
C  [ucrtbase.dll+0x21bb2]
C  [KERNEL32.DLL+0x17034]
C  [ntdll.dll+0x52651]


---------------  P R O C E S S  ---------------

Threads class SMR info:
_java_thread_list=0x000001769df18d50, length=10, elements={
0x00000176ffa78800, 0x000001769dc1c000, 0x000001769dc4a000, 0x000001769dcad800,
0x000001769dcaf800, 0x000001769dcb1800, 0x000001769dc5b000, 0x000001769dc60800,
0x000001769df30800, 0x000001769df3b800
}

Java Threads: ( => current thread )
  0x00000176ffa78800 JavaThread "main" [_thread_in_vm, id=4528, stack(0x0000001401800000,0x0000001401900000)]
  0x000001769dc1c000 JavaThread "Reference Handler" daemon [_thread_blocked, id=3400, stack(0x0000001401f00000,0x0000001402000000)]
  0x000001769dc4a000 JavaThread "Finalizer" daemon [_thread_blocked, id=7708, stack(0x0000001402000000,0x0000001402100000)]
  0x000001769dcad800 JavaThread "Signal Dispatcher" daemon [_thread_blocked, id=3108, stack(0x0000001402100000,0x0000001402200000)]
  0x000001769dcaf800 JavaThread "Attach Listener" daemon [_thread_blocked, id=9564, stack(0x0000001402200000,0x0000001402300000)]
=>0x000001769dcb1800 JavaThread "C2 CompilerThread0" daemon [_thread_in_native, id=9916, stack(0x0000001402300000,0x0000001402400000)]
  0x000001769dc5b000 JavaThread "C1 CompilerThread0" daemon [_thread_blocked, id=8532, stack(0x0000001402400000,0x0000001402500000)]
  0x000001769dc60800 JavaThread "Sweeper thread" daemon [_thread_blocked, id=10544, stack(0x0000001402500000,0x0000001402600000)]
  0x000001769df30800 JavaThread "Service Thread" daemon [_thread_blocked, id=8828, stack(0x0000001402600000,0x0000001402700000)]
  0x000001769df3b800 JavaThread "Common-Cleaner" daemon [_thread_blocked, id=9920, stack(0x0000001402800000,0x0000001402900000)]

Other Threads:
  0x000001769dc18800 VMThread "VM Thread" [stack: 0x0000001401e00000,0x0000001401f00000] [id=3312]
  0x000001769df37000 WatcherThread [stack: 0x0000001402700000,0x0000001402800000] [id=1808]
  0x00000176ffa8f800 GCTaskThread "GC Thread#0" [stack: 0x0000001401900000,0x0000001401a00000] [id=9768]
  0x00000176ffaa9000 ConcurrentGCThread "G1 Main Marker" [stack: 0x0000001401a00000,0x0000001401b00000] [id=2264]
  0x00000176ffaab000 ConcurrentGCThread "G1 Conc#0" [stack: 0x0000001401b00000,0x0000001401c00000] [id=6828]
  0x00000176ffb00800 ConcurrentGCThread "G1 Refine#0" [stack: 0x0000001401c00000,0x0000001401d00000] [id=8796]
  0x00000176ffb02800 ConcurrentGCThread "G1 Young RemSet Sampling" [stack: 0x0000001401d00000,0x0000001401e00000] [id=10892]

Threads with active compile tasks:
C2 CompilerThread0    457  450       4       java.util.zip.ZipFile$Source::getEntryPos (206 bytes)

VM state:not at safepoint (normal execution)

VM Mutex/Monitor currently owned by a thread: None

Heap address: 0x00000000c1800000, size: 1000 MB, Compressed Oops mode: 32-bit
Narrow klass base: 0x0000000000000000, Narrow klass shift: 3
Compressed class space size: 1073741824 Address: 0x0000000100000000

Heap:
 garbage-first heap   total 65536K, used 7168K [0x00000000c1800000, 0x0000000100000000)
  region size 1024K, 8 young (8192K), 0 survivors (0K)
 Metaspace       used 8286K, capacity 8414K, committed 8576K, reserved 1056768K
  class space    used 736K, capacity 804K, committed 896K, reserved 1048576K
Heap Regions: E=young(eden), S=young(survivor), O=old, HS=humongous(starts), HC=humongous(continues), CS=collection set, F=free, A=archive, TAMS=top-at-mark-start (previous, next)
|   0|0x00000000c1800000, 0x00000000c1800000, 0x00000000c1900000|  0%| F|  |TAMS 0x00000000c1800000, 0x00000000c1800000| Untracked 
|   1|0x00000000c1900000, 0x00000000c1900000, 0x00000000c1a00000|  0%| F|  |TAMS 0x00000000c1900000, 0x00000000c1900000| Untracked 
|   2|0x00000000c1a00000, 0x00000000c1a00000, 0x00000000c1b00000|  0%| F|  |TAMS 0x00000000c1a00000, 0x00000000c1a00000| Untracked 
|   3|0x00000000c1b00000, 0x00000000c1b00000, 0x00000000c1c00000|  0%| F|  |TAMS 0x00000000c1b00000, 0x00000000c1b00000| Untracked 
|   4|0x00000000c1c00000, 0x00000000c1c00000, 0x00000000c1d00000|  0%| F|  |TAMS 0x00000000c1c00000, 0x00000000c1c00000| Untracked 
|   5|0x00000000c1d00000, 0x00000000c1d00000, 0x00000000c1e00000|  0%| F|  |TAMS 0x00000000c1d00000, 0x00000000c1d00000| Untracked 
|   6|0x00000000c1e00000, 0x00000000c1e00000, 0x00000000c1f00000|  0%| F|  |TAMS 0x00000000c1e00000, 0x00000000c1e00000| Untracked 
|   7|0x00000000c1f00000, 0x00000000c1f00000, 0x00000000c2000000|  0%| F|  |TAMS 0x00000000c1f00000, 0x00000000c1f00000| Untracked 
|   8|0x00000000c2000000, 0x00000000c2000000, 0x00000000c2100000|  0%| F|  |TAMS 0x00000000c2000000, 0x00000000c2000000| Untracked 
|   9|0x00000000c2100000, 0x00000000c2100000, 0x00000000c2200000|  0%| F|  |TAMS 0x00000000c2100000, 0x00000000c2100000| Untracked 
|  10|0x00000000c2200000, 0x00000000c2200000, 0x00000000c2300000|  0%| F|  |TAMS 0x00000000c2200000, 0x00000000c2200000| Untracked 
|  11|0x00000000c2300000, 0x00000000c2300000, 0x00000000c2400000|  0%| F|  |TAMS 0x00000000c2300000, 0x00000000c2300000| Untracked 
|  12|0x00000000c2400000, 0x00000000c2400000, 0x00000000c2500000|  0%| F|  |TAMS 0x00000000c2400000, 0x00000000c2400000| Untracked 
|  13|0x00000000c2500000, 0x00000000c2500000, 0x00000000c2600000|  0%| F|  |TAMS 0x00000000c2500000, 0x00000000c2500000| Untracked 
|  14|0x00000000c2600000, 0x00000000c2600000, 0x00000000c2700000|  0%| F|  |TAMS 0x00000000c2600000, 0x00000000c2600000| Untracked 
|  15|0x00000000c2700000, 0x00000000c2700000, 0x00000000c2800000|  0%| F|  |TAMS 0x00000000c2700000, 0x00000000c2700000| Untracked 
|  16|0x00000000c2800000, 0x00000000c2800000, 0x00000000c2900000|  0%| F|  |TAMS 0x00000000c2800000, 0x00000000c2800000| Untracked 
|  17|0x00000000c2900000, 0x00000000c2900000, 0x00000000c2a00000|  0%| F|  |TAMS 0x00000000c2900000, 0x00000000c2900000| Untracked 
|  18|0x00000000c2a00000, 0x00000000c2a00000, 0x00000000c2b00000|  0%| F|  |TAMS 0x00000000c2a00000, 0x00000000c2a00000| Untracked 
|  19|0x00000000c2b00000, 0x00000000c2b00000, 0x00000000c2c00000|  0%| F|  |TAMS 0x00000000c2b00000, 0x00000000c2b00000| Untracked 
|  20|0x00000000c2c00000, 0x00000000c2c00000, 0x00000000c2d00000|  0%| F|  |TAMS 0x00000000c2c00000, 0x00000000c2c00000| Untracked 
|  21|0x00000000c2d00000, 0x00000000c2d00000, 0x00000000c2e00000|  0%| F|  |TAMS 0x00000000c2d00000, 0x00000000c2d00000| Untracked 
|  22|0x00000000c2e00000, 0x00000000c2e00000, 0x00000000c2f00000|  0%| F|  |TAMS 0x00000000c2e00000, 0x00000000c2e00000| Untracked 
|  23|0x00000000c2f00000, 0x00000000c2f00000, 0x00000000c3000000|  0%| F|  |TAMS 0x00000000c2f00000, 0x00000000c2f00000| Untracked 
|  24|0x00000000c3000000, 0x00000000c3000000, 0x00000000c3100000|  0%| F|  |TAMS 0x00000000c3000000, 0x00000000c3000000| Untracked 
|  25|0x00000000c3100000, 0x00000000c3100000, 0x00000000c3200000|  0%| F|  |TAMS 0x00000000c3100000, 0x00000000c3100000| Untracked 
|  26|0x00000000c3200000, 0x00000000c3200000, 0x00000000c3300000|  0%| F|  |TAMS 0x00000000c3200000, 0x00000000c3200000| Untracked 
|  27|0x00000000c3300000, 0x00000000c3300000, 0x00000000c3400000|  0%| F|  |TAMS 0x00000000c3300000, 0x00000000c3300000| Untracked 
|  28|0x00000000c3400000, 0x00000000c3400000, 0x00000000c3500000|  0%| F|  |TAMS 0x00000000c3400000, 0x00000000c3400000| Untracked 
|  29|0x00000000c3500000, 0x00000000c3500000, 0x00000000c3600000|  0%| F|  |TAMS 0x00000000c3500000, 0x00000000c3500000| Untracked 
|  30|0x00000000c3600000, 0x00000000c3600000, 0x00000000c3700000|  0%| F|  |TAMS 0x00000000c3600000, 0x00000000c3600000| Untracked 
|  31|0x00000000c3700000, 0x00000000c3700000, 0x00000000c3800000|  0%| F|  |TAMS 0x00000000c3700000, 0x00000000c3700000| Untracked 
|  32|0x00000000c3800000, 0x00000000c3800000, 0x00000000c3900000|  0%| F|  |TAMS 0x00000000c3800000, 0x00000000c3800000| Untracked 
|  33|0x00000000c3900000, 0x00000000c3900000, 0x00000000c3a00000|  0%| F|  |TAMS 0x00000000c3900000, 0x00000000c3900000| Untracked 
|  34|0x00000000c3a00000, 0x00000000c3a00000, 0x00000000c3b00000|  0%| F|  |TAMS 0x00000000c3a00000, 0x00000000c3a00000| Untracked 
|  35|0x00000000c3b00000, 0x00000000c3b00000, 0x00000000c3c00000|  0%| F|  |TAMS 0x00000000c3b00000, 0x00000000c3b00000| Untracked 
|  36|0x00000000c3c00000, 0x00000000c3c00000, 0x00000000c3d00000|  0%| F|  |TAMS 0x00000000c3c00000, 0x00000000c3c00000| Untracked 
|  37|0x00000000c3d00000, 0x00000000c3d00000, 0x00000000c3e00000|  0%| F|  |TAMS 0x00000000c3d00000, 0x00000000c3d00000| Untracked 
|  38|0x00000000c3e00000, 0x00000000c3e00000, 0x00000000c3f00000|  0%| F|  |TAMS 0x00000000c3e00000, 0x00000000c3e00000| Untracked 
|  39|0x00000000c3f00000, 0x00000000c3f00000, 0x00000000c4000000|  0%| F|  |TAMS 0x00000000c3f00000, 0x00000000c3f00000| Untracked 
|  40|0x00000000c4000000, 0x00000000c4000000, 0x00000000c4100000|  0%| F|  |TAMS 0x00000000c4000000, 0x00000000c4000000| Untracked 
|  41|0x00000000c4100000, 0x00000000c4100000, 0x00000000c4200000|  0%| F|  |TAMS 0x00000000c4100000, 0x00000000c4100000| Untracked 
|  42|0x00000000c4200000, 0x00000000c4200000, 0x00000000c4300000|  0%| F|  |TAMS 0x00000000c4200000, 0x00000000c4200000| Untracked 
|  43|0x00000000c4300000, 0x00000000c4300000, 0x00000000c4400000|  0%| F|  |TAMS 0x00000000c4300000, 0x00000000c4300000| Untracked 
|  44|0x00000000c4400000, 0x00000000c4400000, 0x00000000c4500000|  0%| F|  |TAMS 0x00000000c4400000, 0x00000000c4400000| Untracked 
|  45|0x00000000c4500000, 0x00000000c4500000, 0x00000000c4600000|  0%| F|  |TAMS 0x00000000c4500000, 0x00000000c4500000| Untracked 
|  46|0x00000000c4600000, 0x00000000c4600000, 0x00000000c4700000|  0%| F|  |TAMS 0x00000000c4600000, 0x00000000c4600000| Untracked 
|  47|0x00000000c4700000, 0x00000000c4700000, 0x00000000c4800000|  0%| F|  |TAMS 0x00000000c4700000, 0x00000000c4700000| Untracked 
|  48|0x00000000c4800000, 0x00000000c4800000, 0x00000000c4900000|  0%| F|  |TAMS 0x00000000c4800000, 0x00000000c4800000| Untracked 
|  49|0x00000000c4900000, 0x00000000c4900000, 0x00000000c4a00000|  0%| F|  |TAMS 0x00000000c4900000, 0x00000000c4900000| Untracked 
|  50|0x00000000c4a00000, 0x00000000c4a00000, 0x00000000c4b00000|  0%| F|  |TAMS 0x00000000c4a00000, 0x00000000c4a00000| Untracked 
|  51|0x00000000c4b00000, 0x00000000c4b00000, 0x00000000c4c00000|  0%| F|  |TAMS 0x00000000c4b00000, 0x00000000c4b00000| Untracked 
|  52|0x00000000c4c00000, 0x00000000c4c00000, 0x00000000c4d00000|  0%| F|  |TAMS 0x00000000c4c00000, 0x00000000c4c00000| Untracked 
|  53|0x00000000c4d00000, 0x00000000c4d00000, 0x00000000c4e00000|  0%| F|  |TAMS 0x00000000c4d00000, 0x00000000c4d00000| Untracked 
|  54|0x00000000c4e00000, 0x00000000c4e00000, 0x00000000c4f00000|  0%| F|  |TAMS 0x00000000c4e00000, 0x00000000c4e00000| Untracked 
|  55|0x00000000c4f00000, 0x00000000c4f00000, 0x00000000c5000000|  0%| F|  |TAMS 0x00000000c4f00000, 0x00000000c4f00000| Untracked 
|  56|0x00000000c5000000, 0x00000000c5100000, 0x00000000c5100000|100%| E|  |TAMS 0x00000000c5000000, 0x00000000c5000000| Complete 
|  57|0x00000000c5100000, 0x00000000c5200000, 0x00000000c5200000|100%| E|CS|TAMS 0x00000000c5100000, 0x00000000c5100000| Complete 
|  58|0x00000000c5200000, 0x00000000c5300000, 0x00000000c5300000|100%| E|CS|TAMS 0x00000000c5200000, 0x00000000c5200000| Complete 
|  59|0x00000000c5300000, 0x00000000c5400000, 0x00000000c5400000|100%| E|CS|TAMS 0x00000000c5300000, 0x00000000c5300000| Complete 
|  60|0x00000000c5400000, 0x00000000c5500000, 0x00000000c5500000|100%| E|CS|TAMS 0x00000000c5400000, 0x00000000c5400000| Complete 
|  61|0x00000000c5500000, 0x00000000c5600000, 0x00000000c5600000|100%| E|CS|TAMS 0x00000000c5500000, 0x00000000c5500000| Complete 
|  62|0x00000000c5600000, 0x00000000c5700000, 0x00000000c5700000|100%| E|CS|TAMS 0x00000000c5600000, 0x00000000c5600000| Complete 
|  63|0x00000000c5700000, 0x00000000c5800000, 0x00000000c5800000|100%| E|CS|TAMS 0x00000000c5700000, 0x00000000c5700000| Complete 

Card table byte_map: [0x0000017698b60000,0x0000017698d60000] _byte_map_base: 0x0000017698554000

Marking Bits (Prev, Next): (CMBitMap*) 0x00000176ffaa4278, (CMBitMap*) 0x00000176ffaa42b0
 Prev Bits: [0x0000017698f60000, 0x0000017699f00000)
 Next Bits: [0x0000017699f00000, 0x000001769aea0000)

Polling page: 0x00000176ff7f0000

Metaspace:

Usage:
  Non-class:      7.49 MB capacity,     7.42 MB (>99%) used,    66.32 KB ( <1%) free+waste,     5.44 KB ( <1%) overhead. 
      Class:    804.00 KB capacity,   741.73 KB ( 92%) used,    59.96 KB (  7%) free+waste,     2.31 KB ( <1%) overhead. 
       Both:      8.28 MB capacity,     8.15 MB ( 98%) used,   126.28 KB (  1%) free+waste,     7.75 KB ( <1%) overhead. 

Virtual space:
  Non-class space:        8.00 MB reserved,       7.50 MB ( 94%) committed 
      Class space:        1.00 GB reserved,     896.00 KB ( <1%) committed 
             Both:        1.01 GB reserved,       8.38 MB ( <1%) committed 

Chunk freelists:
   Non-Class:  768 bytes
       Class:  3.50 KB
        Both:  4.25 KB

CodeHeap 'non-profiled nmethods': size=120064Kb used=124Kb max_used=124Kb free=119939Kb
 bounds [0x0000017691200000, 0x0000017691470000, 0x0000017698740000]
CodeHeap 'profiled nmethods': size=120000Kb used=854Kb max_used=854Kb free=119145Kb
 bounds [0x0000017689cd0000, 0x0000017689f40000, 0x0000017691200000]
CodeHeap 'non-nmethods': size=5696Kb used=1062Kb max_used=1070Kb free=4633Kb
 bounds [0x0000017689740000, 0x00000176899b0000, 0x0000017689cd0000]
 total_blobs=846 nmethods=496 adapters=262
 compilation: enabled
              stopped_count=0, restarted_count=0
 full_count=0

Compilation events (10 events):
Event: 0.400 Thread 0x000001769dc5b000 nmethod 456 0x0000017689d80e90 code [0x0000017689d81040, 0x0000017689d811d0]
Event: 0.401 Thread 0x000001769dc5b000  457       3       org.codehaus.plexus.util.xml.pull.MXParser::nextImpl (1202 bytes)
Event: 0.407 Thread 0x000001769dc5b000 nmethod 457 0x0000017689d81290 code [0x0000017689d81980, 0x0000017689d854a0]
Event: 0.407 Thread 0x000001769dc5b000  462       3       java.util.HashSet::add (20 bytes)
Event: 0.408 Thread 0x000001769dc5b000 nmethod 462 0x0000017689d86610 code [0x0000017689d867c0, 0x0000017689d86a50]
Event: 0.408 Thread 0x000001769dc5b000  459       3       org.codehaus.plexus.util.xml.pull.MXParser::next (10 bytes)
Event: 0.408 Thread 0x000001769dc5b000 nmethod 459 0x0000017689d86b10 code [0x0000017689d86cc0, 0x0000017689d86e70]
Event: 0.408 Thread 0x000001769dc5b000  463       3       java.util.LinkedHashMap::afterNodeInsertion (40 bytes)
Event: 0.408 Thread 0x000001769dc5b000 nmethod 463 0x0000017689d86f10 code [0x0000017689d87100, 0x0000017689d875d0]
Event: 0.408 Thread 0x000001769dc5b000  464       3       java.util.jar.JarFile::maybeInstantiateVerifier (112 bytes)

GC Heap History (0 events):
No events

Deoptimization events (2 events):
Event: 0.119 Thread 0x00000176ffa78800 Uncommon trap: reason=unstable_if action=reinterpret pc=0x0000017691204128 method=java.lang.String.hashCode()I @ 14 c2
Event: 0.226 Thread 0x00000176ffa78800 Uncommon trap: reason=unstable_if action=reinterpret pc=0x000001769120ca80 method=java.io.WinNTFileSystem.isSlash(C)Z @ 9 c2

Classes redefined (0 events):
No events

Internal exceptions (10 events):
Event: 0.246 Thread 0x00000176ffa78800 Exception <a 'java/lang/NoSuchMethodError'{0x00000000c54a2e18}: java.lang.invoke.DirectMethodHandle$Holder.invokeSpecialIFC(Ljava/lang/Object;Ljava/lang/Object;I)I> (0x00000000c54a2e18) thrown at [./open/src/hotspot/share/interpreter/linkResolver.cpp, lin
Event: 0.264 Thread 0x00000176ffa78800 Exception <a 'java/lang/NullPointerException'{0x00000000c530a770}> (0x00000000c530a770) thrown at [./open/src/hotspot/share/interpreter/linkResolver.cpp, line 1354]
Event: 0.284 Thread 0x00000176ffa78800 Exception <a 'java/lang/NullPointerException'{0x00000000c533db08}> (0x00000000c533db08) thrown at [./open/src/hotspot/share/interpreter/linkResolver.cpp, line 1354]
Event: 0.285 Thread 0x00000176ffa78800 Exception <a 'java/lang/NullPointerException'{0x00000000c533ddd8}> (0x00000000c533ddd8) thrown at [./open/src/hotspot/share/interpreter/linkResolver.cpp, line 1354]
Event: 0.285 Thread 0x00000176ffa78800 Exception <a 'java/lang/NullPointerException'{0x00000000c533e0a8}> (0x00000000c533e0a8) thrown at [./open/src/hotspot/share/interpreter/linkResolver.cpp, line 1354]
Event: 0.285 Thread 0x00000176ffa78800 Exception <a 'java/lang/NullPointerException'{0x00000000c53448f8}> (0x00000000c53448f8) thrown at [./open/src/hotspot/share/interpreter/linkResolver.cpp, line 1354]
Event: 0.288 Thread 0x00000176ffa78800 Exception <a 'java/lang/NullPointerException'{0x00000000c535bc40}> (0x00000000c535bc40) thrown at [./open/src/hotspot/share/interpreter/linkResolver.cpp, line 1354]
Event: 0.288 Thread 0x00000176ffa78800 Exception <a 'java/lang/NullPointerException'{0x00000000c535bf10}> (0x00000000c535bf10) thrown at [./open/src/hotspot/share/interpreter/linkResolver.cpp, line 1354]
Event: 0.288 Thread 0x00000176ffa78800 Exception <a 'java/lang/NullPointerException'{0x00000000c535c1e0}> (0x00000000c535c1e0) thrown at [./open/src/hotspot/share/interpreter/linkResolver.cpp, line 1354]
Event: 0.288 Thread 0x00000176ffa78800 Exception <a 'java/lang/NullPointerException'{0x00000000c535c4b0}> (0x00000000c535c4b0) thrown at [./open/src/hotspot/share/interpreter/linkResolver.cpp, line 1354]

Events (10 events):
Event: 0.405 loading class org/codehaus/plexus/ContainerConfiguration
Event: 0.405 loading class org/codehaus/plexus/ContainerConfiguration done
Event: 0.406 loading class org/apache/maven/extension/internal/CoreExports
Event: 0.406 loading class org/apache/maven/extension/internal/CoreExports done
Event: 0.407 loading class java/util/LinkedHashMap$LinkedEntrySet
Event: 0.407 loading class java/util/LinkedHashMap$LinkedEntrySet done
Event: 0.407 loading class java/util/LinkedHashMap$LinkedEntryIterator
Event: 0.407 loading class java/util/LinkedHashMap$LinkedEntryIterator done
Event: 0.408 loading class org/codehaus/plexus/DefaultPlexusContainer
Event: 0.408 loading class org/codehaus/plexus/DefaultPlexusContainer done


Dynamic libraries:
0x00007ff7d7f40000 - 0x00007ff7d7f4f000 	D:\Descargas\IDAT -- CICLO5\prof.Huapalla\jdk-11.0.8\bin\java.exe
0x00007ff813170000 - 0x00007ff813368000 	C:\Windows\SYSTEM32\ntdll.dll
0x00007ff811bb0000 - 0x00007ff811c6d000 	C:\Windows\System32\KERNEL32.DLL
0x00007ff810a60000 - 0x00007ff810d2e000 	C:\Windows\System32\KERNELBASE.dll
0x00007ff8110d0000 - 0x00007ff8111d0000 	C:\Windows\System32\ucrtbase.dll
0x00007ff8010b0000 - 0x00007ff8010c8000 	D:\Descargas\IDAT -- CICLO5\prof.Huapalla\jdk-11.0.8\bin\jli.dll
0x00007ff80add0000 - 0x00007ff80ade5000 	D:\Descargas\IDAT -- CICLO5\prof.Huapalla\jdk-11.0.8\bin\VCRUNTIME140.dll
0x00007ff8118a0000 - 0x00007ff81194e000 	C:\Windows\System32\ADVAPI32.dll
0x00007ff811800000 - 0x00007ff81189e000 	C:\Windows\System32\msvcrt.dll
0x00007ff812e80000 - 0x00007ff812f1c000 	C:\Windows\System32\sechost.dll
0x00007ff812d50000 - 0x00007ff812e75000 	C:\Windows\System32\RPCRT4.dll
0x00007ff811950000 - 0x00007ff811af0000 	C:\Windows\System32\USER32.dll
0x00007ff810900000 - 0x00007ff810922000 	C:\Windows\System32\win32u.dll
0x00007ff812780000 - 0x00007ff8127aa000 	C:\Windows\System32\GDI32.dll
0x00007ff810d30000 - 0x00007ff810e3b000 	C:\Windows\System32\gdi32full.dll
0x00007ff8109c0000 - 0x00007ff810a5d000 	C:\Windows\System32\msvcp_win.dll
0x00007fffec950000 - 0x00007fffecbea000 	C:\Windows\WinSxS\amd64_microsoft.windows.common-controls_6595b64144ccf1df_6.0.19041.1110_none_60b5254171f9507e\COMCTL32.dll
0x00007ff804ed0000 - 0x00007ff804eda000 	C:\Windows\SYSTEM32\VERSION.dll
0x00007ff811b80000 - 0x00007ff811bb0000 	C:\Windows\System32\IMM32.DLL
0x00007ff80ac60000 - 0x00007ff80acfb000 	D:\Descargas\IDAT -- CICLO5\prof.Huapalla\jdk-11.0.8\bin\msvcp140.dll
0x00007fffcfcb0000 - 0x00007fffd0796000 	D:\Descargas\IDAT -- CICLO5\prof.Huapalla\jdk-11.0.8\bin\server\jvm.dll
0x00007ff812f20000 - 0x00007ff812f28000 	C:\Windows\System32\PSAPI.DLL
0x00007ffff0b10000 - 0x00007ffff0b19000 	C:\Windows\SYSTEM32\WSOCK32.dll
0x00007ff8111d0000 - 0x00007ff81123b000 	C:\Windows\System32\WS2_32.dll
0x00007ffffe160000 - 0x00007ffffe187000 	C:\Windows\SYSTEM32\WINMM.dll
0x00007ff80e7b0000 - 0x00007ff80e7c2000 	C:\Windows\SYSTEM32\kernel.appcore.dll
0x00007ff80c720000 - 0x00007ff80c730000 	D:\Descargas\IDAT -- CICLO5\prof.Huapalla\jdk-11.0.8\bin\verify.dll
0x00007ffffe960000 - 0x00007ffffeb44000 	C:\Windows\SYSTEM32\DBGHELP.DLL
0x00007ffffdb70000 - 0x00007ffffdb9c000 	C:\Windows\SYSTEM32\dbgcore.DLL
0x00007ff810930000 - 0x00007ff8109b2000 	C:\Windows\System32\bcryptPrimitives.dll
0x00007ff80ad60000 - 0x00007ff80ad88000 	D:\Descargas\IDAT -- CICLO5\prof.Huapalla\jdk-11.0.8\bin\java.dll
0x00007ff80c220000 - 0x00007ff80c22a000 	D:\Descargas\IDAT -- CICLO5\prof.Huapalla\jdk-11.0.8\bin\jimage.dll
0x00007ff80ad40000 - 0x00007ff80ad56000 	D:\Descargas\IDAT -- CICLO5\prof.Huapalla\jdk-11.0.8\bin\zip.dll
0x00007ff811c70000 - 0x00007ff8123b4000 	C:\Windows\System32\SHELL32.dll
0x00007ff80e9b0000 - 0x00007ff80f144000 	C:\Windows\SYSTEM32\windows.storage.dll
0x00007ff812420000 - 0x00007ff812774000 	C:\Windows\System32\combase.dll
0x00007ff810220000 - 0x00007ff810250000 	C:\Windows\SYSTEM32\Wldp.dll
0x00007ff8127b0000 - 0x00007ff81285d000 	C:\Windows\System32\SHCORE.dll
0x00007ff8123c0000 - 0x00007ff812415000 	C:\Windows\System32\shlwapi.dll
0x00007ff8107d0000 - 0x00007ff8107ef000 	C:\Windows\SYSTEM32\profapi.dll
0x00007ff80ad20000 - 0x00007ff80ad39000 	D:\Descargas\IDAT -- CICLO5\prof.Huapalla\jdk-11.0.8\bin\net.dll
0x00007ff8035d0000 - 0x00007ff8036da000 	C:\Windows\SYSTEM32\WINHTTP.dll
0x00007ff80ff80000 - 0x00007ff80ffea000 	C:\Windows\system32\mswsock.dll
0x00007ff80ad00000 - 0x00007ff80ad12000 	D:\Descargas\IDAT -- CICLO5\prof.Huapalla\jdk-11.0.8\bin\nio.dll
0x0000000069ac0000 - 0x0000000069ae4000 	D:\Descargas\NetBeansss-14\NetBeans-14\netbeans\java\maven\lib\jansi-native\Windows\x86_64\jansi.dll

dbghelp: loaded successfully - version: 4.0.5 - missing functions: none
symbol engine: initialized successfully - sym options: 0x614 - pdb path: .;D:\Descargas\IDAT -- CICLO5\prof.Huapalla\jdk-11.0.8\bin;C:\Windows\SYSTEM32;C:\Windows\WinSxS\amd64_microsoft.windows.common-controls_6595b64144ccf1df_6.0.19041.1110_none_60b5254171f9507e;D:\Descargas\IDAT -- CICLO5\prof.Huapalla\jdk-11.0.8\bin\server;D:\Descargas\NetBeansss-14\NetBeans-14\netbeans\java\maven\lib\jansi-native\Windows\x86_64

VM Arguments:
jvm_args: -Dclassworlds.conf=D:\Descargas\NetBeansss-14\NetBeans-14\netbeans\java\maven\bin\m2.conf -Dmaven.home=D:\Descargas\NetBeansss-14\NetBeans-14\netbeans\java\maven -Dlibrary.jansi.path=D:\Descargas\NetBeansss-14\NetBeans-14\netbeans\java\maven\lib\jansi-native -Dmaven.multiModuleProjectDirectory=D:\Descargas 
java_command: org.codehaus.plexus.classworlds.launcher.Launcher -Dmaven.ext.class.path=D:\Descargas\NetBeansss-14\NetBeans-14\netbeans\java\maven-nblib\netbeans-eventspy.jar -Dfile.encoding=UTF-8 clean install
java_class_path (initial): D:\Descargas\NetBeansss-14\NetBeans-14\netbeans\java\maven\boot\plexus-classworlds-2.6.0.jar
Launcher Type: SUN_STANDARD

[Global flags]
     intx CICompilerCount                          = 3                                         {product} {ergonomic}
     uint ConcGCThreads                            = 1                                         {product} {ergonomic}
     uint G1ConcRefinementThreads                  = 4                                         {product} {ergonomic}
   size_t G1HeapRegionSize                         = 1048576                                   {product} {ergonomic}
    uintx GCDrainStackTargetSize                   = 64                                        {product} {ergonomic}
   size_t InitialHeapSize                          = 67108864                                  {product} {ergonomic}
   size_t MarkStackSize                            = 4194304                                   {product} {ergonomic}
   size_t MaxHeapSize                              = 1048576000                                {product} {ergonomic}
   size_t MaxNewSize                               = 629145600                                 {product} {ergonomic}
   size_t MinHeapDeltaBytes                        = 1048576                                   {product} {ergonomic}
    uintx NonNMethodCodeHeapSize                   = 5830732                                {pd product} {ergonomic}
    uintx NonProfiledCodeHeapSize                  = 122913754                              {pd product} {ergonomic}
    uintx ProfiledCodeHeapSize                     = 122913754                              {pd product} {ergonomic}
    uintx ReservedCodeCacheSize                    = 251658240                              {pd product} {ergonomic}
     bool SegmentedCodeCache                       = true                                      {product} {ergonomic}
     bool UseCompressedClassPointers               = true                                 {lp64_product} {ergonomic}
     bool UseCompressedOops                        = true                                 {lp64_product} {ergonomic}
     bool UseG1GC                                  = true                                      {product} {ergonomic}
     bool UseLargePagesIndividualAllocation        = false                                  {pd product} {ergonomic}

Logging:
Log output configuration:
 #0: stdout all=warning uptime,level,tags
 #1: stderr all=off uptime,level,tags

Environment Variables:
JAVA_HOME=D:\Descargas\IDAT -- CICLO5\prof.Huapalla\jdk-11.0.8
PATH=C:\Program Files\Microsoft\jdk-11.0.12.7-hotspot\bin;C:\Program Files\Common Files\Oracle\Java\javapath;C:\app\ADMIN\product\21c\dbhomeXE\bin;C:\Program Files (x86)\Common Files\Oracle\Java\javapath;C:\Windows\system32;C:\Windows;C:\Windows\System32\Wbem;C:\Windows\System32\WindowsPowerShell\v1.0\;C:\Windows\System32\OpenSSH\;C:\Program Files\Microsoft SQL Server\Client SDK\ODBC\170\Tools\Binn\;C:\Program Files (x86)\Microsoft SQL Server\150\Tools\Binn\;C:\Program Files\Microsoft SQL Server\150\Tools\Binn\;C:\Program Files\Microsoft SQL Server\150\DTS\Binn\;C:\Program Files (x86)\Microsoft SQL Server\150\DTS\Binn\;C:\Program Files\Azure Data Studio\bin;C:\Program Files\dotnet\;C:\Program Files\Microsoft SQL Server\130\Tools\Binn\;C:\Program Files (x86)\Rational\common;C:\Program Files\nodejs\;C:\Program Files\Git\cmd;C:\Users\ADMIN\AppData\Local\Microsoft\WindowsApps;;C:\Program Files\Azure Data Studio\bin;C:\Users\ADMIN\.dotnet\tools;C:\Users\ADMIN\AppData\Local\Programs\Microsoft VS Code\bin;C:\Users\ADMIN\AppData\Roaming\npm;C:\Program Files\heroku\bin
USERNAME=ADMIN
OS=Windows_NT
PROCESSOR_IDENTIFIER=Intel64 Family 6 Model 42 Stepping 7, GenuineIntel



---------------  S Y S T E M  ---------------

OS: Windows 10 , 64 bit Build 19041 (10.0.19041.1889)

CPU:total 4 (initial active 4) (2 cores per cpu, 2 threads per core) family 6 model 42 stepping 7, cmov, cx8, fxsr, mmx, sse, sse2, sse3, ssse3, sse4.1, sse4.2, popcnt, avx, clmul, ht, tsc, tscinvbit

Memory: 4k page, system-wide physical 3996M (317M free)
TotalPageFile size 6044M (AvailPageFile size 3M)
current process WorkingSet (physical memory assigned to process): 46M, peak: 46M
current process commit charge ("private bytes"): 137M, peak: 137M

vm_info: Java HotSpot(TM) 64-Bit Server VM (11.0.8+10-LTS) for windows-amd64 JRE (11.0.8+10-LTS), built on Jun 16 2020 05:53:08 by "mach5one" with unknown MS VC++:1916

END.
